<?xml version="1.0" encoding="UTF-8"?>
<!-- Generated by org.testng.reporters.JUnitReportReporter -->
<testsuite hostname="travis-job-29e4e04f-b922-420b-a989-87fd7dcacef0" name="quickdt.predictiveModels.splitOnAttributePredictiveModel.SplitOnAttributePMBuilderTest" tests="3" failures="0" timestamp="28 Jun 2019 20:42:43 GMT" time="6.472" errors="0">
  <testcase name="simpleBmiTest" time="4.679" classname="quickdt.predictiveModels.splitOnAttributePredictiveModel.SplitOnAttributePMBuilderTest"/>
  <testcase name="simpleBmiTestNoSplit" time="0.697" classname="quickdt.predictiveModels.splitOnAttributePredictiveModel.SplitOnAttributePMBuilderTest"/>
  <testcase name="simpleBmiTestSplit" time="1.096" classname="quickdt.predictiveModels.splitOnAttributePredictiveModel.SplitOnAttributePMBuilderTest"/>
</testsuite> <!-- quickdt.predictiveModels.splitOnAttributePredictiveModel.SplitOnAttributePMBuilderTest -->
