<?xml version="1.0" encoding="UTF-8"?>
<!-- Generated by org.testng.reporters.JUnitReportReporter -->
<testsuite hostname="travis-job-29e4e04f-b922-420b-a989-87fd7dcacef0" name="quickdt.MiscTest" tests="1" failures="0" timestamp="28 Jun 2019 20:42:43 GMT" time="0.003" errors="0">
  <testcase name="testGetEntryWithLowestValue" time="0.003" classname="quickdt.MiscTest"/>
</testsuite> <!-- quickdt.MiscTest -->
