<?xml version="1.0" encoding="UTF-8"?>
<!-- Generated by org.testng.reporters.JUnitReportReporter -->
<testsuite hostname="travis-job-29e4e04f-b922-420b-a989-87fd7dcacef0" name="quickdt.predictiveModels.decisionTree.TreeBuilderTest" tests="4" failures="0" timestamp="28 Jun 2019 20:42:43 GMT" time="0.754" errors="0">
  <testcase name="simpleBmiTestNoSplit" time="0.130" classname="quickdt.predictiveModels.decisionTree.TreeBuilderTest"/>
  <testcase name="simpleBmiTestSplit" time="0.143" classname="quickdt.predictiveModels.decisionTree.TreeBuilderTest"/>
  <testcase name="simpleBmiTest" time="0.136" classname="quickdt.predictiveModels.decisionTree.TreeBuilderTest"/>
  <testcase name="simpleBmiTestRebuild" time="0.345" classname="quickdt.predictiveModels.decisionTree.TreeBuilderTest"/>
</testsuite> <!-- quickdt.predictiveModels.decisionTree.TreeBuilderTest -->
