<?xml version="1.0" encoding="UTF-8"?>
<!-- Generated by org.testng.reporters.JUnitReportReporter -->
<testsuite hostname="travis-job-6e7ff1af-1c83-4685-b9db-85af37f7b13e" name="quickdt.crossValidation.CrossValidatorTest" tests="1" failures="0" timestamp="28 Jun 2019 20:49:05 GMT" time="0.031" errors="0">
  <testcase name="testCrossValidator" time="0.031" classname="quickdt.crossValidation.CrossValidatorTest"/>
</testsuite> <!-- quickdt.crossValidation.CrossValidatorTest -->
