<?xml version="1.0" encoding="UTF-8"?>
<!-- Generated by org.testng.reporters.JUnitReportReporter -->
<testsuite hostname="travis-job-29e4e04f-b922-420b-a989-87fd7dcacef0" name="quickdt.predictiveModels.downsamplingPredictiveModel.DownsamplingPredictiveModelBuilderTest" tests="2" failures="0" timestamp="28 Jun 2019 20:42:43 GMT" time="0.536" errors="0">
  <testcase name="simpleTest" time="0.029" classname="quickdt.predictiveModels.downsamplingPredictiveModel.DownsamplingPredictiveModelBuilderTest"/>
  <testcase name="simpleBmiTest" time="0.507" classname="quickdt.predictiveModels.downsamplingPredictiveModel.DownsamplingPredictiveModelBuilderTest"/>
</testsuite> <!-- quickdt.predictiveModels.downsamplingPredictiveModel.DownsamplingPredictiveModelBuilderTest -->
