<?xml version="1.0" encoding="UTF-8"?>
<!-- Generated by org.testng.reporters.JUnitReportReporter -->
<testsuite hostname="travis-job-29e4e04f-b922-420b-a989-87fd7dcacef0" name="quickdt.predictiveModels.randomForest.RandomForestBuilderTest" tests="3" failures="0" timestamp="28 Jun 2019 20:42:43 GMT" time="6.259" errors="0">
  <testcase name="simpleBmiTestNoSplit" time="1.863" classname="quickdt.predictiveModels.randomForest.RandomForestBuilderTest"/>
  <testcase name="simpleBmiTestSplit" time="2.969" classname="quickdt.predictiveModels.randomForest.RandomForestBuilderTest"/>
  <testcase name="simpleBmiTest" time="1.427" classname="quickdt.predictiveModels.randomForest.RandomForestBuilderTest"/>
</testsuite> <!-- quickdt.predictiveModels.randomForest.RandomForestBuilderTest -->
