<?xml version="1.0" encoding="UTF-8"?>
<!-- Generated by org.testng.reporters.JUnitReportReporter -->
<testsuite hostname="travis-job-29e4e04f-b922-420b-a989-87fd7dcacef0" name="quickdt.predictiveModelOptimizer.PredictiveModelOptimizerTest" tests="1" failures="0" timestamp="28 Jun 2019 20:42:43 GMT" time="10.417" errors="0">
  <testcase name="irisTest" time="10.417" classname="quickdt.predictiveModelOptimizer.PredictiveModelOptimizerTest"/>
</testsuite> <!-- quickdt.predictiveModelOptimizer.PredictiveModelOptimizerTest -->
