<?xml version="1.0" encoding="UTF-8"?>
<!-- Generated by org.testng.reporters.JUnitReportReporter -->
<testsuite hostname="travis-job-29e4e04f-b922-420b-a989-87fd7dcacef0" name="quickdt.ClassificationCounterTest" tests="3" failures="0" timestamp="28 Jun 2019 20:42:43 GMT" time="0.001" errors="0">
  <testcase name="testSubtract" time="0.000" classname="quickdt.ClassificationCounterTest"/>
  <testcase name="testAdd" time="0.000" classname="quickdt.ClassificationCounterTest"/>
  <testcase name="testMerge" time="0.001" classname="quickdt.ClassificationCounterTest"/>
</testsuite> <!-- quickdt.ClassificationCounterTest -->
