<?xml version="1.0" encoding="UTF-8"?>
<!-- Generated by org.testng.reporters.JUnitReportReporter -->
<testsuite hostname="travis-job-29e4e04f-b922-420b-a989-87fd7dcacef0" name="quickdt.predictiveModels.calibratedPredictiveModel.PAVCalibratedPredictiveModelBuilderTest" tests="3" failures="0" timestamp="28 Jun 2019 20:42:43 GMT" time="3.386" errors="0">
  <testcase name="simpleBmiTestNoSplit" time="0.319" classname="quickdt.predictiveModels.calibratedPredictiveModel.PAVCalibratedPredictiveModelBuilderTest"/>
  <testcase name="simpleBmiTestSplit" time="0.574" classname="quickdt.predictiveModels.calibratedPredictiveModel.PAVCalibratedPredictiveModelBuilderTest"/>
  <testcase name="simpleBmiTest" time="2.493" classname="quickdt.predictiveModels.calibratedPredictiveModel.PAVCalibratedPredictiveModelBuilderTest"/>
</testsuite> <!-- quickdt.predictiveModels.calibratedPredictiveModel.PAVCalibratedPredictiveModelBuilderTest -->
