<?xml version="1.0" encoding="UTF-8"?>
<!-- Generated by org.testng.reporters.JUnitReportReporter -->
<testsuite hostname="travis-job-3afffb0c-585b-47c0-9e4d-a216860e9e5e" name="quickdt.crossValidation.WeightedAUCCrossValLossTest" tests="7" failures="0" timestamp="28 Jun 2019 20:51:11 GMT" time="0.078" errors="0">
  <testcase name="testGetTotalLoss" time="0.008" classname="quickdt.crossValidation.WeightedAUCCrossValLossTest"/>
  <testcase name="testGetAUCPoint" time="0.000" classname="quickdt.crossValidation.WeightedAUCCrossValLossTest"/>
  <testcase name="testGetAucPointsFromData" time="0.000" classname="quickdt.crossValidation.WeightedAUCCrossValLossTest"/>
  <testcase name="testAgainstMahout" time="0.065" classname="quickdt.crossValidation.WeightedAUCCrossValLossTest"/>
  <testcase name="testOnlySupportBinaryClassifications" time="0.004" classname="quickdt.crossValidation.WeightedAUCCrossValLossTest"/>
  <testcase name="testTotalLossNoData" time="0.000" classname="quickdt.crossValidation.WeightedAUCCrossValLossTest"/>
  <testcase name="testSortDataByProbability" time="0.001" classname="quickdt.crossValidation.WeightedAUCCrossValLossTest"/>
</testsuite> <!-- quickdt.crossValidation.WeightedAUCCrossValLossTest -->
