<?xml version="1.0" encoding="UTF-8"?>
<!-- Generated by org.testng.reporters.JUnitReportReporter -->
<testsuite hostname="travis-job-3afffb0c-585b-47c0-9e4d-a216860e9e5e" name="quickdt.crossValidation.MSECrossValLossTest" tests="1" failures="0" timestamp="28 Jun 2019 20:51:11 GMT" time="0.028" errors="0">
  <testcase name="testGetTotalLoss" time="0.028" classname="quickdt.crossValidation.MSECrossValLossTest"/>
</testsuite> <!-- quickdt.crossValidation.MSECrossValLossTest -->
