<?xml version="1.0" encoding="UTF-8"?>
<!-- Generated by org.testng.reporters.JUnitReportReporter -->
<testsuite hostname="travis-job-042c8728-ff1b-4eb4-b0a4-16941c0c4450" name="quickdt.predictiveModels.calibratedPredictiveModel.PAVCalibratedPredictiveModelBuilderTest" tests="3" failures="0" timestamp="28 Jun 2019 20:46:42 GMT" time="3.449" errors="0">
  <testcase name="simpleBmiTestSplit" time="0.640" classname="quickdt.predictiveModels.calibratedPredictiveModel.PAVCalibratedPredictiveModelBuilderTest"/>
  <testcase name="simpleBmiTest" time="2.491" classname="quickdt.predictiveModels.calibratedPredictiveModel.PAVCalibratedPredictiveModelBuilderTest"/>
  <testcase name="simpleBmiTestNoSplit" time="0.318" classname="quickdt.predictiveModels.calibratedPredictiveModel.PAVCalibratedPredictiveModelBuilderTest"/>
</testsuite> <!-- quickdt.predictiveModels.calibratedPredictiveModel.PAVCalibratedPredictiveModelBuilderTest -->
