<?xml version="1.0" encoding="UTF-8"?>
<!-- Generated by org.testng.reporters.JUnitReportReporter -->
<testsuite hostname="travis-job-042c8728-ff1b-4eb4-b0a4-16941c0c4450" name="quickdt.predictiveModels.randomForest.RandomForestBuilderTest" tests="3" failures="0" timestamp="28 Jun 2019 20:46:42 GMT" time="6.212" errors="0">
  <testcase name="simpleBmiTestSplit" time="2.978" classname="quickdt.predictiveModels.randomForest.RandomForestBuilderTest"/>
  <testcase name="simpleBmiTestNoSplit" time="1.799" classname="quickdt.predictiveModels.randomForest.RandomForestBuilderTest"/>
  <testcase name="simpleBmiTest" time="1.435" classname="quickdt.predictiveModels.randomForest.RandomForestBuilderTest"/>
</testsuite> <!-- quickdt.predictiveModels.randomForest.RandomForestBuilderTest -->
