<?xml version="1.0" encoding="UTF-8"?>
<!-- Generated by org.testng.reporters.JUnitReportReporter -->
<testsuite hostname="travis-job-042c8728-ff1b-4eb4-b0a4-16941c0c4450" name="quickdt.predictiveModels.splitOnAttributePredictiveModel.SplitOnAttributePMBuilderTest" tests="3" failures="0" timestamp="28 Jun 2019 20:46:42 GMT" time="6.289" errors="0">
  <testcase name="simpleBmiTestSplit" time="1.026" classname="quickdt.predictiveModels.splitOnAttributePredictiveModel.SplitOnAttributePMBuilderTest"/>
  <testcase name="simpleBmiTestNoSplit" time="0.677" classname="quickdt.predictiveModels.splitOnAttributePredictiveModel.SplitOnAttributePMBuilderTest"/>
  <testcase name="simpleBmiTest" time="4.586" classname="quickdt.predictiveModels.splitOnAttributePredictiveModel.SplitOnAttributePMBuilderTest"/>
</testsuite> <!-- quickdt.predictiveModels.splitOnAttributePredictiveModel.SplitOnAttributePMBuilderTest -->
