<?xml version="1.0" encoding="UTF-8"?>
<!-- Generated by org.testng.reporters.JUnitReportReporter -->
<testsuite hostname="travis-job-042c8728-ff1b-4eb4-b0a4-16941c0c4450" name="quickdt.crossValidation.MSECrossValLossTest" tests="1" failures="0" timestamp="28 Jun 2019 20:46:43 GMT" time="0.035" errors="0">
  <testcase name="testGetTotalLoss" time="0.035" classname="quickdt.crossValidation.MSECrossValLossTest"/>
</testsuite> <!-- quickdt.crossValidation.MSECrossValLossTest -->
