<?xml version="1.0" encoding="UTF-8"?>
<!-- Generated by org.testng.reporters.JUnitReportReporter -->
<testsuite hostname="travis-job-6e7ff1af-1c83-4685-b9db-85af37f7b13e" name="quickdt.predictiveModels.randomForest.RandomForestBuilderTest" tests="3" failures="0" timestamp="28 Jun 2019 20:49:04 GMT" time="6.538" errors="0">
  <testcase name="simpleBmiTestNoSplit" time="1.976" classname="quickdt.predictiveModels.randomForest.RandomForestBuilderTest"/>
  <testcase name="simpleBmiTestSplit" time="3.116" classname="quickdt.predictiveModels.randomForest.RandomForestBuilderTest"/>
  <testcase name="simpleBmiTest" time="1.446" classname="quickdt.predictiveModels.randomForest.RandomForestBuilderTest"/>
</testsuite> <!-- quickdt.predictiveModels.randomForest.RandomForestBuilderTest -->
