<?xml version="1.0" encoding="UTF-8"?>
<!-- Generated by org.testng.reporters.JUnitReportReporter -->
<testsuite hostname="travis-job-6e7ff1af-1c83-4685-b9db-85af37f7b13e" name="quickdt.predictiveModels.calibratedPredictiveModel.PAVCalibratedPredictiveModelBuilderTest" tests="3" failures="0" timestamp="28 Jun 2019 20:49:04 GMT" time="3.604" errors="0">
  <testcase name="simpleBmiTest" time="2.669" classname="quickdt.predictiveModels.calibratedPredictiveModel.PAVCalibratedPredictiveModelBuilderTest"/>
  <testcase name="simpleBmiTestSplit" time="0.629" classname="quickdt.predictiveModels.calibratedPredictiveModel.PAVCalibratedPredictiveModelBuilderTest"/>
  <testcase name="simpleBmiTestNoSplit" time="0.306" classname="quickdt.predictiveModels.calibratedPredictiveModel.PAVCalibratedPredictiveModelBuilderTest"/>
</testsuite> <!-- quickdt.predictiveModels.calibratedPredictiveModel.PAVCalibratedPredictiveModelBuilderTest -->
