<?xml version="1.0" encoding="UTF-8"?>
<!-- Generated by org.testng.reporters.JUnitReportReporter -->
<testsuite hostname="travis-job-6e7ff1af-1c83-4685-b9db-85af37f7b13e" name="quickdt.predictiveModels.splitOnAttributePredictiveModel.SplitOnAttributePMBuilderTest" tests="3" failures="0" timestamp="28 Jun 2019 20:49:04 GMT" time="6.830" errors="0">
  <testcase name="simpleBmiTest" time="4.902" classname="quickdt.predictiveModels.splitOnAttributePredictiveModel.SplitOnAttributePMBuilderTest"/>
  <testcase name="simpleBmiTestNoSplit" time="0.848" classname="quickdt.predictiveModels.splitOnAttributePredictiveModel.SplitOnAttributePMBuilderTest"/>
  <testcase name="simpleBmiTestSplit" time="1.080" classname="quickdt.predictiveModels.splitOnAttributePredictiveModel.SplitOnAttributePMBuilderTest"/>
</testsuite> <!-- quickdt.predictiveModels.splitOnAttributePredictiveModel.SplitOnAttributePMBuilderTest -->
