<?xml version="1.0" encoding="UTF-8"?>
<!-- Generated by org.testng.reporters.JUnitReportReporter -->
<testsuite hostname="travis-job-6e7ff1af-1c83-4685-b9db-85af37f7b13e" name="quickdt.predictiveModels.decisionTree.TreeBuilderTest" tests="4" failures="0" timestamp="28 Jun 2019 20:49:04 GMT" time="0.764" errors="0">
  <testcase name="simpleBmiTestNoSplit" time="0.129" classname="quickdt.predictiveModels.decisionTree.TreeBuilderTest"/>
  <testcase name="simpleBmiTestSplit" time="0.139" classname="quickdt.predictiveModels.decisionTree.TreeBuilderTest"/>
  <testcase name="simpleBmiTestRebuild" time="0.367" classname="quickdt.predictiveModels.decisionTree.TreeBuilderTest"/>
  <testcase name="simpleBmiTest" time="0.129" classname="quickdt.predictiveModels.decisionTree.TreeBuilderTest"/>
</testsuite> <!-- quickdt.predictiveModels.decisionTree.TreeBuilderTest -->
