<?xml version="1.0" encoding="UTF-8"?>
<!-- Generated by org.testng.reporters.JUnitReportReporter -->
<testsuite hostname="travis-job-f5517938-b6f9-4a3b-84ba-8eacbeecf05a" name="quickml.supervised.classifier.randomForest.RandomForestBuilderTest" tests="4" failures="0" timestamp="28 Jun 2019 20:46:58 GMT" time="12.093" errors="0">
  <testcase name="simpleBmiTestSplit" time="3.256" classname="quickml.supervised.classifier.randomForest.RandomForestBuilderTest"/>
  <testcase name="twoDeterministicRandomForestsAreEqual" time="5.040" classname="quickml.supervised.classifier.randomForest.RandomForestBuilderTest"/>
  <testcase name="simpleBmiTest" time="1.491" classname="quickml.supervised.classifier.randomForest.RandomForestBuilderTest"/>
  <testcase name="simpleBmiTestNoSplit" time="2.306" classname="quickml.supervised.classifier.randomForest.RandomForestBuilderTest"/>
</testsuite> <!-- quickml.supervised.classifier.randomForest.RandomForestBuilderTest -->
