<?xml version="1.0" encoding="UTF-8"?>
<!-- Generated by org.testng.reporters.JUnitReportReporter -->
<testsuite hostname="travis-job-f5517938-b6f9-4a3b-84ba-8eacbeecf05a" name="quickml.supervised.predictiveModelOptimizer.PredictiveModelOptimizerTest" tests="1" failures="0" timestamp="28 Jun 2019 20:46:58 GMT" time="9.538" errors="0">
  <testcase name="irisTest" time="9.538" classname="quickml.supervised.predictiveModelOptimizer.PredictiveModelOptimizerTest"/>
</testsuite> <!-- quickml.supervised.predictiveModelOptimizer.PredictiveModelOptimizerTest -->
