<?xml version="1.0" encoding="UTF-8"?>
<!-- Generated by org.testng.reporters.JUnitReportReporter -->
<testsuite hostname="travis-job-f5517938-b6f9-4a3b-84ba-8eacbeecf05a" name="quickml.supervised.classifier.temporallyWeightPredictiveModel.TemporallyReweightedPMBuilderTest" tests="2" failures="0" timestamp="28 Jun 2019 20:46:58 GMT" time="0.318" errors="0">
  <testcase name="simpleBmiTest" time="0.318" classname="quickml.supervised.classifier.temporallyWeightPredictiveModel.TemporallyReweightedPMBuilderTest"/>
  <testcase name="testError3ClassificationsInDataSet" time="0.000" classname="quickml.supervised.classifier.temporallyWeightPredictiveModel.TemporallyReweightedPMBuilderTest"/>
</testsuite> <!-- quickml.supervised.classifier.temporallyWeightPredictiveModel.TemporallyReweightedPMBuilderTest -->
