<?xml version="1.0" encoding="UTF-8"?>
<!-- Generated by org.testng.reporters.JUnitReportReporter -->
<testsuite hostname="travis-job-f5517938-b6f9-4a3b-84ba-8eacbeecf05a" name="quickml.supervised.classifier.splitOnAttributePredictiveModel.SplitOnAttributePMBuilderTest" tests="3" failures="0" timestamp="28 Jun 2019 20:46:58 GMT" time="6.228" errors="0">
  <testcase name="simpleBmiTestNoSplit" time="0.668" classname="quickml.supervised.classifier.splitOnAttributePredictiveModel.SplitOnAttributePMBuilderTest"/>
  <testcase name="simpleBmiTestSplit" time="1.146" classname="quickml.supervised.classifier.splitOnAttributePredictiveModel.SplitOnAttributePMBuilderTest"/>
  <testcase name="simpleBmiTest" time="4.414" classname="quickml.supervised.classifier.splitOnAttributePredictiveModel.SplitOnAttributePMBuilderTest"/>
</testsuite> <!-- quickml.supervised.classifier.splitOnAttributePredictiveModel.SplitOnAttributePMBuilderTest -->
