<?xml version="1.0" encoding="UTF-8"?>
<!-- Generated by org.testng.reporters.JUnitReportReporter -->
<testsuite hostname="travis-job-f5517938-b6f9-4a3b-84ba-8eacbeecf05a" name="quickml.supervised.classifier.decisionTree.TreeBuilderTest" tests="5" failures="0" timestamp="28 Jun 2019 20:46:58 GMT" time="1.103" errors="0">
  <testcase name="simpleBmiTestSplit" time="0.202" classname="quickml.supervised.classifier.decisionTree.TreeBuilderTest"/>
  <testcase name="twoDeterministicDecisionTreesAreEqual" time="0.233" classname="quickml.supervised.classifier.decisionTree.TreeBuilderTest"/>
  <testcase name="simpleBmiTestNoSplit" time="0.238" classname="quickml.supervised.classifier.decisionTree.TreeBuilderTest"/>
  <testcase name="simpleBmiTest" time="0.118" classname="quickml.supervised.classifier.decisionTree.TreeBuilderTest"/>
  <testcase name="simpleBmiTestRebuild" time="0.312" classname="quickml.supervised.classifier.decisionTree.TreeBuilderTest"/>
</testsuite> <!-- quickml.supervised.classifier.decisionTree.TreeBuilderTest -->
