<?xml version="1.0" encoding="UTF-8"?>
<!-- Generated by org.testng.reporters.JUnitReportReporter -->
<testsuite hostname="travis-job-f5517938-b6f9-4a3b-84ba-8eacbeecf05a" name="quickml.supervised.crossValidation.crossValLossFunctions.WeightedAUCCrossValLossFunctionTest" tests="7" failures="0" timestamp="28 Jun 2019 20:46:58 GMT" time="0.097" errors="0">
  <testcase name="testGetAUCPoint" time="0.000" classname="quickml.supervised.crossValidation.crossValLossFunctions.WeightedAUCCrossValLossFunctionTest"/>
  <testcase name="testGetAucPointsFromData" time="0.001" classname="quickml.supervised.crossValidation.crossValLossFunctions.WeightedAUCCrossValLossFunctionTest"/>
  <testcase name="testOnlySupportBinaryClassifications" time="0.021" classname="quickml.supervised.crossValidation.crossValLossFunctions.WeightedAUCCrossValLossFunctionTest"/>
  <testcase name="testTotalLossNoData" time="0.005" classname="quickml.supervised.crossValidation.crossValLossFunctions.WeightedAUCCrossValLossFunctionTest"/>
  <testcase name="testAgainstMahout" time="0.068" classname="quickml.supervised.crossValidation.crossValLossFunctions.WeightedAUCCrossValLossFunctionTest"/>
  <testcase name="testGetTotalLoss" time="0.000" classname="quickml.supervised.crossValidation.crossValLossFunctions.WeightedAUCCrossValLossFunctionTest"/>
  <testcase name="testSortDataByProbability" time="0.002" classname="quickml.supervised.crossValidation.crossValLossFunctions.WeightedAUCCrossValLossFunctionTest"/>
</testsuite> <!-- quickml.supervised.crossValidation.crossValLossFunctions.WeightedAUCCrossValLossFunctionTest -->
