<?xml version="1.0" encoding="UTF-8"?>
<!-- Generated by org.testng.reporters.JUnitReportReporter -->
<testsuite hostname="travis-job-f5517938-b6f9-4a3b-84ba-8eacbeecf05a" name="quickml.supervised.crossValidation.CrossValidatorTest" tests="1" failures="0" timestamp="28 Jun 2019 20:46:58 GMT" time="0.045" errors="0">
  <testcase name="testCrossValidator" time="0.045" classname="quickml.supervised.crossValidation.CrossValidatorTest"/>
</testsuite> <!-- quickml.supervised.crossValidation.CrossValidatorTest -->
