<?xml version="1.0" encoding="UTF-8"?>
<!-- Generated by org.testng.reporters.JUnitReportReporter -->
<testsuite hostname="travis-job-6e7ff1af-1c83-4685-b9db-85af37f7b13e" name="quickdt.crossValidation.MSECrossValLossTest" tests="1" failures="0" timestamp="28 Jun 2019 20:49:05 GMT" time="0.018" errors="0">
  <testcase name="testGetTotalLoss" time="0.018" classname="quickdt.crossValidation.MSECrossValLossTest"/>
</testsuite> <!-- quickdt.crossValidation.MSECrossValLossTest -->
