<?xml version="1.0" encoding="UTF-8"?>
<!-- Generated by org.testng.reporters.JUnitReportReporter -->
<testsuite hostname="travis-job-6e7ff1af-1c83-4685-b9db-85af37f7b13e" name="quickdt.crossValidation.WeightedAUCCrossValLossTest" tests="7" failures="0" timestamp="28 Jun 2019 20:49:05 GMT" time="0.058" errors="0">
  <testcase name="testGetTotalLoss" time="0.005" classname="quickdt.crossValidation.WeightedAUCCrossValLossTest"/>
  <testcase name="testTotalLossNoData" time="0.000" classname="quickdt.crossValidation.WeightedAUCCrossValLossTest"/>
  <testcase name="testGetAUCPoint" time="0.000" classname="quickdt.crossValidation.WeightedAUCCrossValLossTest"/>
  <testcase name="testAgainstMahout" time="0.051" classname="quickdt.crossValidation.WeightedAUCCrossValLossTest"/>
  <testcase name="testGetAucPointsFromData" time="0.000" classname="quickdt.crossValidation.WeightedAUCCrossValLossTest"/>
  <testcase name="testOnlySupportBinaryClassifications" time="0.002" classname="quickdt.crossValidation.WeightedAUCCrossValLossTest"/>
  <testcase name="testSortDataByProbability" time="0.000" classname="quickdt.crossValidation.WeightedAUCCrossValLossTest"/>
</testsuite> <!-- quickdt.crossValidation.WeightedAUCCrossValLossTest -->
