<?xml version="1.0" encoding="UTF-8" ?>
<testsuite tests="124" failures="0" name="javaslang.concurrent.FutureTest" time="8.587" errors="0" skipped="0">
  <properties>
    <property name="java.runtime.name" value="Java(TM) SE Runtime Environment"/>
    <property name="sun.boot.library.path" value="/usr/lib/jvm/java-8-oracle/jre/lib/amd64"/>
    <property name="java.vm.version" value="25.151-b12"/>
    <property name="java.vm.vendor" value="Oracle Corporation"/>
    <property name="maven.multiModuleProjectDirectory" value="/home/travis/build/rafaresearch/vavr"/>
    <property name="java.vendor.url" value="http://java.oracle.com/"/>
    <property name="path.separator" value=":"/>
    <property name="guice.disable.misplaced.annotation.check" value="true"/>
    <property name="java.vm.name" value="Java HotSpot(TM) 64-Bit Server VM"/>
    <property name="file.encoding.pkg" value="sun.io"/>
    <property name="user.country" value="US"/>
    <property name="sun.java.launcher" value="SUN_STANDARD"/>
    <property name="sun.os.patch.level" value="unknown"/>
    <property name="java.vm.specification.name" value="Java Virtual Machine Specification"/>
    <property name="user.dir" value="/home/travis/build/rafaresearch/vavr"/>
    <property name="java.runtime.version" value="1.8.0_151-b12"/>
    <property name="java.awt.graphicsenv" value="sun.awt.X11GraphicsEnvironment"/>
    <property name="java.endorsed.dirs" value="/usr/lib/jvm/java-8-oracle/jre/lib/endorsed"/>
    <property name="os.arch" value="amd64"/>
    <property name="java.io.tmpdir" value="/tmp"/>
    <property name="line.separator" value="
"/>
    <property name="java.vm.specification.vendor" value="Oracle Corporation"/>
    <property name="os.name" value="Linux"/>
    <property name="classworlds.conf" value="/usr/local/maven-3.5.2/bin/m2.conf"/>
    <property name="sun.jnu.encoding" value="UTF-8"/>
    <property name="java.library.path" value="/usr/java/packages/lib/amd64:/usr/lib64:/lib64:/lib:/usr/lib"/>
    <property name="maven.conf" value="/usr/local/maven-3.5.2/conf"/>
    <property name="java.specification.name" value="Java Platform API Specification"/>
    <property name="java.class.version" value="52.0"/>
    <property name="sun.management.compiler" value="HotSpot 64-Bit Tiered Compilers"/>
    <property name="os.version" value="4.4.0-101-generic"/>
    <property name="library.jansi.path" value="/usr/local/maven-3.5.2/lib/jansi-native"/>
    <property name="user.home" value="/home/travis"/>
    <property name="user.timezone" value="UTC"/>
    <property name="java.awt.printerjob" value="sun.print.PSPrinterJob"/>
    <property name="java.specification.version" value="1.8"/>
    <property name="file.encoding" value="UTF-8"/>
    <property name="user.name" value="travis"/>
    <property name="java.class.path" value="/usr/local/maven-3.5.2/boot/plexus-classworlds-2.5.2.jar"/>
    <property name="java.vm.specification.version" value="1.8"/>
    <property name="sun.arch.data.model" value="64"/>
    <property name="java.home" value="/usr/lib/jvm/java-8-oracle/jre"/>
    <property name="sun.java.command" value="org.codehaus.plexus.classworlds.launcher.Launcher package"/>
    <property name="java.specification.vendor" value="Oracle Corporation"/>
    <property name="user.language" value="en"/>
    <property name="awt.toolkit" value="sun.awt.X11.XToolkit"/>
    <property name="java.vm.info" value="mixed mode"/>
    <property name="java.version" value="1.8.0_151"/>
    <property name="java.ext.dirs" value="/usr/lib/jvm/java-8-oracle/jre/lib/ext:/usr/java/packages/lib/ext"/>
    <property name="securerandom.source" value="file:/dev/./urandom"/>
    <property name="sun.boot.class.path" value="/usr/lib/jvm/java-8-oracle/jre/lib/resources.jar:/usr/lib/jvm/java-8-oracle/jre/lib/rt.jar:/usr/lib/jvm/java-8-oracle/jre/lib/sunrsasign.jar:/usr/lib/jvm/java-8-oracle/jre/lib/jsse.jar:/usr/lib/jvm/java-8-oracle/jre/lib/jce.jar:/usr/lib/jvm/java-8-oracle/jre/lib/charsets.jar:/usr/lib/jvm/java-8-oracle/jre/lib/jfr.jar:/usr/lib/jvm/java-8-oracle/jre/classes"/>
    <property name="java.vendor" value="Oracle Corporation"/>
    <property name="maven.home" value="/usr/local/maven-3.5.2"/>
    <property name="file.separator" value="/"/>
    <property name="java.vendor.url.bug" value="http://bugreport.sun.com/bugreport/"/>
    <property name="sun.cpu.endian" value="little"/>
    <property name="sun.io.unicode.encoding" value="UnicodeLittle"/>
    <property name="sun.cpu.isalist" value=""/>
  </properties>
  <testcase classname="javaslang.concurrent.FutureTest" name="shouldDoActionOnFailure" time="0.012"/>
  <testcase classname="javaslang.concurrent.FutureTest" name="shouldGetValueOfUncompletedFuture" time="0.001"/>
  <testcase classname="javaslang.concurrent.FutureTest" name="shouldConvertToFailedFromFail" time="0.17"/>
  <testcase classname="javaslang.concurrent.FutureTest" name="shouldFallbackToThisFailure" time="0.05"/>
  <testcase classname="javaslang.concurrent.FutureTest" name="shouldCompleteWithSpecificOrderIfSuccessAndThenSuccess" time="0.052"/>
  <testcase classname="javaslang.concurrent.FutureTest" name="shouldFoldEmptyIterable" time="0.007"/>
  <testcase classname="javaslang.concurrent.FutureTest" name="shouldCompleteWithSuccessIfSuccessAndThenFail" time="0.101"/>
  <testcase classname="javaslang.concurrent.FutureTest" name="shouldFindOneSucceedingFutureWhenAllOthersFailUsingForkJoinPool" time="0.022"/>
  <testcase classname="javaslang.concurrent.FutureTest" name="shouldCreateFailerFuture" time="0.001"/>
  <testcase classname="javaslang.concurrent.FutureTest" name="shouldThrowWhenGettingCauseOfSucceededFuture" time="0"/>
  <testcase classname="javaslang.concurrent.FutureTest" name="shouldFindFirstValueThatSatisfiesAPredicateUsingForkJoinPool" time="0.007"/>
  <testcase classname="javaslang.concurrent.FutureTest" name="shouldCompleteWithSeqOfValueIfSequenceOfFuturesContainsNoError" time="0.106"/>
  <testcase classname="javaslang.concurrent.FutureTest" name="shouldCreateFutureFromJavaFuture" time="3.031"/>
  <testcase classname="javaslang.concurrent.FutureTest" name="shouldCreateAndFailAFutureUsingTrivialExecutorService" time="0.002"/>
  <testcase classname="javaslang.concurrent.FutureTest" name="shouldNotCancelCompletedFutureUsingTrivialExecutorService" time="0"/>
  <testcase classname="javaslang.concurrent.FutureTest" name="shouldRecoverFailedFuture" time="0.054"/>
  <testcase classname="javaslang.concurrent.FutureTest" name="shouldCompleteWithErrorIfSequenceOfFuturesContainsOneError" time="0.156"/>
  <testcase classname="javaslang.concurrent.FutureTest" name="shouldReduceSequenceOfFutures" time="0.153"/>
  <testcase classname="javaslang.concurrent.FutureTest" name="shouldMapWhenCrashingDuringMapping" time="0.152"/>
  <testcase classname="javaslang.concurrent.FutureTest" name="shouldMapWhenCrashingDuringFutureComputation" time="0.052"/>
  <testcase classname="javaslang.concurrent.FutureTest" name="shouldCreateFutureFromJavaFutureUsingTrivialExecutorService" time="3.002"/>
  <testcase classname="javaslang.concurrent.FutureTest" name="shouldCreateFailFutureFromTry" time="0.001"/>
  <testcase classname="javaslang.concurrent.FutureTest" name="shouldCreateSuccessFutureFromTry" time="0"/>
  <testcase classname="javaslang.concurrent.FutureTest" name="shouldRegisterCallbackBeforeFutureCompletes" time="0.002"/>
  <testcase classname="javaslang.concurrent.FutureTest" name="shouldFoldNonEmptyIterableOfFailingFutures" time="0.154"/>
  <testcase classname="javaslang.concurrent.FutureTest" name="shouldAwaitOnGet" time="0.251"/>
  <testcase classname="javaslang.concurrent.FutureTest" name="shouldGetValueOfSucceededFuture" time="0"/>
  <testcase classname="javaslang.concurrent.FutureTest" name="shouldTransform" time="0.002"/>
  <testcase classname="javaslang.concurrent.FutureTest" name="shouldReduceWithErrorIfSequenceOfFuturesContainsOneError" time="0.154"/>
  <testcase classname="javaslang.concurrent.FutureTest" name="shouldFindNoneWhenAllFuturesFailUsingForkJoinPool" time="0.009"/>
  <testcase classname="javaslang.concurrent.FutureTest" name="shouldRecoverFailedFutureWithFuture" time="0.003"/>
  <testcase classname="javaslang.concurrent.FutureTest" name="shouldGetFirstCompletedOfFailuresUsingForkJoinPool" time="0.053"/>
  <testcase classname="javaslang.concurrent.FutureTest" name="shouldFailReduceEmptySequence" time="0"/>
  <testcase classname="javaslang.concurrent.FutureTest" name="shouldFailFindingFirstValueBecauseNoResultSatisfiesTheGivenPredicateUsingForkJoinPool" time="0.004"/>
  <testcase classname="javaslang.concurrent.FutureTest" name="shouldCompleteWithErrorIfFailAndThenFail" time="0.051"/>
  <testcase classname="javaslang.concurrent.FutureTest" name="shouldRecoverSuccessFutureWithFuture" time="0.001"/>
  <testcase classname="javaslang.concurrent.FutureTest" name="shouldPerformActionAfterFutureCompleted" time="0.001"/>
  <testcase classname="javaslang.concurrent.FutureTest" name="shouldConvertToFailedFromSuccess" time="0.101"/>
  <testcase classname="javaslang.concurrent.FutureTest" name="shouldMapTheHappyPath" time="0.102"/>
  <testcase classname="javaslang.concurrent.FutureTest" name="shouldFoldNonEmptyIterableOfSucceedingFutures" time="0.153"/>
  <testcase classname="javaslang.concurrent.FutureTest" name="shouldZipSuccess" time="0.052"/>
  <testcase classname="javaslang.concurrent.FutureTest" name="shouldGetCauseOfFailedFuture" time="0.001"/>
  <testcase classname="javaslang.concurrent.FutureTest" name="shouldCompleteRunnable" time="0"/>
  <testcase classname="javaslang.concurrent.FutureTest" name="shouldDoActionOnSuccess" time="0.051"/>
  <testcase classname="javaslang.concurrent.FutureTest" name="shouldFindNoneWhenEmptySeq" time="0.001"/>
  <testcase classname="javaslang.concurrent.FutureTest" name="shouldCreateAndFailAFutureUsingForkJoinPool" time="0.001"/>
  <testcase classname="javaslang.concurrent.FutureTest" name="shouldFallbackToThatResult" time="0.001"/>
  <testcase classname="javaslang.concurrent.FutureTest" name="shouldCompleteTraverse" time="0.151"/>
  <testcase classname="javaslang.concurrent.FutureTest" name="shouldReturnExecutorService" time="0.001"/>
  <testcase classname="javaslang.concurrent.FutureTest" name="shouldFallbackToThisResult" time="0.001"/>
  <testcase classname="javaslang.concurrent.FutureTest" name="shouldInterruptLockedFuture" time="0.001"/>
  <testcase classname="javaslang.concurrent.FutureTest" name="shouldZipFailure" time="0.052"/>
  <testcase classname="javaslang.concurrent.FutureTest" name="shouldGetCauseOfUncompletedFuture" time="0"/>
  <testcase classname="javaslang.concurrent.FutureTest" name="shouldThrowOnGetAfterCancellation" time="0.001"/>
  <testcase classname="javaslang.concurrent.FutureTest" name="shouldCreateSuccessful" time="0"/>
  <testcase classname="javaslang.concurrent.FutureTest" name="shouldThrowWhenGettingValueOfFailedFuture" time="0"/>
  <testcase classname="javaslang.concurrent.FutureTest" name="shouldCreateAndCompleteAFutureUsingTrivialExecutorService" time="0"/>
  <testcase classname="javaslang.concurrent.FutureTest" name="shouldGetFirstCompletedOfSucceedingFuturesUsingForkJoinPool" time="0.041"/>
  <testcase classname="javaslang.concurrent.FutureTest" name="shouldGetOptionNonEmpty" time="0.001"/>
  <testcase classname="javaslang.concurrent.FutureTest" name="shouldBeAwareOfPropertyThatHoldsForAll" time="0.001"/>
  <testcase classname="javaslang.concurrent.FutureTest" name="shouldCorresponds" time="0.001"/>
  <testcase classname="javaslang.concurrent.FutureTest" name="shouldThrowIfEmpty" time="0"/>
  <testcase classname="javaslang.concurrent.FutureTest" name="shouldCalculateValIfEmpty" time="0"/>
  <testcase classname="javaslang.concurrent.FutureTest" name="shouldBeAwareOfExistingElement" time="0.003"/>
  <testcase classname="javaslang.concurrent.FutureTest" name="shouldConvertToMap" time="0.009"/>
  <testcase classname="javaslang.concurrent.FutureTest" name="shouldConvertToSet" time="0.006"/>
  <testcase classname="javaslang.concurrent.FutureTest" name="shouldNotThrowIfNonEmpty" time="0.001"/>
  <testcase classname="javaslang.concurrent.FutureTest" name="shouldCalculateValIfDefined" time="0"/>
  <testcase classname="javaslang.concurrent.FutureTest" name="shouldConvertToOption" time="0"/>
  <testcase classname="javaslang.concurrent.FutureTest" name="shouldConvertToCharSeq" time="0.001"/>
  <testcase classname="javaslang.concurrent.FutureTest" name="shouldBeAwareOfNonExistingElement" time="0"/>
  <testcase classname="javaslang.concurrent.FutureTest" name="shouldConvertEmptyToTry" time="0.001"/>
  <testcase classname="javaslang.concurrent.FutureTest" name="shouldConvertToStream" time="0"/>
  <testcase classname="javaslang.concurrent.FutureTest" name="shouldCalculateIsDefined" time="0"/>
  <testcase classname="javaslang.concurrent.FutureTest" name="shouldConvertToVector" time="0.005"/>
  <testcase classname="javaslang.concurrent.FutureTest" name="shouldConvertNonEmptyValueToMatchMonad" time="0.001"/>
  <testcase classname="javaslang.concurrent.FutureTest" name="shouldConvertToEitherRightFromValue" time="0"/>
  <testcase classname="javaslang.concurrent.FutureTest" name="shouldConvertToJavaList" time="0"/>
  <testcase classname="javaslang.concurrent.FutureTest" name="shouldCalculateSupplierIfDefined" time="0.001"/>
  <testcase classname="javaslang.concurrent.FutureTest" name="shouldFilterNotEmptyTraversable" time="0.002"/>
  <testcase classname="javaslang.concurrent.FutureTest" name="shouldConvertToEitherLeftFromValue" time="0"/>
  <testcase classname="javaslang.concurrent.FutureTest" name="shouldPeekNil" time="0"/>
  <testcase classname="javaslang.concurrent.FutureTest" name="shouldFoldNil" time="0.001"/>
  <testcase classname="javaslang.concurrent.FutureTest" name="shouldBeAwareOfPropertyThatNotHoldsForAll" time="0"/>
  <testcase classname="javaslang.concurrent.FutureTest" name="shouldGetNonEmpty" time="0"/>
  <testcase classname="javaslang.concurrent.FutureTest" name="shouldFilterNonEmptyTraversable" time="0.001"/>
  <testcase classname="javaslang.concurrent.FutureTest" name="shouldFilterNonEmptyTraversableAllMatch" time="0"/>
  <testcase classname="javaslang.concurrent.FutureTest" name="shouldCalculateIsEmpty" time="0"/>
  <testcase classname="javaslang.concurrent.FutureTest" name="shouldThrowWhenFoldNullOperator" time="0"/>
  <testcase classname="javaslang.concurrent.FutureTest" name="shouldPeekNonNilPerformingAnAction" time="0.001"/>
  <testcase classname="javaslang.concurrent.FutureTest" name="shouldFilterNotNonEmptyTraversable" time="0"/>
  <testcase classname="javaslang.concurrent.FutureTest" name="shouldConvertToArray" time="0.004"/>
  <testcase classname="javaslang.concurrent.FutureTest" name="shouldConvertToQueue" time="0.001"/>
  <testcase classname="javaslang.concurrent.FutureTest" name="shouldConvertToStack" time="0.001"/>
  <testcase classname="javaslang.concurrent.FutureTest" name="shouldntCorrespondsNonNilNil" time="0.001"/>
  <testcase classname="javaslang.concurrent.FutureTest" name="shouldCalculateOrElseGet" time="0"/>
  <testcase classname="javaslang.concurrent.FutureTest" name="shouldReturnUnderlyingValueWhenCallingOrElseTryOnNonEmptyValue" time="0.001"/>
  <testcase classname="javaslang.concurrent.FutureTest" name="shouldCalculateSupplierIfEmpty" time="0.001"/>
  <testcase classname="javaslang.concurrent.FutureTest" name="shouldConvertToJavaMap" time="0"/>
  <testcase classname="javaslang.concurrent.FutureTest" name="shouldConvertToJavaSet" time="0"/>
  <testcase classname="javaslang.concurrent.FutureTest" name="shouldConvertToLazy" time="0.002"/>
  <testcase classname="javaslang.concurrent.FutureTest" name="shouldConvertToList" time="0"/>
  <testcase classname="javaslang.concurrent.FutureTest" name="shouldConvertToJavaArray" time="0.001"/>
  <testcase classname="javaslang.concurrent.FutureTest" name="shouldFilterNotNonEmptyTraversableAllMatch" time="0"/>
  <testcase classname="javaslang.concurrent.FutureTest" name="shouldFoldSingleElement" time="0"/>
  <testcase classname="javaslang.concurrent.FutureTest" name="shouldConvertToEitherRightFromValueSupplier" time="0.001"/>
  <testcase classname="javaslang.concurrent.FutureTest" name="shouldntCorrespondsNilNonNil" time="0"/>
  <testcase classname="javaslang.concurrent.FutureTest" name="shouldGetEmpty" time="0.001"/>
  <testcase classname="javaslang.concurrent.FutureTest" name="shouldFilterEmptyTraversable" time="0.001"/>
  <testcase classname="javaslang.concurrent.FutureTest" name="shouldThrowWhenCallingOrElseTryOnEmptyValueAndTryIsAFailure" time="0"/>
  <testcase classname="javaslang.concurrent.FutureTest" name="shouldConvertNonEmptyToTryUsingExceptionSupplier" time="0.001"/>
  <testcase classname="javaslang.concurrent.FutureTest" name="shouldntCorrespondsNilNil" time="0"/>
  <testcase classname="javaslang.concurrent.FutureTest" name="shouldReturnAlternateValueWhenCallingOrElseTryOnEmptyValue" time="0"/>
  <testcase classname="javaslang.concurrent.FutureTest" name="shouldConvertNonEmptyToTry" time="0"/>
  <testcase classname="javaslang.concurrent.FutureTest" name="shouldConvertToJavaStream" time="0.004"/>
  <testcase classname="javaslang.concurrent.FutureTest" name="shouldCalculateOrElse" time="0"/>
  <testcase classname="javaslang.concurrent.FutureTest" name="shouldntCorrespondsDifferentLengths" time="0"/>
  <testcase classname="javaslang.concurrent.FutureTest" name="shouldConvertEmptyToTryUsingExceptionSupplier" time="0.001"/>
  <testcase classname="javaslang.concurrent.FutureTest" name="shouldPeekSingleValuePerformingAnAction" time="0"/>
  <testcase classname="javaslang.concurrent.FutureTest" name="shouldConvertEmptyValueToMatchMonad" time="0"/>
  <testcase classname="javaslang.concurrent.FutureTest" name="shouldPeekNonNilPerformingNoAction" time="0"/>
  <testcase classname="javaslang.concurrent.FutureTest" name="shouldConvertToJavaOptional" time="0"/>
  <testcase classname="javaslang.concurrent.FutureTest" name="shouldGetOptionEmpty" time="0"/>
  <testcase classname="javaslang.concurrent.FutureTest" name="shouldConvertToEitherLeftFromValueSupplier" time="0.002"/>
</testsuite>