<?xml version="1.0" encoding="UTF-8" ?>
<testsuite tests="647" failures="0" name="javaslang.collection.VectorTest" time="0.063" errors="0" skipped="0">
  <properties>
    <property name="java.runtime.name" value="Java(TM) SE Runtime Environment"/>
    <property name="sun.boot.library.path" value="/usr/lib/jvm/java-8-oracle/jre/lib/amd64"/>
    <property name="java.vm.version" value="25.151-b12"/>
    <property name="java.vm.vendor" value="Oracle Corporation"/>
    <property name="maven.multiModuleProjectDirectory" value="/home/travis/build/rafaresearch/vavr"/>
    <property name="java.vendor.url" value="http://java.oracle.com/"/>
    <property name="path.separator" value=":"/>
    <property name="guice.disable.misplaced.annotation.check" value="true"/>
    <property name="java.vm.name" value="Java HotSpot(TM) 64-Bit Server VM"/>
    <property name="file.encoding.pkg" value="sun.io"/>
    <property name="user.country" value="US"/>
    <property name="sun.java.launcher" value="SUN_STANDARD"/>
    <property name="sun.os.patch.level" value="unknown"/>
    <property name="java.vm.specification.name" value="Java Virtual Machine Specification"/>
    <property name="user.dir" value="/home/travis/build/rafaresearch/vavr"/>
    <property name="java.runtime.version" value="1.8.0_151-b12"/>
    <property name="java.awt.graphicsenv" value="sun.awt.X11GraphicsEnvironment"/>
    <property name="java.endorsed.dirs" value="/usr/lib/jvm/java-8-oracle/jre/lib/endorsed"/>
    <property name="os.arch" value="amd64"/>
    <property name="java.io.tmpdir" value="/tmp"/>
    <property name="line.separator" value="
"/>
    <property name="java.vm.specification.vendor" value="Oracle Corporation"/>
    <property name="os.name" value="Linux"/>
    <property name="classworlds.conf" value="/usr/local/maven-3.5.2/bin/m2.conf"/>
    <property name="sun.jnu.encoding" value="UTF-8"/>
    <property name="java.library.path" value="/usr/java/packages/lib/amd64:/usr/lib64:/lib64:/lib:/usr/lib"/>
    <property name="maven.conf" value="/usr/local/maven-3.5.2/conf"/>
    <property name="java.specification.name" value="Java Platform API Specification"/>
    <property name="java.class.version" value="52.0"/>
    <property name="sun.management.compiler" value="HotSpot 64-Bit Tiered Compilers"/>
    <property name="os.version" value="4.4.0-101-generic"/>
    <property name="library.jansi.path" value="/usr/local/maven-3.5.2/lib/jansi-native"/>
    <property name="user.home" value="/home/travis"/>
    <property name="user.timezone" value="UTC"/>
    <property name="java.awt.printerjob" value="sun.print.PSPrinterJob"/>
    <property name="java.specification.version" value="1.8"/>
    <property name="file.encoding" value="UTF-8"/>
    <property name="user.name" value="travis"/>
    <property name="java.class.path" value="/usr/local/maven-3.5.2/boot/plexus-classworlds-2.5.2.jar"/>
    <property name="java.vm.specification.version" value="1.8"/>
    <property name="sun.arch.data.model" value="64"/>
    <property name="java.home" value="/usr/lib/jvm/java-8-oracle/jre"/>
    <property name="sun.java.command" value="org.codehaus.plexus.classworlds.launcher.Launcher package"/>
    <property name="java.specification.vendor" value="Oracle Corporation"/>
    <property name="user.language" value="en"/>
    <property name="awt.toolkit" value="sun.awt.X11.XToolkit"/>
    <property name="java.vm.info" value="mixed mode"/>
    <property name="java.version" value="1.8.0_151"/>
    <property name="java.ext.dirs" value="/usr/lib/jvm/java-8-oracle/jre/lib/ext:/usr/java/packages/lib/ext"/>
    <property name="securerandom.source" value="file:/dev/./urandom"/>
    <property name="sun.boot.class.path" value="/usr/lib/jvm/java-8-oracle/jre/lib/resources.jar:/usr/lib/jvm/java-8-oracle/jre/lib/rt.jar:/usr/lib/jvm/java-8-oracle/jre/lib/sunrsasign.jar:/usr/lib/jvm/java-8-oracle/jre/lib/jsse.jar:/usr/lib/jvm/java-8-oracle/jre/lib/jce.jar:/usr/lib/jvm/java-8-oracle/jre/lib/charsets.jar:/usr/lib/jvm/java-8-oracle/jre/lib/jfr.jar:/usr/lib/jvm/java-8-oracle/jre/classes"/>
    <property name="java.vendor" value="Oracle Corporation"/>
    <property name="maven.home" value="/usr/local/maven-3.5.2"/>
    <property name="file.separator" value="/"/>
    <property name="java.vendor.url.bug" value="http://bugreport.sun.com/bugreport/"/>
    <property name="sun.cpu.endian" value="little"/>
    <property name="sun.io.unicode.encoding" value="UnicodeLittle"/>
    <property name="sun.cpu.isalist" value=""/>
  </properties>
  <testcase classname="javaslang.collection.VectorTest" name="shouldStringifyNil" time="0"/>
  <testcase classname="javaslang.collection.VectorTest" name="shouldNotDeserializeListWithSizeLessThanOne" time="0.002"/>
  <testcase classname="javaslang.collection.VectorTest" name="shouldStringifyNonNil" time="0"/>
  <testcase classname="javaslang.collection.VectorTest" name="shouldNotSerializeEnclosingClass" time="0"/>
  <testcase classname="javaslang.collection.VectorTest" name="shouldRemoveFirstElementByPredicateBegin" time="0"/>
  <testcase classname="javaslang.collection.VectorTest" name="shouldThrowOnAppendAllOfNull" time="0"/>
  <testcase classname="javaslang.collection.VectorTest" name="shouldRemoveFirstElementByPredicateInner" time="0"/>
  <testcase classname="javaslang.collection.VectorTest" name="shouldTestIdexedSeqStartsWithNonIndexedSeq" time="0"/>
  <testcase classname="javaslang.collection.VectorTest" name="shouldFindIndexOfFirstSlice" time="0"/>
  <testcase classname="javaslang.collection.VectorTest" name="shouldSortNil" time="0"/>
  <testcase classname="javaslang.collection.VectorTest" name="shouldComputeSliceOnNonNilWhenBeginIndexExceedsLowerBound" time="0"/>
  <testcase classname="javaslang.collection.VectorTest" name="shouldStartsNilOfNonNilCalculate" time="0"/>
  <testcase classname="javaslang.collection.VectorTest" name="shouldSplitAtInclusivePredicateBegin" time="0"/>
  <testcase classname="javaslang.collection.VectorTest" name="shouldFailIndexWhereNullPredicateFrom" time="0"/>
  <testcase classname="javaslang.collection.VectorTest" name="shouldThrowWhenSlice2OnNil" time="0"/>
  <testcase classname="javaslang.collection.VectorTest" name="shouldFailLastIndexWhereNullPredicateFrom" time="0"/>
  <testcase classname="javaslang.collection.VectorTest" name="shouldRemoveAllElementsFromNil" time="0.001"/>
  <testcase classname="javaslang.collection.VectorTest" name="shouldSplitAtEnd" time="0"/>
  <testcase classname="javaslang.collection.VectorTest" name="shouldSplitAtNil" time="0"/>
  <testcase classname="javaslang.collection.VectorTest" name="shouldSplitAtPredicateNotFound" time="0"/>
  <testcase classname="javaslang.collection.VectorTest" name="shouldInsertAllBehindOfElement" time="0"/>
  <testcase classname="javaslang.collection.VectorTest" name="shouldIntersperseNil" time="0"/>
  <testcase classname="javaslang.collection.VectorTest" name="shouldPatchEmptyByEmpty" time="0"/>
  <testcase classname="javaslang.collection.VectorTest" name="shouldThrowWhenSetWithNegativeIndexOnNil" time="0"/>
  <testcase classname="javaslang.collection.VectorTest" name="shouldReturnNilOnSliceWhenIndicesBothAreUpperBound" time="0"/>
  <testcase classname="javaslang.collection.VectorTest" name="shouldPatchEmptyByNonEmpty" time="0"/>
  <testcase classname="javaslang.collection.VectorTest" name="shouldReturnSubSequenceWhenIndicesAreWithinRange" time="0"/>
  <testcase classname="javaslang.collection.VectorTest" name="shouldRemoveFirstElementByPredicateBeginM" time="0"/>
  <testcase classname="javaslang.collection.VectorTest" name="shouldThrowWhenInsertOnNonNilAllWithNegativeIndex" time="0"/>
  <testcase classname="javaslang.collection.VectorTest" name="shouldGetLastElement" time="0"/>
  <testcase classname="javaslang.collection.VectorTest" name="shouldRecognizeNonNilDoesContainSlice" time="0"/>
  <testcase classname="javaslang.collection.VectorTest" name="shouldRemoveFirstElementByPredicateInnerM" time="0"/>
  <testcase classname="javaslang.collection.VectorTest" name="shouldGetFirstElement" time="0"/>
  <testcase classname="javaslang.collection.VectorTest" name="shouldPrependElementToNonNil" time="0"/>
  <testcase classname="javaslang.collection.VectorTest" name="shouldInserAlltIntoNil" time="0"/>
  <testcase classname="javaslang.collection.VectorTest" name="shouldStartsNonNilOfNonNilWithOffsetCalculate1" time="0.001"/>
  <testcase classname="javaslang.collection.VectorTest" name="shouldStartsNonNilOfNonNilWithOffsetCalculate2" time="0"/>
  <testcase classname="javaslang.collection.VectorTest" name="shouldStartsNonNilOfNonNilWithOffsetCalculate3" time="0"/>
  <testcase classname="javaslang.collection.VectorTest" name="shouldRemoveIndxOutOfBoundsLeft" time="0"/>
  <testcase classname="javaslang.collection.VectorTest" name="shouldSortByNilUsingComparatorAndFunction" time="0.002"/>
  <testcase classname="javaslang.collection.VectorTest" name="shouldThrowWhenSubSequenceOnNil" time="0"/>
  <testcase classname="javaslang.collection.VectorTest" name="shouldReturnNilWhenSubSequenceFrom0OnNil" time="0"/>
  <testcase classname="javaslang.collection.VectorTest" name="shouldComputeSliceOnNilWhenBeginIndexIsGreaterThanEndIndex" time="0"/>
  <testcase classname="javaslang.collection.VectorTest" name="shouldThrowWhenSetWithNegativeIndexOnNonNil" time="0"/>
  <testcase classname="javaslang.collection.VectorTest" name="shouldRemoveFirstElementByPredicateFromNil" time="0"/>
  <testcase classname="javaslang.collection.VectorTest" name="shouldSplitPredicateAtNil" time="0"/>
  <testcase classname="javaslang.collection.VectorTest" name="shouldCalculateCrossProductOfNonNilAndNonNil" time="0.001"/>
  <testcase classname="javaslang.collection.VectorTest" name="shouldThrowWhenCalculatingCrossProductAndThatIsNull" time="0"/>
  <testcase classname="javaslang.collection.VectorTest" name="shouldAppendNullElementToNil" time="0"/>
  <testcase classname="javaslang.collection.VectorTest" name="shouldCalculateLastIndexWhere" time="0.001"/>
  <testcase classname="javaslang.collection.VectorTest" name="shouldThrowWhenSetWithIndexExceedingByTwoOnNonNil" time="0"/>
  <testcase classname="javaslang.collection.VectorTest" name="shouldInsertAllInFrontOfElement" time="0"/>
  <testcase classname="javaslang.collection.VectorTest" name="shouldStartsNonNilOfNilWithOffsetCalculate" time="0"/>
  <testcase classname="javaslang.collection.VectorTest" name="shouldSplitAtPredicateBegin" time="0"/>
  <testcase classname="javaslang.collection.VectorTest" name="shouldFindIndexOfInnerSlice" time="0"/>
  <testcase classname="javaslang.collection.VectorTest" name="shouldSortByNilUsingFunction" time="0"/>
  <testcase classname="javaslang.collection.VectorTest" name="shouldThrowOnInsertAllWithNil" time="0"/>
  <testcase classname="javaslang.collection.VectorTest" name="shouldFindIndexOfFirstElement" time="0"/>
  <testcase classname="javaslang.collection.VectorTest" name="shouldCreateReverseIteratorOfSingle" time="0"/>
  <testcase classname="javaslang.collection.VectorTest" name="shouldThrowOnSubSequenceOnNonNilWhenBeginIndexExceedsLowerBound" time="0"/>
  <testcase classname="javaslang.collection.VectorTest" name="shouldSplitAtInclusivePredicateNotFound" time="0"/>
  <testcase classname="javaslang.collection.VectorTest" name="shouldReturnNilWhenSubSequenceBeginningWithSize" time="0"/>
  <testcase classname="javaslang.collection.VectorTest" name="shouldReturnNilWhenSubSequenceFrom0To0OnNil" time="0"/>
  <testcase classname="javaslang.collection.VectorTest" name="shouldNotFindIndexOfSliceWhenStartIsGreater" time="0"/>
  <testcase classname="javaslang.collection.VectorTest" name="shouldReturnSeqWithFirstElementWhenSliceFrom0To1OnNonNil" time="0"/>
  <testcase classname="javaslang.collection.VectorTest" name="shouldReturnSeqWithFirstElementWhenSubSequenceFrom0To1OnNonNil" time="0"/>
  <testcase classname="javaslang.collection.VectorTest" name="shouldPrependAllNonNilToNonNil" time="0"/>
  <testcase classname="javaslang.collection.VectorTest" name="shouldPrependAllNilToNonNil" time="0"/>
  <testcase classname="javaslang.collection.VectorTest" name="shouldRemoveFirstElementByPredicateNonExisting" time="0"/>
  <testcase classname="javaslang.collection.VectorTest" name="shouldAppendAllNonNilToNonNil" time="0.001"/>
  <testcase classname="javaslang.collection.VectorTest" name="shouldReturnNilWhenOnSubSequenceIndicesBothAreUpperBound" time="0"/>
  <testcase classname="javaslang.collection.VectorTest" name="shouldThrowWhenSubSequenceWithOutOfUpperBound" time="0"/>
  <testcase classname="javaslang.collection.VectorTest" name="shouldComputeSliceOnNilWhenBeginIndexExceedsLowerBound" time="0"/>
  <testcase classname="javaslang.collection.VectorTest" name="shouldReturnSubSequenceWhenIndexIsWithinRange" time="0"/>
  <testcase classname="javaslang.collection.VectorTest" name="shouldReturnNilWhenSubSequenceFrom0To0OnNonNil" time="0"/>
  <testcase classname="javaslang.collection.VectorTest" name="shouldSplitInclusivePredicateAtNil" time="0"/>
  <testcase classname="javaslang.collection.VectorTest" name="shouldRemoveLastElementByPredicateNonExisting" time="0"/>
  <testcase classname="javaslang.collection.VectorTest" name="shouldRemoveLastElementByPredicateInnerM" time="0"/>
  <testcase classname="javaslang.collection.VectorTest" name="shouldComputePermutationsOfNonEmptyList" time="0.002"/>
  <testcase classname="javaslang.collection.VectorTest" name="shouldSetFirstElement" time="0"/>
  <testcase classname="javaslang.collection.VectorTest" name="shouldThrowWhenInsertOnNilAllWithNegativeIndex" time="0"/>
  <testcase classname="javaslang.collection.VectorTest" name="shouldSplitPredicateAtNonNil" time="0"/>
  <testcase classname="javaslang.collection.VectorTest" name="shouldRemoveIndxOutOfBoundsRight" time="0"/>
  <testcase classname="javaslang.collection.VectorTest" name="shouldCalculateCrossProductOfNilAndNonNil" time="0"/>
  <testcase classname="javaslang.collection.VectorTest" name="shouldFullyIterateNonNilStartingAtIndex" time="0"/>
  <testcase classname="javaslang.collection.VectorTest" name="shouldThrowOnSubSequenceOnNilWhenBeginIndexExceedsLowerBound" time="0"/>
  <testcase classname="javaslang.collection.VectorTest" name="shouldInsertBehindOfElement" time="0.001"/>
  <testcase classname="javaslang.collection.VectorTest" name="shouldReturnNilWhenSliceFrom1To1OnNonNil" time="0"/>
  <testcase classname="javaslang.collection.VectorTest" name="shouldAppendAllNilToNonNil" time="0"/>
  <testcase classname="javaslang.collection.VectorTest" name="shouldThrowWhenSubSequence2OnNil" time="0"/>
  <testcase classname="javaslang.collection.VectorTest" name="shouldNotRemoveAllNonObjectsElementsFromNonNil" time="0"/>
  <testcase classname="javaslang.collection.VectorTest" name="shouldAppendElementToNil" time="0"/>
  <testcase classname="javaslang.collection.VectorTest" name="shouldInsertIntoNil" time="0"/>
  <testcase classname="javaslang.collection.VectorTest" name="shouldInsertIntoSeq" time="0"/>
  <testcase classname="javaslang.collection.VectorTest" name="shouldPadEmptyToNonEmpty" time="0.001"/>
  <testcase classname="javaslang.collection.VectorTest" name="shouldReturnIdentityWhenSubSequenceFrom0OnNonNil" time="0"/>
  <testcase classname="javaslang.collection.VectorTest" name="shouldReturnNilWhenSliceFrom0To0OnNil" time="0"/>
  <testcase classname="javaslang.collection.VectorTest" name="shouldComputePermutationsOfEmptyList" time="0"/>
  <testcase classname="javaslang.collection.VectorTest" name="shouldRemoveLastElementByPredicateBegin" time="0"/>
  <testcase classname="javaslang.collection.VectorTest" name="shouldThrowOnPrependAllOfNull" time="0"/>
  <testcase classname="javaslang.collection.VectorTest" name="shouldRemoveLastElementByPredicateInner" time="0"/>
  <testcase classname="javaslang.collection.VectorTest" name="shouldReverseNonNil" time="0"/>
  <testcase classname="javaslang.collection.VectorTest" name="shouldNotStartsNonNilOfNonNilWithOffsetEndCalculate" time="0"/>
  <testcase classname="javaslang.collection.VectorTest" name="shouldFindLastIndexOfSliceWithEnd" time="0.001"/>
  <testcase classname="javaslang.collection.VectorTest" name="shouldTestEndsWith" time="0"/>
  <testcase classname="javaslang.collection.VectorTest" name="shouldFindIndexOfInnerElement" time="0"/>
  <testcase classname="javaslang.collection.VectorTest" name="shouldAppendElementToNonNil" time="0"/>
  <testcase classname="javaslang.collection.VectorTest" name="shouldUseSeqAsPartialFunction" time="0"/>
  <testcase classname="javaslang.collection.VectorTest" name="shouldComputeCombinationsOfEmptyList" time="0.001"/>
  <testcase classname="javaslang.collection.VectorTest" name="shouldRemoveLastElementByPredicateEndM" time="0"/>
  <testcase classname="javaslang.collection.VectorTest" name="shouldReturnSliceWhenIndicesAreWithinRange" time="0"/>
  <testcase classname="javaslang.collection.VectorTest" name="shouldPadNonEmpty" time="0"/>
  <testcase classname="javaslang.collection.VectorTest" name="shouldInsertAllIntoSeq" time="0"/>
  <testcase classname="javaslang.collection.VectorTest" name="shouldSortNonNilUsingComparator" time="0"/>
  <testcase classname="javaslang.collection.VectorTest" name="shouldFindIndexOfLastElement" time="0"/>
  <testcase classname="javaslang.collection.VectorTest" name="shouldFindLastIndexOfElement" time="0"/>
  <testcase classname="javaslang.collection.VectorTest" name="shouldStartsNonNilOfNilCalculate" time="0"/>
  <testcase classname="javaslang.collection.VectorTest" name="shouldNotStartsNonNilOfNonNilWithNegativeOffsetCalculate" time="0"/>
  <testcase classname="javaslang.collection.VectorTest" name="shouldComputeSliceWhenEndIndexExceedsUpperBound" time="0"/>
  <testcase classname="javaslang.collection.VectorTest" name="shouldTestIdexedSeqEndsWithNonIndexedSeq" time="0"/>
  <testcase classname="javaslang.collection.VectorTest" name="shouldPatchNonEmptyByNonEmpty" time="0.001"/>
  <testcase classname="javaslang.collection.VectorTest" name="shouldRemoveLastElementByPredicateFromNil" time="0"/>
  <testcase classname="javaslang.collection.VectorTest" name="shouldRemoveAllExistingObjectsFromNonNil" time="0"/>
  <testcase classname="javaslang.collection.VectorTest" name="shouldInsertInFrontOfElement" time="0"/>
  <testcase classname="javaslang.collection.VectorTest" name="shouldRemoveNonExistingElement" time="0"/>
  <testcase classname="javaslang.collection.VectorTest" name="shouldStartsNilOfNilWithOffsetCalculate" time="0"/>
  <testcase classname="javaslang.collection.VectorTest" name="shouldRemoveFirstElementByPredicateEnd" time="0"/>
  <testcase classname="javaslang.collection.VectorTest" name="shouldPrependElementToNil" time="0"/>
  <testcase classname="javaslang.collection.VectorTest" name="shouldStartsNilOfNilCalculate" time="0"/>
  <testcase classname="javaslang.collection.VectorTest" name="shouldComputeKCombinationsOfNegativeK" time="0.001"/>
  <testcase classname="javaslang.collection.VectorTest" name="shouldRemoveIndxAtEnd" time="0"/>
  <testcase classname="javaslang.collection.VectorTest" name="shouldRemoveIndxAtNil" time="0"/>
  <testcase classname="javaslang.collection.VectorTest" name="shouldRemoveIndxAtBegin" time="0"/>
  <testcase classname="javaslang.collection.VectorTest" name="shouldCalculateCrossProductOfNil" time="0"/>
  <testcase classname="javaslang.collection.VectorTest" name="shouldCalculateCrossProductPower" time="0.001"/>
  <testcase classname="javaslang.collection.VectorTest" name="shouldCalculateCrossProductOfNonNil" time="0"/>
  <testcase classname="javaslang.collection.VectorTest" name="shouldNotFindLastIndexOfElementWhenEndIdLess" time="0"/>
  <testcase classname="javaslang.collection.VectorTest" name="shouldComputeKCombinationsOfEmptyList" time="0.001"/>
  <testcase classname="javaslang.collection.VectorTest" name="shouldRemoveFirstElement" time="0"/>
  <testcase classname="javaslang.collection.VectorTest" name="shouldFindIndexOfLastSlice" time="0"/>
  <testcase classname="javaslang.collection.VectorTest" name="shouldRemoveLastElementByPredicateEnd" time="0"/>
  <testcase classname="javaslang.collection.VectorTest" name="shouldComputeSliceWhenBeginIndexAndEndIndexAreBothOutOfBounds" time="0"/>
  <testcase classname="javaslang.collection.VectorTest" name="shouldSortNilUsingComparator" time="0"/>
  <testcase classname="javaslang.collection.VectorTest" name="shouldRemoveElementFromNil" time="0"/>
  <testcase classname="javaslang.collection.VectorTest" name="shouldThrowOnSubSequenceOnNonNilWhenBeginIndexIsGreaterThanEndIndex" time="0"/>
  <testcase classname="javaslang.collection.VectorTest" name="shouldThrowOnSubSequenceOnNilWhenBeginIndexIsGreaterThanEndIndex" time="0.001"/>
  <testcase classname="javaslang.collection.VectorTest" name="shouldNotFindIndexOfElementWhenStartIsGreater" time="0"/>
  <testcase classname="javaslang.collection.VectorTest" name="shouldSplitAtBegin" time="0"/>
  <testcase classname="javaslang.collection.VectorTest" name="shouldNotFindLastIndexOfElementWhenSeqIsEmpty" time="0"/>
  <testcase classname="javaslang.collection.VectorTest" name="shouldPrependAllNonNilToNil" time="0"/>
  <testcase classname="javaslang.collection.VectorTest" name="shouldFailIndexWhereNullPredicate" time="0"/>
  <testcase classname="javaslang.collection.VectorTest" name="shouldThrowWhenInsertOnNilWithNegativeIndex" time="0"/>
  <testcase classname="javaslang.collection.VectorTest" name="shouldSetLastElement" time="0"/>
  <testcase classname="javaslang.collection.VectorTest" name="shouldComputeCombinationsOfNonEmptyList" time="0.001"/>
  <testcase classname="javaslang.collection.VectorTest" name="shouldRecognizeNonNilDoesNotContainSlice" time="0"/>
  <testcase classname="javaslang.collection.VectorTest" name="shouldSplitAtNonNil" time="0"/>
  <testcase classname="javaslang.collection.VectorTest" name="shouldIntersperseSingleton" time="0"/>
  <testcase classname="javaslang.collection.VectorTest" name="shouldPrependAllNilToNil" time="0"/>
  <testcase classname="javaslang.collection.VectorTest" name="shouldFailLastIndexWhereNullPredicate" time="0.001"/>
  <testcase classname="javaslang.collection.VectorTest" name="shouldThrowWhenGetWithTooBigIndexOnNonNil" time="0"/>
  <testcase classname="javaslang.collection.VectorTest" name="shouldThrowOnSubSequenceWhenBeginIndexIsGreaterThanEndIndex" time="0"/>
  <testcase classname="javaslang.collection.VectorTest" name="shouldThrowOnInsertAllWhenExceedingUpperBound" time="0"/>
  <testcase classname="javaslang.collection.VectorTest" name="shouldThrowOnInsertWhenExceedingUpperBound" time="0"/>
  <testcase classname="javaslang.collection.VectorTest" name="shouldThrowOnSubSequenceWhenEndIndexExceedsUpperBound" time="0"/>
  <testcase classname="javaslang.collection.VectorTest" name="shouldCalculateSegmentLength" time="0"/>
  <testcase classname="javaslang.collection.VectorTest" name="shouldRemoveLastElement" time="0.001"/>
  <testcase classname="javaslang.collection.VectorTest" name="shouldSplitAtOutOfBounds" time="0.001"/>
  <testcase classname="javaslang.collection.VectorTest" name="shouldCalculatePrefixLength" time="0"/>
  <testcase classname="javaslang.collection.VectorTest" name="shouldNotFindIndexOfElementWhenSeqIsEmpty" time="0"/>
  <testcase classname="javaslang.collection.VectorTest" name="shouldReturnNilWhenSliceFrom0To0OnNonNil" time="0"/>
  <testcase classname="javaslang.collection.VectorTest" name="shouldThrowWhenSetOnNil" time="0"/>
  <testcase classname="javaslang.collection.VectorTest" name="shouldRecognizeNilNotContainsSlice" time="0"/>
  <testcase classname="javaslang.collection.VectorTest" name="shouldSplitAtPredicateEnd" time="0"/>
  <testcase classname="javaslang.collection.VectorTest" name="shouldNotFindLastIndexOfSliceWhenEndIdLess" time="0"/>
  <testcase classname="javaslang.collection.VectorTest" name="shouldPadNonEmptyZeroLen" time="0"/>
  <testcase classname="javaslang.collection.VectorTest" name="shouldAppendAllNonNilToNil" time="0"/>
  <testcase classname="javaslang.collection.VectorTest" name="shouldSplitAtInclusivePredicateEnd" time="0"/>
  <testcase classname="javaslang.collection.VectorTest" name="shouldSplitInclusivePredicateAtNonNil" time="0"/>
  <testcase classname="javaslang.collection.VectorTest" name="shouldRemoveAllObjectsFromNil" time="0"/>
  <testcase classname="javaslang.collection.VectorTest" name="shouldCreateReverseIteratorOfEmpty" time="0"/>
  <testcase classname="javaslang.collection.VectorTest" name="shouldNotFindLastIndexOfSliceWhenSeqIsEmpty" time="0"/>
  <testcase classname="javaslang.collection.VectorTest" name="shouldNotFindIndexOfSliceWhenSeqIsEmpty" time="0"/>
  <testcase classname="javaslang.collection.VectorTest" name="shouldReturnNilWhenSubSequenceFrom1OnSeqOf1" time="0"/>
  <testcase classname="javaslang.collection.VectorTest" name="shouldThrowWhenNilIteratorStartingAtIndex" time="0"/>
  <testcase classname="javaslang.collection.VectorTest" name="shouldCalculateCrossProductOfNonNilAndNil" time="0"/>
  <testcase classname="javaslang.collection.VectorTest" name="shouldThrowSegmentLengthNullPredicate" time="0"/>
  <testcase classname="javaslang.collection.VectorTest" name="shouldCalculateIndexWhere" time="0.001"/>
  <testcase classname="javaslang.collection.VectorTest" name="shouldStartsNonNilOfNonNilWithOffsetAtStartCalculate" time="0"/>
  <testcase classname="javaslang.collection.VectorTest" name="shouldFindLastIndexOfElementWithEnd" time="0"/>
  <testcase classname="javaslang.collection.VectorTest" name="shouldRemoveInnerElement" time="0"/>
  <testcase classname="javaslang.collection.VectorTest" name="shouldThrowWhenGetWithNegativeIndexOnNil" time="0"/>
  <testcase classname="javaslang.collection.VectorTest" name="shouldComputeKCombinationsOfNonEmptyList" time="0"/>
  <testcase classname="javaslang.collection.VectorTest" name="shouldThrowWhenGetWithNegativeIndexOnNonNil" time="0"/>
  <testcase classname="javaslang.collection.VectorTest" name="shouldFindLastIndexOfSlice" time="0"/>
  <testcase classname="javaslang.collection.VectorTest" name="shouldStartsNilOfNonNilWithOffsetCalculate" time="0"/>
  <testcase classname="javaslang.collection.VectorTest" name="shouldIntersperseMultipleElements" time="0"/>
  <testcase classname="javaslang.collection.VectorTest" name="shouldCalculateCrossProductOfNilAndNil" time="0"/>
  <testcase classname="javaslang.collection.VectorTest" name="shouldComputeSliceOnNonNilWhenBeginIndexIsGreaterThanEndIndex" time="0"/>
  <testcase classname="javaslang.collection.VectorTest" name="shouldThrowWhenSetWithIndexExceedingByOneOnNonNil" time="0"/>
  <testcase classname="javaslang.collection.VectorTest" name="shouldNotRemoveAllNonExistingElementsFromNonNil" time="0"/>
  <testcase classname="javaslang.collection.VectorTest" name="shouldAppendAllNilToNil" time="0"/>
  <testcase classname="javaslang.collection.VectorTest" name="shouldThrowWhenGetOnNil" time="0.001"/>
  <testcase classname="javaslang.collection.VectorTest" name="shouldCreateReverseIteratorOfNonEmpty" time="0"/>
  <testcase classname="javaslang.collection.VectorTest" name="shouldSortNonNil" time="0"/>
  <testcase classname="javaslang.collection.VectorTest" name="shouldSortByNonNilUsingComparatorAndFunction" time="0"/>
  <testcase classname="javaslang.collection.VectorTest" name="shouldThrowPrefixLengthNullPredicate" time="0"/>
  <testcase classname="javaslang.collection.VectorTest" name="shouldReturnNilWhenSubSequenceFrom1To1OnNonNil" time="0"/>
  <testcase classname="javaslang.collection.VectorTest" name="shouldReverseNil" time="0"/>
  <testcase classname="javaslang.collection.VectorTest" name="shouldComputeSliceWhenBeginIndexIsGreaterThanEndIndex" time="0"/>
  <testcase classname="javaslang.collection.VectorTest" name="shouldRemoveAllExistingElementsFromNonNil" time="0.001"/>
  <testcase classname="javaslang.collection.VectorTest" name="shouldThrowWhenInsertOnNonNilWithNegativeIndex" time="0"/>
  <testcase classname="javaslang.collection.VectorTest" name="shouldRemoveIndxAtNonNil" time="0"/>
  <testcase classname="javaslang.collection.VectorTest" name="shouldPatchNonEmptyByEmpty" time="0"/>
  <testcase classname="javaslang.collection.VectorTest" name="shouldNotStartsNonNilOfNonNilWithOffsetEqualLengthCalculate" time="0"/>
  <testcase classname="javaslang.collection.VectorTest" name="shouldIterateFirstElementOfNonNilStartingAtIndex" time="0"/>
  <testcase classname="javaslang.collection.VectorTest" name="shouldPadEmptyToEmpty" time="0"/>
  <testcase classname="javaslang.collection.VectorTest" name="shouldStartsNonNilOfNonNilCalculate" time="0"/>
  <testcase classname="javaslang.collection.VectorTest" name="shouldThrowWhenSubSequenceWithOutOfLowerBound" time="0.001"/>
  <testcase classname="javaslang.collection.VectorTest" name="shouldSortByNonNilUsingFunction" time="0"/>
  <testcase classname="javaslang.collection.VectorTest" name="shouldCreateRangeClosedByWhereFromAndToEqualMAX_VALUE" time="0"/>
  <testcase classname="javaslang.collection.VectorTest" name="shouldProhibitDoubleRangeByStepEqualNaN" time="0"/>
  <testcase classname="javaslang.collection.VectorTest" name="shouldCreateRangeClosedByWhereFromIsLessThanToAndStepCorrectDirection" time="0"/>
  <testcase classname="javaslang.collection.VectorTest" name="shouldCreateRangeClosedWhereFromIsLessThanTo" time="0.001"/>
  <testcase classname="javaslang.collection.VectorTest" name="shouldCreateRangeClosedByWhereFromEqualsTo" time="0"/>
  <testcase classname="javaslang.collection.VectorTest" name="shouldCreateRangeClosedWhereFromIsGreaterThanTo" time="0"/>
  <testcase classname="javaslang.collection.VectorTest" name="shouldCreateRangeClosedByWhereFromAndToEqualMIN_VALUE" time="0"/>
  <testcase classname="javaslang.collection.VectorTest" name="shouldCreateRangeWhereFromIsLessThanTo" time="0"/>
  <testcase classname="javaslang.collection.VectorTest" name="shouldCreateRangeByWhereFromEqualsTo" time="0"/>
  <testcase classname="javaslang.collection.VectorTest" name="shouldProhibitDoubleRangeClosedByFromEqualNaN" time="0"/>
  <testcase classname="javaslang.collection.VectorTest" name="shouldProhibitLongRangeClosedByStepZero" time="0"/>
  <testcase classname="javaslang.collection.VectorTest" name="shouldProhibitIntRangeClosedByStepZero" time="0"/>
  <testcase classname="javaslang.collection.VectorTest" name="shouldProhibitDoubleRangeClosedByToEqualsNaN" time="0"/>
  <testcase classname="javaslang.collection.VectorTest" name="shouldProhibitDoubleRangeByFromEqualNaN" time="0"/>
  <testcase classname="javaslang.collection.VectorTest" name="shouldCreateRangeByWhereFromAndToEqualMAX_VALUE" time="0"/>
  <testcase classname="javaslang.collection.VectorTest" name="shouldCreateRangeClosedWhereFromAndToEqualMAX_VALUE" time="0"/>
  <testcase classname="javaslang.collection.VectorTest" name="shouldProhibitDoubleRangeByStepZero" time="0"/>
  <testcase classname="javaslang.collection.VectorTest" name="shouldProhibitIntRangeByStepZero" time="0"/>
  <testcase classname="javaslang.collection.VectorTest" name="shouldCreateRangeWhereFromEqualsTo" time="0"/>
  <testcase classname="javaslang.collection.VectorTest" name="shouldProhibitDoubleRangeByToEqualsNaN" time="0.001"/>
  <testcase classname="javaslang.collection.VectorTest" name="shouldCreateRangeWhereFromIsGreaterThanTo" time="0"/>
  <testcase classname="javaslang.collection.VectorTest" name="shouldProhibitCharRangeByStepZero" time="0"/>
  <testcase classname="javaslang.collection.VectorTest" name="shouldProhibitLongRangeByStepZero" time="0"/>
  <testcase classname="javaslang.collection.VectorTest" name="shouldCreateRangeByWhereFromIsGreaterThanToAndStepWrongDirection" time="0"/>
  <testcase classname="javaslang.collection.VectorTest" name="shouldProhibitDoubleRangeClosedByStepZero" time="0"/>
  <testcase classname="javaslang.collection.VectorTest" name="shouldCreateDoubleRangeClosedByFromInfinity" time="0"/>
  <testcase classname="javaslang.collection.VectorTest" name="shouldCreateRangeByWhereFromAndToEqualMIN_VALUE" time="0.001"/>
  <testcase classname="javaslang.collection.VectorTest" name="shouldCreateRangeClosedWhereFromAndToEqualMIN_VALUE" time="0"/>
  <testcase classname="javaslang.collection.VectorTest" name="shouldCreateDoubleRangeByFromInfinity" time="0"/>
  <testcase classname="javaslang.collection.VectorTest" name="shouldCreateRangeClosedByWhereFromIsGreaterThanToAndStepWrongDirection" time="0"/>
  <testcase classname="javaslang.collection.VectorTest" name="shouldCreateRangeClosedWhereFromEqualsTo" time="0"/>
  <testcase classname="javaslang.collection.VectorTest" name="shouldProhibitCharRangeClosedByStepZero" time="0"/>
  <testcase classname="javaslang.collection.VectorTest" name="shouldCreateRangeByWhereFromIsLessThanToAndStepCorrectDirection" time="0"/>
  <testcase classname="javaslang.collection.VectorTest" name="shouldCreateRangeWhereFromAndToEqualMAX_VALUE" time="0"/>
  <testcase classname="javaslang.collection.VectorTest" name="shouldCreateDoubleRangeClosedByFromMaxToInfinity" time="0"/>
  <testcase classname="javaslang.collection.VectorTest" name="shouldCreateRangeByWithBigStep" time="0.002"/>
  <testcase classname="javaslang.collection.VectorTest" name="shouldCreateDoubleRangeByFromMaxToInfinity" time="0"/>
  <testcase classname="javaslang.collection.VectorTest" name="shouldCreateRangeWhereFromAndToEqualMIN_VALUE" time="0"/>
  <testcase classname="javaslang.collection.VectorTest" name="shouldProhibitDoubleRangeClosedByStepEqualNaN" time="0"/>
  <testcase classname="javaslang.collection.VectorTest" name="shouldThrowWhenTailOnNil" time="0"/>
  <testcase classname="javaslang.collection.VectorTest" name="shouldZipAllNils" time="0"/>
  <testcase classname="javaslang.collection.VectorTest" name="shouldDropUntilNoneIfPredicateIsTrue" time="0"/>
  <testcase classname="javaslang.collection.VectorTest" name="shouldThrowWhenMaxByFunctionOfNil" time="0"/>
  <testcase classname="javaslang.collection.VectorTest" name="shouldSplitNonNil" time="0"/>
  <testcase classname="javaslang.collection.VectorTest" name="shouldComputeAverageOfFloat" time="0"/>
  <testcase classname="javaslang.collection.VectorTest" name="shouldComputeAverageOfShort" time="0"/>
  <testcase classname="javaslang.collection.VectorTest" name="shouldCreateListOfPrimitiveIntArray" time="0"/>
  <testcase classname="javaslang.collection.VectorTest" name="shouldThrowWhenMaxByOfNil" time="0"/>
  <testcase classname="javaslang.collection.VectorTest" name="shouldSpanNil" time="0"/>
  <testcase classname="javaslang.collection.VectorTest" name="shouldReplaceAllElementsOfNonNilUsingCurrNonExistingNew" time="0"/>
  <testcase classname="javaslang.collection.VectorTest" name="shouldReduceRightNonNil" time="0"/>
  <testcase classname="javaslang.collection.VectorTest" name="shouldSlide4ElementsBySize5AndStep3" time="0"/>
  <testcase classname="javaslang.collection.VectorTest" name="shouldFindFirstOfNonNil" time="0"/>
  <testcase classname="javaslang.collection.VectorTest" name="shouldScanWithNonComparable" time="0"/>
  <testcase classname="javaslang.collection.VectorTest" name="shouldScanRightNonEmpty" time="0"/>
  <testcase classname="javaslang.collection.VectorTest" name="shouldSerializeDeserializeNonNil" time="0.004"/>
  <testcase classname="javaslang.collection.VectorTest" name="shouldTabulateTheSeqWith0Elements" time="0"/>
  <testcase classname="javaslang.collection.VectorTest" name="shouldScanLeftWithNonComparable" time="0"/>
  <testcase classname="javaslang.collection.VectorTest" name="shouldCreateListOfPrimitiveCharArray" time="0"/>
  <testcase classname="javaslang.collection.VectorTest" name="shouldDropWhileAllIfPredicateIsTrue" time="0"/>
  <testcase classname="javaslang.collection.VectorTest" name="shouldComputeSumOfBigDecimal" time="0"/>
  <testcase classname="javaslang.collection.VectorTest" name="shouldCreateListOfPrimitiveDoubleArray" time="0"/>
  <testcase classname="javaslang.collection.VectorTest" name="shouldComputeMaxOfByte" time="0"/>
  <testcase classname="javaslang.collection.VectorTest" name="shouldComputeMaxOfChar" time="0"/>
  <testcase classname="javaslang.collection.VectorTest" name="shouldComputeMaxOfLong" time="0"/>
  <testcase classname="javaslang.collection.VectorTest" name="shouldComputeMaxOfBoolean" time="0"/>
  <testcase classname="javaslang.collection.VectorTest" name="shouldHaveSizedSpliterator" time="0"/>
  <testcase classname="javaslang.collection.VectorTest" name="shouldDropRightAllIfCountExceedsSize" time="0"/>
  <testcase classname="javaslang.collection.VectorTest" name="shouldCountWhenSomeSatisfyThePredicate" time="0"/>
  <testcase classname="javaslang.collection.VectorTest" name="shouldMkStringNonNil" time="0"/>
  <testcase classname="javaslang.collection.VectorTest" name="shouldHaveImmutableSpliterator" time="0"/>
  <testcase classname="javaslang.collection.VectorTest" name="shouldThrowWhenGroupedWithSizeZero" time="0"/>
  <testcase classname="javaslang.collection.VectorTest" name="shouldRecognizeNil" time="0"/>
  <testcase classname="javaslang.collection.VectorTest" name="shouldFullyIterateNonNil" time="0"/>
  <testcase classname="javaslang.collection.VectorTest" name="shouldComputeMaxOfInt" time="0"/>
  <testcase classname="javaslang.collection.VectorTest" name="shouldThrowWhenSlidingNonNilByNegativeSize" time="0"/>
  <testcase classname="javaslang.collection.VectorTest" name="shouldComputeLengthOfNonNil" time="0"/>
  <testcase classname="javaslang.collection.VectorTest" name="shouldZipNilWithIndex" time="0"/>
  <testcase classname="javaslang.collection.VectorTest" name="shouldThrowWhenFoldRightNullOperator" time="0"/>
  <testcase classname="javaslang.collection.VectorTest" name="shouldThrowWhenMinByWithNullComparator" time="0"/>
  <testcase classname="javaslang.collection.VectorTest" name="shouldScanRightWithNonComparable" time="0.001"/>
  <testcase classname="javaslang.collection.VectorTest" name="shouldCalculateDifferentHashCodesForDifferentTraversables" time="0"/>
  <testcase classname="javaslang.collection.VectorTest" name="shouldCountWhenAllSatisfyThePredicate" time="0"/>
  <testcase classname="javaslang.collection.VectorTest" name="shouldReturnSomeHeadWhenCallingHeadOptionOnNonNil" time="0"/>
  <testcase classname="javaslang.collection.VectorTest" name="shouldTabulateTheSeqCallingTheFunctionInTheRightOrder" time="0"/>
  <testcase classname="javaslang.collection.VectorTest" name="shouldNonNilNotEqualsNull" time="0"/>
  <testcase classname="javaslang.collection.VectorTest" name="shouldClearNonNil" time="0"/>
  <testcase classname="javaslang.collection.VectorTest" name="shouldComputeSumOfBigInteger" time="0"/>
  <testcase classname="javaslang.collection.VectorTest" name="shouldTakeRightAllIfCountExceedsSize" time="0"/>
  <testcase classname="javaslang.collection.VectorTest" name="shouldReduceRightOptionNonNil" time="0"/>
  <testcase classname="javaslang.collection.VectorTest" name="shouldTakeRightAsExpectedIfCountIsLessThanSize" time="0"/>
  <testcase classname="javaslang.collection.VectorTest" name="shouldConvertNonNilToArrayList" time="0"/>
  <testcase classname="javaslang.collection.VectorTest" name="shouldReturnHeadOfNonNil" time="0"/>
  <testcase classname="javaslang.collection.VectorTest" name="shouldThrowWhenFoldLeftNullOperator" time="0"/>
  <testcase classname="javaslang.collection.VectorTest" name="shouldCreateListOfPrimitiveBooleanArray" time="0.001"/>
  <testcase classname="javaslang.collection.VectorTest" name="shouldGroupedTraversableWithRemainder" time="0"/>
  <testcase classname="javaslang.collection.VectorTest" name="shouldUnzip3NonNil" time="0"/>
  <testcase classname="javaslang.collection.VectorTest" name="shouldDropNoneIfCountIsNegative" time="0"/>
  <testcase classname="javaslang.collection.VectorTest" name="shouldCalculateHashCodeOfNil" time="0"/>
  <testcase classname="javaslang.collection.VectorTest" name="shouldGroupedWhenTraversableLengthIsSmallerThanBlockSize" time="0"/>
  <testcase classname="javaslang.collection.VectorTest" name="shouldReturnNoneWhenComputingMaxOfNil" time="0"/>
  <testcase classname="javaslang.collection.VectorTest" name="shouldComputeMinOfBoolean" time="0"/>
  <testcase classname="javaslang.collection.VectorTest" name="shouldNilGroupBy" time="0.001"/>
  <testcase classname="javaslang.collection.VectorTest" name="shouldNotHasNextWhenNilIterator" time="0"/>
  <testcase classname="javaslang.collection.VectorTest" name="shouldBeAwareOfExistingUniqueElement" time="0"/>
  <testcase classname="javaslang.collection.VectorTest" name="shouldConvertNilToHashMap" time="0"/>
  <testcase classname="javaslang.collection.VectorTest" name="shouldConvertNilToHashSet" time="0"/>
  <testcase classname="javaslang.collection.VectorTest" name="shouldRecognizeNonEqualityOfTraversablesOfSameSize" time="0"/>
  <testcase classname="javaslang.collection.VectorTest" name="shouldFoldRightNil" time="0"/>
  <testcase classname="javaslang.collection.VectorTest" name="shouldCreateListOfPrimitiveByteArray" time="0"/>
  <testcase classname="javaslang.collection.VectorTest" name="shouldReplaceAllElementsOfNilUsingCurrNew" time="0"/>
  <testcase classname="javaslang.collection.VectorTest" name="shouldPartitionIntsInOddAndEvenHavingOddAndEvenNumbers" time="0"/>
  <testcase classname="javaslang.collection.VectorTest" name="shouldDropAsExpectedIfCountIsLessThanSize" time="0"/>
  <testcase classname="javaslang.collection.VectorTest" name="shouldCalculateMinByOfInts" time="0"/>
  <testcase classname="javaslang.collection.VectorTest" name="shouldPartitionIntsInOddAndEvenHavingOnlyEvenNumbers" time="0"/>
  <testcase classname="javaslang.collection.VectorTest" name="shouldComputeMinOfByte" time="0"/>
  <testcase classname="javaslang.collection.VectorTest" name="shouldComputeMinOfChar" time="0"/>
  <testcase classname="javaslang.collection.VectorTest" name="shouldComputeMinOfLong" time="0"/>
  <testcase classname="javaslang.collection.VectorTest" name="shouldUnzipNil" time="0"/>
  <testcase classname="javaslang.collection.VectorTest" name="shouldReplaceElementOfNilUsingCurrNew" time="0"/>
  <testcase classname="javaslang.collection.VectorTest" name="shouldThrowWhenGroupedWithNegativeSize" time="0"/>
  <testcase classname="javaslang.collection.VectorTest" name="shouldWriteToStderr" time="0.001"/>
  <testcase classname="javaslang.collection.VectorTest" name="shouldWriteToStdout" time="0.001"/>
  <testcase classname="javaslang.collection.VectorTest" name="shouldSlide5ElementsBySize2AndStep3" time="0"/>
  <testcase classname="javaslang.collection.VectorTest" name="shouldSlide5ElementsBySize2AndStep4" time="0"/>
  <testcase classname="javaslang.collection.VectorTest" name="shouldSlide5ElementsBySize2AndStep5" time="0"/>
  <testcase classname="javaslang.collection.VectorTest" name="shouldMkStringWithDelimiterNil" time="0"/>
  <testcase classname="javaslang.collection.VectorTest" name="shouldZipAllNonEmptyAndNil" time="0"/>
  <testcase classname="javaslang.collection.VectorTest" name="shouldDropRightNoneIfCountIsNegative" time="0"/>
  <testcase classname="javaslang.collection.VectorTest" name="shouldConvertNonNilToJavaArray" time="0"/>
  <testcase classname="javaslang.collection.VectorTest" name="shouldThrowWhenReduceNullOperator" time="0"/>
  <testcase classname="javaslang.collection.VectorTest" name="shouldComputeMinOfBigDecimal" time="0"/>
  <testcase classname="javaslang.collection.VectorTest" name="shouldThrowOnNextWhenNilIterator" time="0"/>
  <testcase classname="javaslang.collection.VectorTest" name="shouldThrowWhenMaxByWithNullFunction" time="0"/>
  <testcase classname="javaslang.collection.VectorTest" name="shouldComputeDistinctByOfNonEmptyTraversableUsingKeyExtractor" time="0"/>
  <testcase classname="javaslang.collection.VectorTest" name="shouldDropRightNoneOnNil" time="0"/>
  <testcase classname="javaslang.collection.VectorTest" name="shouldPreserveSingletonInstanceOnDeserialization" time="0.001"/>
  <testcase classname="javaslang.collection.VectorTest" name="shouldFoldLeftNil" time="0"/>
  <testcase classname="javaslang.collection.VectorTest" name="shouldThrowWhenReduceLeftNullOperator" time="0"/>
  <testcase classname="javaslang.collection.VectorTest" name="shouldThrowWhenSlidingNilByPositiveStepAndNegativeSize" time="0"/>
  <testcase classname="javaslang.collection.VectorTest" name="shouldReplaceAllElementsOfNonNilUsingCurrNew" time="0"/>
  <testcase classname="javaslang.collection.VectorTest" name="shouldThrowWhenComputingSumOfStrings" time="0"/>
  <testcase classname="javaslang.collection.VectorTest" name="shouldZipNonNilsOfSameSize" time="0.001"/>
  <testcase classname="javaslang.collection.VectorTest" name="shouldTakeNoneOnNil" time="0"/>
  <testcase classname="javaslang.collection.VectorTest" name="shouldTakeRightNoneIfCountIsNegative" time="0"/>
  <testcase classname="javaslang.collection.VectorTest" name="shouldReturnSomethingOnHasDefiniteSize" time="0"/>
  <testcase classname="javaslang.collection.VectorTest" name="shouldFoldMapNonNil" time="0"/>
  <testcase classname="javaslang.collection.VectorTest" name="shouldSpanNonNil" time="0"/>
  <testcase classname="javaslang.collection.VectorTest" name="shouldReturnNoneWhenCallingHeadOptionOnNil" time="0"/>
  <testcase classname="javaslang.collection.VectorTest" name="shouldHandleStdoutIOException" time="0"/>
  <testcase classname="javaslang.collection.VectorTest" name="shouldGroupedTraversableWithEqualSizedBlocks" time="0"/>
  <testcase classname="javaslang.collection.VectorTest" name="shouldComputeAverageOfDouble" time="0"/>
  <testcase classname="javaslang.collection.VectorTest" name="shouldCreateNil" time="0"/>
  <testcase classname="javaslang.collection.VectorTest" name="shouldReturnSomeInitWhenCallingInitOptionOnNonNil" time="0"/>
  <testcase classname="javaslang.collection.VectorTest" name="shouldSlideNilBySizeAndStep" time="0"/>
  <testcase classname="javaslang.collection.VectorTest" name="shouldComputeMinOfDouble" time="0"/>
  <testcase classname="javaslang.collection.VectorTest" name="shouldComputeSumOfByte" time="0"/>
  <testcase classname="javaslang.collection.VectorTest" name="shouldComputeSumOfLong" time="0"/>
  <testcase classname="javaslang.collection.VectorTest" name="shouldReturnSomeTailWhenCallingTailOptionOnNonNil" time="0"/>
  <testcase classname="javaslang.collection.VectorTest" name="shouldCalculateInverseMinByFunctionOfInts" time="0"/>
  <testcase classname="javaslang.collection.VectorTest" name="shouldComputeMinOfBigInteger" time="0.001"/>
  <testcase classname="javaslang.collection.VectorTest" name="shouldThrowWhenReduceOptionNil" time="0"/>
  <testcase classname="javaslang.collection.VectorTest" name="shouldClearNil" time="0"/>
  <testcase classname="javaslang.collection.VectorTest" name="shouldEmptyNotEqualsDifferentType" time="0"/>
  <testcase classname="javaslang.collection.VectorTest" name="shouldReturnLastOfNonNil" time="0"/>
  <testcase classname="javaslang.collection.VectorTest" name="shouldCalculateInverseMaxByFunctionOfInts" time="0"/>
  <testcase classname="javaslang.collection.VectorTest" name="shouldCreateListOfIterable" time="0"/>
  <testcase classname="javaslang.collection.VectorTest" name="shouldZipNils" time="0"/>
  <testcase classname="javaslang.collection.VectorTest" name="shouldTakeWhileNoneOnNil" time="0"/>
  <testcase classname="javaslang.collection.VectorTest" name="shouldCalculateMaxByOfInts" time="0"/>
  <testcase classname="javaslang.collection.VectorTest" name="shouldThrowIfZipWithThatIsNull" time="0"/>
  <testcase classname="javaslang.collection.VectorTest" name="shouldThrowWhenMaxByWithNullComparator" time="0.001"/>
  <testcase classname="javaslang.collection.VectorTest" name="shouldComputeDistinctByOfEmptyTraversableUsingKeyExtractor" time="0"/>
  <testcase classname="javaslang.collection.VectorTest" name="shouldMkStringWithDelimiterNonNil" time="0"/>
  <testcase classname="javaslang.collection.VectorTest" name="shouldZipAllEmptyAndNonNil" time="0.001"/>
  <testcase classname="javaslang.collection.VectorTest" name="shouldBeAwareOfExistingNonUniqueElement" time="0"/>
  <testcase classname="javaslang.collection.VectorTest" name="shouldGroupedNil" time="0"/>
  <testcase classname="javaslang.collection.VectorTest" name="shouldDropRightAsExpectedIfCountIsLessThanSize" time="0"/>
  <testcase classname="javaslang.collection.VectorTest" name="shouldNonNilGroupByEqual" time="0"/>
  <testcase classname="javaslang.collection.VectorTest" name="shouldTabulateTheSeqWith0ElementsWhenNIsNegative" time="0"/>
  <testcase classname="javaslang.collection.VectorTest" name="shouldHandlePrintStreamIOException" time="0"/>
  <testcase classname="javaslang.collection.VectorTest" name="shouldReturnSizeWhenSpliterator" time="0"/>
  <testcase classname="javaslang.collection.VectorTest" name="shouldMkStringWithDelimiterAndPrefixAndSuffixNonNil" time="0"/>
  <testcase classname="javaslang.collection.VectorTest" name="shouldFillTheSeqWith0Elements" time="0"/>
  <testcase classname="javaslang.collection.VectorTest" name="shouldTakeUntilAllOnFalseCondition" time="0.001"/>
  <testcase classname="javaslang.collection.VectorTest" name="shouldReplaceElementOfNonNilUsingCurrNewWhenOneOccurrenceExists" time="0"/>
  <testcase classname="javaslang.collection.VectorTest" name="shouldThrowWhenLastOnNil" time="0"/>
  <testcase classname="javaslang.collection.VectorTest" name="shouldRecognizeNonNil" time="0"/>
  <testcase classname="javaslang.collection.VectorTest" name="shouldReturnTailOfNonNil" time="0"/>
  <testcase classname="javaslang.collection.VectorTest" name="shouldThrowWhenReduceNil" time="0"/>
  <testcase classname="javaslang.collection.VectorTest" name="shouldReduceLeftNonNil" time="0"/>
  <testcase classname="javaslang.collection.VectorTest" name="shouldMkStringNil" time="0"/>
  <testcase classname="javaslang.collection.VectorTest" name="shouldRecognizeEqualityOfNonNils" time="0"/>
  <testcase classname="javaslang.collection.VectorTest" name="shouldRetainAllElementsFromNil" time="0"/>
  <testcase classname="javaslang.collection.VectorTest" name="shouldScanLeftEmpty" time="0"/>
  <testcase classname="javaslang.collection.VectorTest" name="shouldTakeUntilAsExpected" time="0"/>
  <testcase classname="javaslang.collection.VectorTest" name="shouldThrowWhenReduceRightNullOperator" time="0"/>
  <testcase classname="javaslang.collection.VectorTest" name="shouldReturnNoneWhenCallingLastOptionOnNil" time="0"/>
  <testcase classname="javaslang.collection.VectorTest" name="shouldTakeUntilNoneOnNil" time="0"/>
  <testcase classname="javaslang.collection.VectorTest" name="shouldComputeMinOfFloat" time="0"/>
  <testcase classname="javaslang.collection.VectorTest" name="shouldComputeProductOfDouble" time="0"/>
  <testcase classname="javaslang.collection.VectorTest" name="shouldComputeMinOfShort" time="0"/>
  <testcase classname="javaslang.collection.VectorTest" name="shouldComputeProductOfFloat" time="0"/>
  <testcase classname="javaslang.collection.VectorTest" name="shouldRecognizeNonNilDoesContainElement" time="0"/>
  <testcase classname="javaslang.collection.VectorTest" name="shouldCreateListOfPrimitiveShortArray" time="0"/>
  <testcase classname="javaslang.collection.VectorTest" name="shouldThrowWhenMinByWithNullFunction" time="0"/>
  <testcase classname="javaslang.collection.VectorTest" name="shouldComputeProductOfShort" time="0"/>
  <testcase classname="javaslang.collection.VectorTest" name="shouldCalculateMinByFunctionOfInts" time="0"/>
  <testcase classname="javaslang.collection.VectorTest" name="shouldUnzipNonNil" time="0"/>
  <testcase classname="javaslang.collection.VectorTest" name="shouldZipAllNonNilsIfThisIsSmaller" time="0"/>
  <testcase classname="javaslang.collection.VectorTest" name="shouldCalculateMaxByFunctionOfInts" time="0.001"/>
  <testcase classname="javaslang.collection.VectorTest" name="ofAllShouldReturnTheSingletonEmpty" time="0"/>
  <testcase classname="javaslang.collection.VectorTest" name="shouldCreateSeqOfSeqUsingCons" time="0"/>
  <testcase classname="javaslang.collection.VectorTest" name="shouldRecognizeNonEqualityOfTraversablesOfDifferentSize" time="0"/>
  <testcase classname="javaslang.collection.VectorTest" name="ofShouldReturnTheSingletonEmpty" time="0"/>
  <testcase classname="javaslang.collection.VectorTest" name="shouldReturnSomethingOnIsTraversableAgain" time="0"/>
  <testcase classname="javaslang.collection.VectorTest" name="shouldComputeMaxOfDouble" time="0"/>
  <testcase classname="javaslang.collection.VectorTest" name="shouldComputeDistinctOfNonEmptyTraversable" time="0"/>
  <testcase classname="javaslang.collection.VectorTest" name="shouldTakeWhileAllOnTrueCondition" time="0"/>
  <testcase classname="javaslang.collection.VectorTest" name="shouldDropWhileCorrect" time="0"/>
  <testcase classname="javaslang.collection.VectorTest" name="shouldCreateInstanceOfElements" time="0"/>
  <testcase classname="javaslang.collection.VectorTest" name="shouldSlideNilBySize" time="0"/>
  <testcase classname="javaslang.collection.VectorTest" name="shouldComputeMaxOfBigDecimal" time="0"/>
  <testcase classname="javaslang.collection.VectorTest" name="shouldComputeProductOfInt" time="0"/>
  <testcase classname="javaslang.collection.VectorTest" name="shouldComputeProductOfNil" time="0"/>
  <testcase classname="javaslang.collection.VectorTest" name="shouldScanNonEmpty" time="0"/>
  <testcase classname="javaslang.collection.VectorTest" name="shouldTakeAllIfCountExceedsSize" time="0"/>
  <testcase classname="javaslang.collection.VectorTest" name="shouldTakeUntilAllOnTrueCondition" time="0"/>
  <testcase classname="javaslang.collection.VectorTest" name="shouldUnzip3Nil" time="0"/>
  <testcase classname="javaslang.collection.VectorTest" name="shouldThrowWhenMinByOfNil" time="0"/>
  <testcase classname="javaslang.collection.VectorTest" name="shouldComputeDistinctByOfNonEmptyTraversableUsingComparator" time="0.001"/>
  <testcase classname="javaslang.collection.VectorTest" name="shouldDropUntilCorrect" time="0"/>
  <testcase classname="javaslang.collection.VectorTest" name="shouldParallelStreamAndCollectNonNil" time="0"/>
  <testcase classname="javaslang.collection.VectorTest" name="shouldCalculateInverseMinByOfInts" time="0"/>
  <testcase classname="javaslang.collection.VectorTest" name="shouldComputeAverageOfByte" time="0.001"/>
  <testcase classname="javaslang.collection.VectorTest" name="shouldComputeAverageOfLong" time="0"/>
  <testcase classname="javaslang.collection.VectorTest" name="shouldReturnNoneWhenCallingInitOptionOnNil" time="0"/>
  <testcase classname="javaslang.collection.VectorTest" name="shouldZipNonNilsIfThisIsSmaller" time="0"/>
  <testcase classname="javaslang.collection.VectorTest" name="shouldComputeAverageOfBigDecimal" time="0"/>
  <testcase classname="javaslang.collection.VectorTest" name="shouldCallMinFunctionOncePerElement" time="0"/>
  <testcase classname="javaslang.collection.VectorTest" name="shouldComputeSumOfInt" time="0"/>
  <testcase classname="javaslang.collection.VectorTest" name="shouldComputeSumOfNil" time="0"/>
  <testcase classname="javaslang.collection.VectorTest" name="shouldZipNonEmptyAndNil" time="0"/>
  <testcase classname="javaslang.collection.VectorTest" name="shouldReturnNoneWhenComputingAverageOfNil" time="0"/>
  <testcase classname="javaslang.collection.VectorTest" name="shouldComputeAverageOfInt" time="0"/>
  <testcase classname="javaslang.collection.VectorTest" name="shouldComputeMaxOfStrings" time="0"/>
  <testcase classname="javaslang.collection.VectorTest" name="shouldCallMaxFunctionOncePerElement" time="0"/>
  <testcase classname="javaslang.collection.VectorTest" name="shouldThrowWhenPartitionNilAndPredicateIsNull" time="0"/>
  <testcase classname="javaslang.collection.VectorTest" name="shouldFindLastOfNil" time="0"/>
  <testcase classname="javaslang.collection.VectorTest" name="shouldConvertNonNilToHashMap" time="0"/>
  <testcase classname="javaslang.collection.VectorTest" name="shouldConvertNonNilToHashSet" time="0"/>
  <testcase classname="javaslang.collection.VectorTest" name="shouldStreamAndCollectNil" time="0"/>
  <testcase classname="javaslang.collection.VectorTest" name="shouldComputeMaxOfBigInteger" time="0"/>
  <testcase classname="javaslang.collection.VectorTest" name="shouldReduceLeftOptionNonNil" time="0.001"/>
  <testcase classname="javaslang.collection.VectorTest" name="shouldComputeDistinctOfEmptyTraversable" time="0"/>
  <testcase classname="javaslang.collection.VectorTest" name="shouldThrowWhenReduceOptionNullOperator" time="0"/>
  <testcase classname="javaslang.collection.VectorTest" name="shouldEqualSameTraversableInstance" time="0"/>
  <testcase classname="javaslang.collection.VectorTest" name="shouldTakeWhileAsExpected" time="0"/>
  <testcase classname="javaslang.collection.VectorTest" name="shouldThrowWhenReduceLeftOptionNullOperator" time="0"/>
  <testcase classname="javaslang.collection.VectorTest" name="shouldTabulateTheSeq" time="0"/>
  <testcase classname="javaslang.collection.VectorTest" name="shouldThrowWhenReduceLeftOptionNil" time="0"/>
  <testcase classname="javaslang.collection.VectorTest" name="shouldHandleStderrIOException" time="0.001"/>
  <testcase classname="javaslang.collection.VectorTest" name="shouldComputeMinOfInt" time="0"/>
  <testcase classname="javaslang.collection.VectorTest" name="shouldComputeAverageOfBigInteger" time="0"/>
  <testcase classname="javaslang.collection.VectorTest" name="shouldThrowWhenMinByFunctionOfNil" time="0"/>
  <testcase classname="javaslang.collection.VectorTest" name="shouldReplaceElementOfNonNilUsingCurrNewWhenNoOccurrenceExists" time="0"/>
  <testcase classname="javaslang.collection.VectorTest" name="shouldSerializeDeserializeNil" time="0"/>
  <testcase classname="javaslang.collection.VectorTest" name="shouldThrowWhenSlidingNilByNegativeStepAndPositiveSize" time="0.001"/>
  <testcase classname="javaslang.collection.VectorTest" name="shouldThrowWhenSlidingNilByZeroSize" time="0"/>
  <testcase classname="javaslang.collection.VectorTest" name="shouldComputeDistinctByOfEmptyTraversableUsingComparator" time="0"/>
  <testcase classname="javaslang.collection.VectorTest" name="shouldCreateListOfPrimitiveLongArray" time="0"/>
  <testcase classname="javaslang.collection.VectorTest" name="shouldTakeWhileAllOnFalseCondition" time="0"/>
  <testcase classname="javaslang.collection.VectorTest" name="shouldNonNilGroupByIdentity" time="0"/>
  <testcase classname="javaslang.collection.VectorTest" name="shouldReduceOptionNonNil" time="0"/>
  <testcase classname="javaslang.collection.VectorTest" name="shouldScanLeftNonEmpty" time="0"/>
  <testcase classname="javaslang.collection.VectorTest" name="shouldComputeMinOfStrings" time="0"/>
  <testcase classname="javaslang.collection.VectorTest" name="shouldGetInitOfNonNil" time="0"/>
  <testcase classname="javaslang.collection.VectorTest" name="shouldThrowWhenReduceRightNil" time="0"/>
  <testcase classname="javaslang.collection.VectorTest" name="shouldRecognizeNonNilDoesNotContainElement" time="0"/>
  <testcase classname="javaslang.collection.VectorTest" name="shouldZipEmptyAndNonNil" time="0"/>
  <testcase classname="javaslang.collection.VectorTest" name="shouldRecognizeNonNilNotContainsAllOverlappingElements" time="0"/>
  <testcase classname="javaslang.collection.VectorTest" name="shouldCalculateInverseMaxByOfInts" time="0"/>
  <testcase classname="javaslang.collection.VectorTest" name="shouldReturnNoneWhenCallingTailOptionOnNil" time="0"/>
  <testcase classname="javaslang.collection.VectorTest" name="shouldCalculateHashCodeOfNonNil" time="0"/>
  <testcase classname="javaslang.collection.VectorTest" name="shouldComputeSumOfDouble" time="0"/>
  <testcase classname="javaslang.collection.VectorTest" name="shouldRecognizeEqualityOfNils" time="0"/>
  <testcase classname="javaslang.collection.VectorTest" name="shouldFillTheSeqWith0ElementsWhenNIsNegative" time="0"/>
  <testcase classname="javaslang.collection.VectorTest" name="shouldThrowWhenSlidingNilByNegativeStepAndNegativeSize" time="0"/>
  <testcase classname="javaslang.collection.VectorTest" name="shouldZipAllNonNilsOfSameSize" time="0.001"/>
  <testcase classname="javaslang.collection.VectorTest" name="shouldThrowWhenComputingAverageOfStrings" time="0"/>
  <testcase classname="javaslang.collection.VectorTest" name="shouldFoldMapFailNullMapper" time="0"/>
  <testcase classname="javaslang.collection.VectorTest" name="shouldSplitNil" time="0"/>
  <testcase classname="javaslang.collection.VectorTest" name="shouldRetainAllElementsFromNonNil" time="0"/>
  <testcase classname="javaslang.collection.VectorTest" name="shouldFoldMapFailNullMonoid" time="0"/>
  <testcase classname="javaslang.collection.VectorTest" name="shouldTakeNoneIfCountIsNegative" time="0"/>
  <testcase classname="javaslang.collection.VectorTest" name="shouldReturnNoneWhenComputingMinOfNil" time="0"/>
  <testcase classname="javaslang.collection.VectorTest" name="shouldFoldMapNil" time="0"/>
  <testcase classname="javaslang.collection.VectorTest" name="shouldReturnSomeLastWhenCallingLastOptionOnNonNil" time="0"/>
  <testcase classname="javaslang.collection.VectorTest" name="shouldComputeSumOfFloat" time="0"/>
  <testcase classname="javaslang.collection.VectorTest" name="shouldHaveOrderedSpliterator" time="0"/>
  <testcase classname="javaslang.collection.VectorTest" name="shouldComputeSumOfShort" time="0"/>
  <testcase classname="javaslang.collection.VectorTest" name="shouldDropNoneOnNil" time="0"/>
  <testcase classname="javaslang.collection.VectorTest" name="shouldRecognizeNilContainsNoElement" time="0"/>
  <testcase classname="javaslang.collection.VectorTest" name="shouldFoldRightNonNil" time="0"/>
  <testcase classname="javaslang.collection.VectorTest" name="shouldNotRetainAllNonExistingElementsFromNonNil" time="0"/>
  <testcase classname="javaslang.collection.VectorTest" name="shouldZipNonNilWithIndex" time="0"/>
  <testcase classname="javaslang.collection.VectorTest" name="shouldTakeAsExpectedIfCountIsLessThanSize" time="0"/>
  <testcase classname="javaslang.collection.VectorTest" name="shouldNilNotEqualsNull" time="0"/>
  <testcase classname="javaslang.collection.VectorTest" name="shouldRecognizeNilNotContainsAllElements" time="0"/>
  <testcase classname="javaslang.collection.VectorTest" name="shouldScanEmpty" time="0"/>
  <testcase classname="javaslang.collection.VectorTest" name="shouldConvertNilToArrayList" time="0"/>
  <testcase classname="javaslang.collection.VectorTest" name="shouldStreamAndCollectNonNil" time="0"/>
  <testcase classname="javaslang.collection.VectorTest" name="shouldZipAllNonNilsIfThatIsSmaller" time="0"/>
  <testcase classname="javaslang.collection.VectorTest" name="shouldReplaceFirstOccurrenceOfNonNilUsingCurrNewWhenMultipleOccurrencesExist" time="0"/>
  <testcase classname="javaslang.collection.VectorTest" name="shouldThrowWhenReduceRightOptionNil" time="0"/>
  <testcase classname="javaslang.collection.VectorTest" name="shouldComputeLengthOfNil" time="0"/>
  <testcase classname="javaslang.collection.VectorTest" name="shouldTakeRightNoneOnNil" time="0"/>
  <testcase classname="javaslang.collection.VectorTest" name="shouldBeAwareOfNonExistingUniqueElement" time="0"/>
  <testcase classname="javaslang.collection.VectorTest" name="shouldComputeProductOfBigDecimal" time="0"/>
  <testcase classname="javaslang.collection.VectorTest" name="shouldReduceNonNil" time="0"/>
  <testcase classname="javaslang.collection.VectorTest" name="shouldDropWhileNoneOnNil" time="0"/>
  <testcase classname="javaslang.collection.VectorTest" name="shouldParallelStreamAndCollectNil" time="0.001"/>
  <testcase classname="javaslang.collection.VectorTest" name="shouldThrowWhenSlidingNonNilByZeroSize" time="0"/>
  <testcase classname="javaslang.collection.VectorTest" name="shouldHandlePrintWriterIOException" time="0"/>
  <testcase classname="javaslang.collection.VectorTest" name="shouldZipNonNilsIfThatIsSmaller" time="0"/>
  <testcase classname="javaslang.collection.VectorTest" name="shouldThrowIfZipAllWithThatIsNull" time="0"/>
  <testcase classname="javaslang.collection.VectorTest" name="shouldThrowWhenReduceRightOptionNullOperator" time="0"/>
  <testcase classname="javaslang.collection.VectorTest" name="shouldNonEmptyNotEqualsDifferentType" time="0"/>
  <testcase classname="javaslang.collection.VectorTest" name="shouldRetainAllExistingElementsFromNonNil" time="0"/>
  <testcase classname="javaslang.collection.VectorTest" name="shouldCreateListOfPrimitiveFloatArray" time="0"/>
  <testcase classname="javaslang.collection.VectorTest" name="shouldFindFirstOfNil" time="0"/>
  <testcase classname="javaslang.collection.VectorTest" name="shouldPartitionIntsInOddAndEvenHavingOnlyOddNumbers" time="0"/>
  <testcase classname="javaslang.collection.VectorTest" name="shouldThrowWhenReduceLeftNil" time="0"/>
  <testcase classname="javaslang.collection.VectorTest" name="shouldIterateFirstElementOfNonNil" time="0"/>
  <testcase classname="javaslang.collection.VectorTest" name="shouldCountWhenIsEmpty" time="0"/>
  <testcase classname="javaslang.collection.VectorTest" name="shouldComputeMaxOfFloat" time="0"/>
  <testcase classname="javaslang.collection.VectorTest" name="shouldComputeMaxOfShort" time="0"/>
  <testcase classname="javaslang.collection.VectorTest" name="shouldThrowWhenInitOfNil" time="0"/>
  <testcase classname="javaslang.collection.VectorTest" name="shouldScanRightEmpty" time="0.001"/>
  <testcase classname="javaslang.collection.VectorTest" name="shouldDropWhileNoneIfPredicateIsFalse" time="0"/>
  <testcase classname="javaslang.collection.VectorTest" name="shouldRecognizeNonNilContainsAllOnSelf" time="0"/>
  <testcase classname="javaslang.collection.VectorTest" name="shouldThrowWhenComputingProductOfStrings" time="0"/>
  <testcase classname="javaslang.collection.VectorTest" name="shouldThrowWhenHeadOnNil" time="0"/>
  <testcase classname="javaslang.collection.VectorTest" name="shouldWriteToPrintStream" time="0"/>
  <testcase classname="javaslang.collection.VectorTest" name="shouldConvertNilToJavaArray" time="0"/>
  <testcase classname="javaslang.collection.VectorTest" name="shouldFindLastOfNonNil" time="0"/>
  <testcase classname="javaslang.collection.VectorTest" name="shouldFoldLeftNonNil" time="0"/>
  <testcase classname="javaslang.collection.VectorTest" name="shouldFoldMultipleElements" time="0.001"/>
  <testcase classname="javaslang.collection.VectorTest" name="shouldDropUntilNoneOnNil" time="0"/>
  <testcase classname="javaslang.collection.VectorTest" name="shouldComputeProductOfBigInteger" time="0"/>
  <testcase classname="javaslang.collection.VectorTest" name="shouldComputeProductOfByte" time="0"/>
  <testcase classname="javaslang.collection.VectorTest" name="shouldComputeProductOfLong" time="0"/>
  <testcase classname="javaslang.collection.VectorTest" name="shouldDropUntilAllIfPredicateIsFalse" time="0"/>
  <testcase classname="javaslang.collection.VectorTest" name="shouldFillTheSeqCallingTheSupplierInTheRightOrder" time="0"/>
  <testcase classname="javaslang.collection.VectorTest" name="shouldPartitionNil" time="0"/>
  <testcase classname="javaslang.collection.VectorTest" name="shouldCountWhenNoneSatisfiesThePredicate" time="0"/>
  <testcase classname="javaslang.collection.VectorTest" name="shouldWriteToPrintWriter" time="0"/>
  <testcase classname="javaslang.collection.VectorTest" name="shouldThrowWhenSlidingNilByNegativeSize" time="0.001"/>
  <testcase classname="javaslang.collection.VectorTest" name="shouldDropAllIfCountExceedsSize" time="0"/>
  <testcase classname="javaslang.collection.VectorTest" name="shouldSlideNonNilBySize1" time="0"/>
  <testcase classname="javaslang.collection.VectorTest" name="shouldSlideNonNilBySize2" time="0"/>
  <testcase classname="javaslang.collection.VectorTest" name="shouldMkStringWithDelimiterAndPrefixAndSuffixNil" time="0"/>
  <testcase classname="javaslang.collection.VectorTest" name="shouldGetOptionNonEmpty" time="0"/>
  <testcase classname="javaslang.collection.VectorTest" name="shouldBeAwareOfPropertyThatHoldsForAll" time="0"/>
  <testcase classname="javaslang.collection.VectorTest" name="shouldCorresponds" time="0"/>
  <testcase classname="javaslang.collection.VectorTest" name="shouldThrowIfEmpty" time="0"/>
  <testcase classname="javaslang.collection.VectorTest" name="shouldCalculateValIfEmpty" time="0"/>
  <testcase classname="javaslang.collection.VectorTest" name="shouldBeAwareOfExistingElement" time="0"/>
  <testcase classname="javaslang.collection.VectorTest" name="shouldConvertToMap" time="0"/>
  <testcase classname="javaslang.collection.VectorTest" name="shouldConvertToSet" time="0"/>
  <testcase classname="javaslang.collection.VectorTest" name="shouldNotThrowIfNonEmpty" time="0"/>
  <testcase classname="javaslang.collection.VectorTest" name="shouldCalculateValIfDefined" time="0"/>
  <testcase classname="javaslang.collection.VectorTest" name="shouldConvertToOption" time="0"/>
  <testcase classname="javaslang.collection.VectorTest" name="shouldConvertToCharSeq" time="0"/>
  <testcase classname="javaslang.collection.VectorTest" name="shouldBeAwareOfNonExistingElement" time="0"/>
  <testcase classname="javaslang.collection.VectorTest" name="shouldConvertEmptyToTry" time="0"/>
  <testcase classname="javaslang.collection.VectorTest" name="shouldConvertToStream" time="0"/>
  <testcase classname="javaslang.collection.VectorTest" name="shouldCalculateIsDefined" time="0.001"/>
  <testcase classname="javaslang.collection.VectorTest" name="shouldConvertToVector" time="0"/>
  <testcase classname="javaslang.collection.VectorTest" name="shouldConvertNonEmptyValueToMatchMonad" time="0"/>
  <testcase classname="javaslang.collection.VectorTest" name="shouldConvertToEitherRightFromValue" time="0"/>
  <testcase classname="javaslang.collection.VectorTest" name="shouldConvertToJavaList" time="0"/>
  <testcase classname="javaslang.collection.VectorTest" name="shouldCalculateSupplierIfDefined" time="0"/>
  <testcase classname="javaslang.collection.VectorTest" name="shouldFilterNotEmptyTraversable" time="0"/>
  <testcase classname="javaslang.collection.VectorTest" name="shouldConvertToEitherLeftFromValue" time="0"/>
  <testcase classname="javaslang.collection.VectorTest" name="shouldPeekNil" time="0"/>
  <testcase classname="javaslang.collection.VectorTest" name="shouldFoldNil" time="0"/>
  <testcase classname="javaslang.collection.VectorTest" name="shouldBeAwareOfPropertyThatNotHoldsForAll" time="0.001"/>
  <testcase classname="javaslang.collection.VectorTest" name="shouldGetNonEmpty" time="0"/>
  <testcase classname="javaslang.collection.VectorTest" name="shouldFilterNonEmptyTraversable" time="0"/>
  <testcase classname="javaslang.collection.VectorTest" name="shouldFilterNonEmptyTraversableAllMatch" time="0"/>
  <testcase classname="javaslang.collection.VectorTest" name="shouldCalculateIsEmpty" time="0"/>
  <testcase classname="javaslang.collection.VectorTest" name="shouldThrowWhenFoldNullOperator" time="0"/>
  <testcase classname="javaslang.collection.VectorTest" name="shouldPeekNonNilPerformingAnAction" time="0"/>
  <testcase classname="javaslang.collection.VectorTest" name="shouldFilterNotNonEmptyTraversable" time="0"/>
  <testcase classname="javaslang.collection.VectorTest" name="shouldConvertToArray" time="0"/>
  <testcase classname="javaslang.collection.VectorTest" name="shouldConvertToQueue" time="0"/>
  <testcase classname="javaslang.collection.VectorTest" name="shouldConvertToStack" time="0"/>
  <testcase classname="javaslang.collection.VectorTest" name="shouldntCorrespondsNonNilNil" time="0.001"/>
  <testcase classname="javaslang.collection.VectorTest" name="shouldCalculateOrElseGet" time="0"/>
  <testcase classname="javaslang.collection.VectorTest" name="shouldReturnUnderlyingValueWhenCallingOrElseTryOnNonEmptyValue" time="0"/>
  <testcase classname="javaslang.collection.VectorTest" name="shouldCalculateSupplierIfEmpty" time="0"/>
  <testcase classname="javaslang.collection.VectorTest" name="shouldConvertToJavaMap" time="0"/>
  <testcase classname="javaslang.collection.VectorTest" name="shouldConvertToJavaSet" time="0"/>
  <testcase classname="javaslang.collection.VectorTest" name="shouldConvertToLazy" time="0"/>
  <testcase classname="javaslang.collection.VectorTest" name="shouldConvertToList" time="0"/>
  <testcase classname="javaslang.collection.VectorTest" name="shouldConvertToJavaArray" time="0"/>
  <testcase classname="javaslang.collection.VectorTest" name="shouldFilterNotNonEmptyTraversableAllMatch" time="0"/>
  <testcase classname="javaslang.collection.VectorTest" name="shouldFoldSingleElement" time="0"/>
  <testcase classname="javaslang.collection.VectorTest" name="shouldConvertToEitherRightFromValueSupplier" time="0"/>
  <testcase classname="javaslang.collection.VectorTest" name="shouldntCorrespondsNilNonNil" time="0"/>
  <testcase classname="javaslang.collection.VectorTest" name="shouldGetEmpty" time="0"/>
  <testcase classname="javaslang.collection.VectorTest" name="shouldFilterEmptyTraversable" time="0"/>
  <testcase classname="javaslang.collection.VectorTest" name="shouldThrowWhenCallingOrElseTryOnEmptyValueAndTryIsAFailure" time="0"/>
  <testcase classname="javaslang.collection.VectorTest" name="shouldConvertNonEmptyToTryUsingExceptionSupplier" time="0"/>
  <testcase classname="javaslang.collection.VectorTest" name="shouldntCorrespondsNilNil" time="0"/>
  <testcase classname="javaslang.collection.VectorTest" name="shouldReturnAlternateValueWhenCallingOrElseTryOnEmptyValue" time="0"/>
  <testcase classname="javaslang.collection.VectorTest" name="shouldConvertNonEmptyToTry" time="0"/>
  <testcase classname="javaslang.collection.VectorTest" name="shouldConvertToJavaStream" time="0"/>
  <testcase classname="javaslang.collection.VectorTest" name="shouldCalculateOrElse" time="0"/>
  <testcase classname="javaslang.collection.VectorTest" name="shouldntCorrespondsDifferentLengths" time="0.001"/>
  <testcase classname="javaslang.collection.VectorTest" name="shouldConvertEmptyToTryUsingExceptionSupplier" time="0"/>
  <testcase classname="javaslang.collection.VectorTest" name="shouldPeekSingleValuePerformingAnAction" time="0"/>
  <testcase classname="javaslang.collection.VectorTest" name="shouldConvertEmptyValueToMatchMonad" time="0"/>
  <testcase classname="javaslang.collection.VectorTest" name="shouldPeekNonNilPerformingNoAction" time="0"/>
  <testcase classname="javaslang.collection.VectorTest" name="shouldConvertToJavaOptional" time="0"/>
  <testcase classname="javaslang.collection.VectorTest" name="shouldGetOptionEmpty" time="0"/>
  <testcase classname="javaslang.collection.VectorTest" name="shouldConvertToEitherLeftFromValueSupplier" time="0"/>
</testsuite>