<?xml version="1.0" encoding="UTF-8" ?>
<testsuite tests="426" failures="0" name="javaslang.collection.TreeMapTest" time="0.075" errors="0" skipped="0">
  <properties>
    <property name="java.runtime.name" value="Java(TM) SE Runtime Environment"/>
    <property name="sun.boot.library.path" value="/usr/lib/jvm/java-8-oracle/jre/lib/amd64"/>
    <property name="java.vm.version" value="25.151-b12"/>
    <property name="java.vm.vendor" value="Oracle Corporation"/>
    <property name="maven.multiModuleProjectDirectory" value="/home/travis/build/rafaresearch/vavr"/>
    <property name="java.vendor.url" value="http://java.oracle.com/"/>
    <property name="path.separator" value=":"/>
    <property name="guice.disable.misplaced.annotation.check" value="true"/>
    <property name="java.vm.name" value="Java HotSpot(TM) 64-Bit Server VM"/>
    <property name="file.encoding.pkg" value="sun.io"/>
    <property name="user.country" value="US"/>
    <property name="sun.java.launcher" value="SUN_STANDARD"/>
    <property name="sun.os.patch.level" value="unknown"/>
    <property name="java.vm.specification.name" value="Java Virtual Machine Specification"/>
    <property name="user.dir" value="/home/travis/build/rafaresearch/vavr"/>
    <property name="java.runtime.version" value="1.8.0_151-b12"/>
    <property name="java.awt.graphicsenv" value="sun.awt.X11GraphicsEnvironment"/>
    <property name="java.endorsed.dirs" value="/usr/lib/jvm/java-8-oracle/jre/lib/endorsed"/>
    <property name="os.arch" value="amd64"/>
    <property name="java.io.tmpdir" value="/tmp"/>
    <property name="line.separator" value="
"/>
    <property name="java.vm.specification.vendor" value="Oracle Corporation"/>
    <property name="os.name" value="Linux"/>
    <property name="classworlds.conf" value="/usr/local/maven-3.5.2/bin/m2.conf"/>
    <property name="sun.jnu.encoding" value="UTF-8"/>
    <property name="java.library.path" value="/usr/java/packages/lib/amd64:/usr/lib64:/lib64:/lib:/usr/lib"/>
    <property name="maven.conf" value="/usr/local/maven-3.5.2/conf"/>
    <property name="java.specification.name" value="Java Platform API Specification"/>
    <property name="java.class.version" value="52.0"/>
    <property name="sun.management.compiler" value="HotSpot 64-Bit Tiered Compilers"/>
    <property name="os.version" value="4.4.0-101-generic"/>
    <property name="library.jansi.path" value="/usr/local/maven-3.5.2/lib/jansi-native"/>
    <property name="user.home" value="/home/travis"/>
    <property name="user.timezone" value="UTC"/>
    <property name="java.awt.printerjob" value="sun.print.PSPrinterJob"/>
    <property name="java.specification.version" value="1.8"/>
    <property name="file.encoding" value="UTF-8"/>
    <property name="user.name" value="travis"/>
    <property name="java.class.path" value="/usr/local/maven-3.5.2/boot/plexus-classworlds-2.5.2.jar"/>
    <property name="java.vm.specification.version" value="1.8"/>
    <property name="sun.arch.data.model" value="64"/>
    <property name="java.home" value="/usr/lib/jvm/java-8-oracle/jre"/>
    <property name="sun.java.command" value="org.codehaus.plexus.classworlds.launcher.Launcher package"/>
    <property name="java.specification.vendor" value="Oracle Corporation"/>
    <property name="user.language" value="en"/>
    <property name="awt.toolkit" value="sun.awt.X11.XToolkit"/>
    <property name="java.vm.info" value="mixed mode"/>
    <property name="java.version" value="1.8.0_151"/>
    <property name="java.ext.dirs" value="/usr/lib/jvm/java-8-oracle/jre/lib/ext:/usr/java/packages/lib/ext"/>
    <property name="securerandom.source" value="file:/dev/./urandom"/>
    <property name="sun.boot.class.path" value="/usr/lib/jvm/java-8-oracle/jre/lib/resources.jar:/usr/lib/jvm/java-8-oracle/jre/lib/rt.jar:/usr/lib/jvm/java-8-oracle/jre/lib/sunrsasign.jar:/usr/lib/jvm/java-8-oracle/jre/lib/jsse.jar:/usr/lib/jvm/java-8-oracle/jre/lib/jce.jar:/usr/lib/jvm/java-8-oracle/jre/lib/charsets.jar:/usr/lib/jvm/java-8-oracle/jre/lib/jfr.jar:/usr/lib/jvm/java-8-oracle/jre/classes"/>
    <property name="java.vendor" value="Oracle Corporation"/>
    <property name="maven.home" value="/usr/local/maven-3.5.2"/>
    <property name="file.separator" value="/"/>
    <property name="java.vendor.url.bug" value="http://bugreport.sun.com/bugreport/"/>
    <property name="sun.cpu.endian" value="little"/>
    <property name="sun.io.unicode.encoding" value="UnicodeLittle"/>
    <property name="sun.cpu.isalist" value=""/>
  </properties>
  <testcase classname="javaslang.collection.TreeMapTest" name="shouldScanLeft" time="0.006"/>
  <testcase classname="javaslang.collection.TreeMapTest" name="shouldScan" time="0.001"/>
  <testcase classname="javaslang.collection.TreeMapTest" name="shouldScanRight" time="0.001"/>
  <testcase classname="javaslang.collection.TreeMapTest" name="shouldWrapMap" time="0.002"/>
  <testcase classname="javaslang.collection.TreeMapTest" name="shouldZipAllNils" time="0"/>
  <testcase classname="javaslang.collection.TreeMapTest" name="forEachByTuple" time="0"/>
  <testcase classname="javaslang.collection.TreeMapTest" name="shouldReturnTuple2SetOfANonEmptyMap" time="0.001"/>
  <testcase classname="javaslang.collection.TreeMapTest" name="shouldTabulateTheSeqWith0Elements" time="0"/>
  <testcase classname="javaslang.collection.TreeMapTest" name="shouldBeTheSame" time="0"/>
  <testcase classname="javaslang.collection.TreeMapTest" name="shouldRecognizeNotContainedKeyValuePair" time="0.001"/>
  <testcase classname="javaslang.collection.TreeMapTest" name="shouldZipNilWithIndex" time="0"/>
  <testcase classname="javaslang.collection.TreeMapTest" name="shouldTabulateTheSeqCallingTheFunctionInTheRightOrder" time="0"/>
  <testcase classname="javaslang.collection.TreeMapTest" name="mapOfTuplesShouldReturnTheSingletonEmpty" time="0"/>
  <testcase classname="javaslang.collection.TreeMapTest" name="shouldUnzip3NonNil" time="0"/>
  <testcase classname="javaslang.collection.TreeMapTest" name="shouldRemoveAllKeys" time="0"/>
  <testcase classname="javaslang.collection.TreeMapTest" name="shouldApplyNonExistingKey" time="0"/>
  <testcase classname="javaslang.collection.TreeMapTest" name="shouldMakeString" time="0.001"/>
  <testcase classname="javaslang.collection.TreeMapTest" name="shouldMapEmpty" time="0"/>
  <testcase classname="javaslang.collection.TreeMapTest" name="shouldUnzipNil" time="0"/>
  <testcase classname="javaslang.collection.TreeMapTest" name="shouldFindKey" time="0"/>
  <testcase classname="javaslang.collection.TreeMapTest" name="shouldZipAllNonEmptyAndNil" time="0"/>
  <testcase classname="javaslang.collection.TreeMapTest" name="shouldZipAllNonNilsIfThisIsMoreSmaller" time="0.001"/>
  <testcase classname="javaslang.collection.TreeMapTest" name="shouldFindValue" time="0"/>
  <testcase classname="javaslang.collection.TreeMapTest" name="forEachByKeyValue" time="0"/>
  <testcase classname="javaslang.collection.TreeMapTest" name="shouldZipNonNilsOfSameSize" time="0"/>
  <testcase classname="javaslang.collection.TreeMapTest" name="shouldFlatMapUsingBiFunction" time="0.001"/>
  <testcase classname="javaslang.collection.TreeMapTest" name="shouldApplyExistingKey" time="0"/>
  <testcase classname="javaslang.collection.TreeMapTest" name="shouldMerge" time="0"/>
  <testcase classname="javaslang.collection.TreeMapTest" name="mapOfPairsShouldReturnTheSingletonEmpty" time="0"/>
  <testcase classname="javaslang.collection.TreeMapTest" name="shouldZipNils" time="0"/>
  <testcase classname="javaslang.collection.TreeMapTest" name="shouldZipAllNonNilsIfThatIsMoreSmaller" time="0"/>
  <testcase classname="javaslang.collection.TreeMapTest" name="shouldThrowIfZipWithThatIsNull" time="0"/>
  <testcase classname="javaslang.collection.TreeMapTest" name="shouldZipAllEmptyAndNonNil" time="0"/>
  <testcase classname="javaslang.collection.TreeMapTest" name="shouldReturnsKeySet" time="0.001"/>
  <testcase classname="javaslang.collection.TreeMapTest" name="shouldTabulateTheSeqWith0ElementsWhenNIsNegative" time="0"/>
  <testcase classname="javaslang.collection.TreeMapTest" name="shouldFillTheSeqWith0Elements" time="0"/>
  <testcase classname="javaslang.collection.TreeMapTest" name="shouldIgnoreOrderOfEntriesWhenComparingForEquality" time="0"/>
  <testcase classname="javaslang.collection.TreeMapTest" name="shouldTransform" time="0"/>
  <testcase classname="javaslang.collection.TreeMapTest" name="shouldConstructFromPairs" time="0.001"/>
  <testcase classname="javaslang.collection.TreeMapTest" name="shouldUnzipNonNil" time="0"/>
  <testcase classname="javaslang.collection.TreeMapTest" name="shouldZipAllNonNilsIfThisIsSmaller" time="0"/>
  <testcase classname="javaslang.collection.TreeMapTest" name="shouldRemoveKey" time="0.001"/>
  <testcase classname="javaslang.collection.TreeMapTest" name="mapOfEntriesShouldReturnTheSingletonEmpty" time="0"/>
  <testcase classname="javaslang.collection.TreeMapTest" name="shouldConstructFromEntries" time="0"/>
  <testcase classname="javaslang.collection.TreeMapTest" name="shouldUnzip3Nil" time="0"/>
  <testcase classname="javaslang.collection.TreeMapTest" name="shouldZipNonNilsIfThisIsSmaller" time="0"/>
  <testcase classname="javaslang.collection.TreeMapTest" name="shouldZipNonEmptyAndNil" time="0"/>
  <testcase classname="javaslang.collection.TreeMapTest" name="shouldReturnEmptySetWhenAskedForTuple2SetOfAnEmptyMap" time="0"/>
  <testcase classname="javaslang.collection.TreeMapTest" name="shouldPutTuple" time="0"/>
  <testcase classname="javaslang.collection.TreeMapTest" name="shouldMergeCollisions" time="0"/>
  <testcase classname="javaslang.collection.TreeMapTest" name="shouldReturnModifiedValuesMap" time="0"/>
  <testcase classname="javaslang.collection.TreeMapTest" name="shouldTabulateTheSeq" time="0.001"/>
  <testcase classname="javaslang.collection.TreeMapTest" name="shouldMapNonEmpty" time="0"/>
  <testcase classname="javaslang.collection.TreeMapTest" name="shouldZipEmptyAndNonNil" time="0"/>
  <testcase classname="javaslang.collection.TreeMapTest" name="shouldFillTheSeqWith0ElementsWhenNIsNegative" time="0"/>
  <testcase classname="javaslang.collection.TreeMapTest" name="shouldZipAllNonNilsOfSameSize" time="0"/>
  <testcase classname="javaslang.collection.TreeMapTest" name="shouldZipNonNilWithIndex" time="0"/>
  <testcase classname="javaslang.collection.TreeMapTest" name="shouldZipAllNonNilsIfThatIsSmaller" time="0.001"/>
  <testcase classname="javaslang.collection.TreeMapTest" name="shouldRecognizeContainedKeyValuePair" time="0"/>
  <testcase classname="javaslang.collection.TreeMapTest" name="shouldZipNonNilsIfThatIsSmaller" time="0"/>
  <testcase classname="javaslang.collection.TreeMapTest" name="shouldThrowIfZipAllWithThatIsNull" time="0"/>
  <testcase classname="javaslang.collection.TreeMapTest" name="shouldReturnListWithMappedValues" time="0"/>
  <testcase classname="javaslang.collection.TreeMapTest" name="shouldFailConstructFromOddPairsLen" time="0"/>
  <testcase classname="javaslang.collection.TreeMapTest" name="shouldFillTheSeqCallingTheSupplierInTheRightOrder" time="0.001"/>
  <testcase classname="javaslang.collection.TreeMapTest" name="shouldThrowWhenTailOnNil" time="0"/>
  <testcase classname="javaslang.collection.TreeMapTest" name="shouldDropUntilNoneIfPredicateIsTrue" time="0"/>
  <testcase classname="javaslang.collection.TreeMapTest" name="shouldThrowWhenMaxByFunctionOfNil" time="0"/>
  <testcase classname="javaslang.collection.TreeMapTest" name="shouldSplitNonNil" time="0"/>
  <testcase classname="javaslang.collection.TreeMapTest" name="shouldComputeAverageOfFloat" time="0"/>
  <testcase classname="javaslang.collection.TreeMapTest" name="shouldComputeAverageOfShort" time="0"/>
  <testcase classname="javaslang.collection.TreeMapTest" name="shouldCreateListOfPrimitiveIntArray" time="0"/>
  <testcase classname="javaslang.collection.TreeMapTest" name="shouldThrowWhenMaxByOfNil" time="0"/>
  <testcase classname="javaslang.collection.TreeMapTest" name="shouldSpanNil" time="0"/>
  <testcase classname="javaslang.collection.TreeMapTest" name="shouldReplaceAllElementsOfNonNilUsingCurrNonExistingNew" time="0"/>
  <testcase classname="javaslang.collection.TreeMapTest" name="shouldReduceRightNonNil" time="0"/>
  <testcase classname="javaslang.collection.TreeMapTest" name="shouldSlide4ElementsBySize5AndStep3" time="0.001"/>
  <testcase classname="javaslang.collection.TreeMapTest" name="shouldFindFirstOfNonNil" time="0"/>
  <testcase classname="javaslang.collection.TreeMapTest" name="shouldScanWithNonComparable" time="0"/>
  <testcase classname="javaslang.collection.TreeMapTest" name="shouldScanRightNonEmpty" time="0.006"/>
  <testcase classname="javaslang.collection.TreeMapTest" name="shouldSerializeDeserializeNonNil" time="0.006"/>
  <testcase classname="javaslang.collection.TreeMapTest" name="shouldScanLeftWithNonComparable" time="0"/>
  <testcase classname="javaslang.collection.TreeMapTest" name="shouldCreateListOfPrimitiveCharArray" time="0"/>
  <testcase classname="javaslang.collection.TreeMapTest" name="shouldDropWhileAllIfPredicateIsTrue" time="0"/>
  <testcase classname="javaslang.collection.TreeMapTest" name="shouldComputeSumOfBigDecimal" time="0"/>
  <testcase classname="javaslang.collection.TreeMapTest" name="shouldCreateListOfPrimitiveDoubleArray" time="0.001"/>
  <testcase classname="javaslang.collection.TreeMapTest" name="shouldComputeMaxOfByte" time="0"/>
  <testcase classname="javaslang.collection.TreeMapTest" name="shouldComputeMaxOfChar" time="0"/>
  <testcase classname="javaslang.collection.TreeMapTest" name="shouldComputeMaxOfLong" time="0"/>
  <testcase classname="javaslang.collection.TreeMapTest" name="shouldComputeMaxOfBoolean" time="0"/>
  <testcase classname="javaslang.collection.TreeMapTest" name="shouldHaveSizedSpliterator" time="0"/>
  <testcase classname="javaslang.collection.TreeMapTest" name="shouldDropRightAllIfCountExceedsSize" time="0"/>
  <testcase classname="javaslang.collection.TreeMapTest" name="shouldCountWhenSomeSatisfyThePredicate" time="0.001"/>
  <testcase classname="javaslang.collection.TreeMapTest" name="shouldMkStringNonNil" time="0"/>
  <testcase classname="javaslang.collection.TreeMapTest" name="shouldHaveImmutableSpliterator" time="0"/>
  <testcase classname="javaslang.collection.TreeMapTest" name="shouldThrowWhenGroupedWithSizeZero" time="0"/>
  <testcase classname="javaslang.collection.TreeMapTest" name="shouldRecognizeNil" time="0"/>
  <testcase classname="javaslang.collection.TreeMapTest" name="shouldFullyIterateNonNil" time="0"/>
  <testcase classname="javaslang.collection.TreeMapTest" name="shouldComputeMaxOfInt" time="0"/>
  <testcase classname="javaslang.collection.TreeMapTest" name="shouldThrowWhenSlidingNonNilByNegativeSize" time="0.001"/>
  <testcase classname="javaslang.collection.TreeMapTest" name="shouldComputeLengthOfNonNil" time="0"/>
  <testcase classname="javaslang.collection.TreeMapTest" name="shouldThrowWhenFoldRightNullOperator" time="0"/>
  <testcase classname="javaslang.collection.TreeMapTest" name="shouldThrowWhenMinByWithNullComparator" time="0"/>
  <testcase classname="javaslang.collection.TreeMapTest" name="shouldScanRightWithNonComparable" time="0"/>
  <testcase classname="javaslang.collection.TreeMapTest" name="shouldCalculateDifferentHashCodesForDifferentTraversables" time="0"/>
  <testcase classname="javaslang.collection.TreeMapTest" name="shouldCountWhenAllSatisfyThePredicate" time="0"/>
  <testcase classname="javaslang.collection.TreeMapTest" name="shouldReturnSomeHeadWhenCallingHeadOptionOnNonNil" time="0"/>
  <testcase classname="javaslang.collection.TreeMapTest" name="shouldNonNilNotEqualsNull" time="0"/>
  <testcase classname="javaslang.collection.TreeMapTest" name="shouldClearNonNil" time="0"/>
  <testcase classname="javaslang.collection.TreeMapTest" name="shouldComputeSumOfBigInteger" time="0"/>
  <testcase classname="javaslang.collection.TreeMapTest" name="shouldTakeRightAllIfCountExceedsSize" time="0"/>
  <testcase classname="javaslang.collection.TreeMapTest" name="shouldReduceRightOptionNonNil" time="0"/>
  <testcase classname="javaslang.collection.TreeMapTest" name="shouldTakeRightAsExpectedIfCountIsLessThanSize" time="0"/>
  <testcase classname="javaslang.collection.TreeMapTest" name="shouldConvertNonNilToArrayList" time="0"/>
  <testcase classname="javaslang.collection.TreeMapTest" name="shouldReturnHeadOfNonNil" time="0"/>
  <testcase classname="javaslang.collection.TreeMapTest" name="shouldThrowWhenFoldLeftNullOperator" time="0.001"/>
  <testcase classname="javaslang.collection.TreeMapTest" name="shouldCreateListOfPrimitiveBooleanArray" time="0"/>
  <testcase classname="javaslang.collection.TreeMapTest" name="shouldGroupedTraversableWithRemainder" time="0"/>
  <testcase classname="javaslang.collection.TreeMapTest" name="shouldDropNoneIfCountIsNegative" time="0"/>
  <testcase classname="javaslang.collection.TreeMapTest" name="shouldCalculateHashCodeOfNil" time="0"/>
  <testcase classname="javaslang.collection.TreeMapTest" name="shouldGroupedWhenTraversableLengthIsSmallerThanBlockSize" time="0"/>
  <testcase classname="javaslang.collection.TreeMapTest" name="shouldReturnNoneWhenComputingMaxOfNil" time="0"/>
  <testcase classname="javaslang.collection.TreeMapTest" name="shouldComputeMinOfBoolean" time="0"/>
  <testcase classname="javaslang.collection.TreeMapTest" name="shouldNilGroupBy" time="0"/>
  <testcase classname="javaslang.collection.TreeMapTest" name="shouldNotHasNextWhenNilIterator" time="0"/>
  <testcase classname="javaslang.collection.TreeMapTest" name="shouldBeAwareOfExistingUniqueElement" time="0"/>
  <testcase classname="javaslang.collection.TreeMapTest" name="shouldConvertNilToHashMap" time="0.001"/>
  <testcase classname="javaslang.collection.TreeMapTest" name="shouldConvertNilToHashSet" time="0"/>
  <testcase classname="javaslang.collection.TreeMapTest" name="shouldRecognizeNonEqualityOfTraversablesOfSameSize" time="0"/>
  <testcase classname="javaslang.collection.TreeMapTest" name="shouldFoldRightNil" time="0"/>
  <testcase classname="javaslang.collection.TreeMapTest" name="shouldCreateListOfPrimitiveByteArray" time="0"/>
  <testcase classname="javaslang.collection.TreeMapTest" name="shouldReplaceAllElementsOfNilUsingCurrNew" time="0"/>
  <testcase classname="javaslang.collection.TreeMapTest" name="shouldPartitionIntsInOddAndEvenHavingOddAndEvenNumbers" time="0"/>
  <testcase classname="javaslang.collection.TreeMapTest" name="shouldDropAsExpectedIfCountIsLessThanSize" time="0"/>
  <testcase classname="javaslang.collection.TreeMapTest" name="shouldCalculateMinByOfInts" time="0"/>
  <testcase classname="javaslang.collection.TreeMapTest" name="shouldPartitionIntsInOddAndEvenHavingOnlyEvenNumbers" time="0.001"/>
  <testcase classname="javaslang.collection.TreeMapTest" name="shouldComputeMinOfByte" time="0"/>
  <testcase classname="javaslang.collection.TreeMapTest" name="shouldComputeMinOfChar" time="0"/>
  <testcase classname="javaslang.collection.TreeMapTest" name="shouldComputeMinOfLong" time="0"/>
  <testcase classname="javaslang.collection.TreeMapTest" name="shouldReplaceElementOfNilUsingCurrNew" time="0"/>
  <testcase classname="javaslang.collection.TreeMapTest" name="shouldThrowWhenGroupedWithNegativeSize" time="0"/>
  <testcase classname="javaslang.collection.TreeMapTest" name="shouldWriteToStderr" time="0"/>
  <testcase classname="javaslang.collection.TreeMapTest" name="shouldWriteToStdout" time="0.002"/>
  <testcase classname="javaslang.collection.TreeMapTest" name="shouldSlide5ElementsBySize2AndStep3" time="0.001"/>
  <testcase classname="javaslang.collection.TreeMapTest" name="shouldSlide5ElementsBySize2AndStep4" time="0"/>
  <testcase classname="javaslang.collection.TreeMapTest" name="shouldSlide5ElementsBySize2AndStep5" time="0.001"/>
  <testcase classname="javaslang.collection.TreeMapTest" name="shouldMkStringWithDelimiterNil" time="0"/>
  <testcase classname="javaslang.collection.TreeMapTest" name="shouldDropRightNoneIfCountIsNegative" time="0"/>
  <testcase classname="javaslang.collection.TreeMapTest" name="shouldConvertNonNilToJavaArray" time="0"/>
  <testcase classname="javaslang.collection.TreeMapTest" name="shouldThrowWhenReduceNullOperator" time="0"/>
  <testcase classname="javaslang.collection.TreeMapTest" name="shouldComputeMinOfBigDecimal" time="0"/>
  <testcase classname="javaslang.collection.TreeMapTest" name="shouldThrowOnNextWhenNilIterator" time="0"/>
  <testcase classname="javaslang.collection.TreeMapTest" name="shouldThrowWhenMaxByWithNullFunction" time="0"/>
  <testcase classname="javaslang.collection.TreeMapTest" name="shouldComputeDistinctByOfNonEmptyTraversableUsingKeyExtractor" time="0.001"/>
  <testcase classname="javaslang.collection.TreeMapTest" name="shouldDropRightNoneOnNil" time="0"/>
  <testcase classname="javaslang.collection.TreeMapTest" name="shouldPreserveSingletonInstanceOnDeserialization" time="0"/>
  <testcase classname="javaslang.collection.TreeMapTest" name="shouldFoldLeftNil" time="0"/>
  <testcase classname="javaslang.collection.TreeMapTest" name="shouldThrowWhenReduceLeftNullOperator" time="0"/>
  <testcase classname="javaslang.collection.TreeMapTest" name="shouldThrowWhenSlidingNilByPositiveStepAndNegativeSize" time="0"/>
  <testcase classname="javaslang.collection.TreeMapTest" name="shouldReplaceAllElementsOfNonNilUsingCurrNew" time="0"/>
  <testcase classname="javaslang.collection.TreeMapTest" name="shouldThrowWhenComputingSumOfStrings" time="0.001"/>
  <testcase classname="javaslang.collection.TreeMapTest" name="shouldTakeNoneOnNil" time="0"/>
  <testcase classname="javaslang.collection.TreeMapTest" name="shouldTakeRightNoneIfCountIsNegative" time="0"/>
  <testcase classname="javaslang.collection.TreeMapTest" name="shouldReturnSomethingOnHasDefiniteSize" time="0"/>
  <testcase classname="javaslang.collection.TreeMapTest" name="shouldFoldMapNonNil" time="0"/>
  <testcase classname="javaslang.collection.TreeMapTest" name="shouldSpanNonNil" time="0.001"/>
  <testcase classname="javaslang.collection.TreeMapTest" name="shouldReturnNoneWhenCallingHeadOptionOnNil" time="0"/>
  <testcase classname="javaslang.collection.TreeMapTest" name="shouldHandleStdoutIOException" time="0"/>
  <testcase classname="javaslang.collection.TreeMapTest" name="shouldGroupedTraversableWithEqualSizedBlocks" time="0"/>
  <testcase classname="javaslang.collection.TreeMapTest" name="shouldComputeAverageOfDouble" time="0"/>
  <testcase classname="javaslang.collection.TreeMapTest" name="shouldCreateNil" time="0"/>
  <testcase classname="javaslang.collection.TreeMapTest" name="shouldReturnSomeInitWhenCallingInitOptionOnNonNil" time="0.001"/>
  <testcase classname="javaslang.collection.TreeMapTest" name="shouldSlideNilBySizeAndStep" time="0"/>
  <testcase classname="javaslang.collection.TreeMapTest" name="shouldComputeMinOfDouble" time="0"/>
  <testcase classname="javaslang.collection.TreeMapTest" name="shouldComputeSumOfByte" time="0"/>
  <testcase classname="javaslang.collection.TreeMapTest" name="shouldComputeSumOfLong" time="0"/>
  <testcase classname="javaslang.collection.TreeMapTest" name="shouldReturnSomeTailWhenCallingTailOptionOnNonNil" time="0"/>
  <testcase classname="javaslang.collection.TreeMapTest" name="shouldCalculateInverseMinByFunctionOfInts" time="0.001"/>
  <testcase classname="javaslang.collection.TreeMapTest" name="shouldComputeMinOfBigInteger" time="0"/>
  <testcase classname="javaslang.collection.TreeMapTest" name="shouldThrowWhenReduceOptionNil" time="0"/>
  <testcase classname="javaslang.collection.TreeMapTest" name="shouldClearNil" time="0"/>
  <testcase classname="javaslang.collection.TreeMapTest" name="shouldEmptyNotEqualsDifferentType" time="0"/>
  <testcase classname="javaslang.collection.TreeMapTest" name="shouldReturnLastOfNonNil" time="0.001"/>
  <testcase classname="javaslang.collection.TreeMapTest" name="shouldCalculateInverseMaxByFunctionOfInts" time="0"/>
  <testcase classname="javaslang.collection.TreeMapTest" name="shouldCreateListOfIterable" time="0"/>
  <testcase classname="javaslang.collection.TreeMapTest" name="shouldTakeWhileNoneOnNil" time="0"/>
  <testcase classname="javaslang.collection.TreeMapTest" name="shouldCalculateMaxByOfInts" time="0"/>
  <testcase classname="javaslang.collection.TreeMapTest" name="shouldThrowWhenMaxByWithNullComparator" time="0"/>
  <testcase classname="javaslang.collection.TreeMapTest" name="shouldComputeDistinctByOfEmptyTraversableUsingKeyExtractor" time="0"/>
  <testcase classname="javaslang.collection.TreeMapTest" name="shouldMkStringWithDelimiterNonNil" time="0"/>
  <testcase classname="javaslang.collection.TreeMapTest" name="shouldBeAwareOfExistingNonUniqueElement" time="0"/>
  <testcase classname="javaslang.collection.TreeMapTest" name="shouldGroupedNil" time="0"/>
  <testcase classname="javaslang.collection.TreeMapTest" name="shouldDropRightAsExpectedIfCountIsLessThanSize" time="0.001"/>
  <testcase classname="javaslang.collection.TreeMapTest" name="shouldNonNilGroupByEqual" time="0.001"/>
  <testcase classname="javaslang.collection.TreeMapTest" name="shouldHandlePrintStreamIOException" time="0.001"/>
  <testcase classname="javaslang.collection.TreeMapTest" name="shouldReturnSizeWhenSpliterator" time="0"/>
  <testcase classname="javaslang.collection.TreeMapTest" name="shouldMkStringWithDelimiterAndPrefixAndSuffixNonNil" time="0"/>
  <testcase classname="javaslang.collection.TreeMapTest" name="shouldTakeUntilAllOnFalseCondition" time="0"/>
  <testcase classname="javaslang.collection.TreeMapTest" name="shouldReplaceElementOfNonNilUsingCurrNewWhenOneOccurrenceExists" time="0.001"/>
  <testcase classname="javaslang.collection.TreeMapTest" name="shouldThrowWhenLastOnNil" time="0"/>
  <testcase classname="javaslang.collection.TreeMapTest" name="shouldRecognizeNonNil" time="0"/>
  <testcase classname="javaslang.collection.TreeMapTest" name="shouldReturnTailOfNonNil" time="0"/>
  <testcase classname="javaslang.collection.TreeMapTest" name="shouldThrowWhenReduceNil" time="0"/>
  <testcase classname="javaslang.collection.TreeMapTest" name="shouldReduceLeftNonNil" time="0"/>
  <testcase classname="javaslang.collection.TreeMapTest" name="shouldMkStringNil" time="0"/>
  <testcase classname="javaslang.collection.TreeMapTest" name="shouldRecognizeEqualityOfNonNils" time="0"/>
  <testcase classname="javaslang.collection.TreeMapTest" name="shouldRetainAllElementsFromNil" time="0.001"/>
  <testcase classname="javaslang.collection.TreeMapTest" name="shouldScanLeftEmpty" time="0"/>
  <testcase classname="javaslang.collection.TreeMapTest" name="shouldTakeUntilAsExpected" time="0"/>
  <testcase classname="javaslang.collection.TreeMapTest" name="shouldThrowWhenReduceRightNullOperator" time="0"/>
  <testcase classname="javaslang.collection.TreeMapTest" name="shouldReturnNoneWhenCallingLastOptionOnNil" time="0"/>
  <testcase classname="javaslang.collection.TreeMapTest" name="shouldTakeUntilNoneOnNil" time="0"/>
  <testcase classname="javaslang.collection.TreeMapTest" name="shouldComputeMinOfFloat" time="0"/>
  <testcase classname="javaslang.collection.TreeMapTest" name="shouldComputeProductOfDouble" time="0"/>
  <testcase classname="javaslang.collection.TreeMapTest" name="shouldComputeMinOfShort" time="0"/>
  <testcase classname="javaslang.collection.TreeMapTest" name="shouldComputeProductOfFloat" time="0.001"/>
  <testcase classname="javaslang.collection.TreeMapTest" name="shouldRecognizeNonNilDoesContainElement" time="0"/>
  <testcase classname="javaslang.collection.TreeMapTest" name="shouldCreateListOfPrimitiveShortArray" time="0"/>
  <testcase classname="javaslang.collection.TreeMapTest" name="shouldThrowWhenMinByWithNullFunction" time="0"/>
  <testcase classname="javaslang.collection.TreeMapTest" name="shouldComputeProductOfShort" time="0"/>
  <testcase classname="javaslang.collection.TreeMapTest" name="shouldCalculateMinByFunctionOfInts" time="0.001"/>
  <testcase classname="javaslang.collection.TreeMapTest" name="shouldCalculateMaxByFunctionOfInts" time="0"/>
  <testcase classname="javaslang.collection.TreeMapTest" name="ofAllShouldReturnTheSingletonEmpty" time="0"/>
  <testcase classname="javaslang.collection.TreeMapTest" name="shouldCreateSeqOfSeqUsingCons" time="0"/>
  <testcase classname="javaslang.collection.TreeMapTest" name="shouldRecognizeNonEqualityOfTraversablesOfDifferentSize" time="0"/>
  <testcase classname="javaslang.collection.TreeMapTest" name="ofShouldReturnTheSingletonEmpty" time="0"/>
  <testcase classname="javaslang.collection.TreeMapTest" name="shouldReturnSomethingOnIsTraversableAgain" time="0"/>
  <testcase classname="javaslang.collection.TreeMapTest" name="shouldComputeMaxOfDouble" time="0"/>
  <testcase classname="javaslang.collection.TreeMapTest" name="shouldComputeDistinctOfNonEmptyTraversable" time="0"/>
  <testcase classname="javaslang.collection.TreeMapTest" name="shouldTakeWhileAllOnTrueCondition" time="0"/>
  <testcase classname="javaslang.collection.TreeMapTest" name="shouldDropWhileCorrect" time="0"/>
  <testcase classname="javaslang.collection.TreeMapTest" name="shouldCreateInstanceOfElements" time="0"/>
  <testcase classname="javaslang.collection.TreeMapTest" name="shouldSlideNilBySize" time="0"/>
  <testcase classname="javaslang.collection.TreeMapTest" name="shouldComputeMaxOfBigDecimal" time="0"/>
  <testcase classname="javaslang.collection.TreeMapTest" name="shouldComputeProductOfInt" time="0"/>
  <testcase classname="javaslang.collection.TreeMapTest" name="shouldComputeProductOfNil" time="0"/>
  <testcase classname="javaslang.collection.TreeMapTest" name="shouldScanNonEmpty" time="0"/>
  <testcase classname="javaslang.collection.TreeMapTest" name="shouldTakeAllIfCountExceedsSize" time="0"/>
  <testcase classname="javaslang.collection.TreeMapTest" name="shouldTakeUntilAllOnTrueCondition" time="0"/>
  <testcase classname="javaslang.collection.TreeMapTest" name="shouldThrowWhenMinByOfNil" time="0"/>
  <testcase classname="javaslang.collection.TreeMapTest" name="shouldComputeDistinctByOfNonEmptyTraversableUsingComparator" time="0"/>
  <testcase classname="javaslang.collection.TreeMapTest" name="shouldDropUntilCorrect" time="0"/>
  <testcase classname="javaslang.collection.TreeMapTest" name="shouldParallelStreamAndCollectNonNil" time="0.002"/>
  <testcase classname="javaslang.collection.TreeMapTest" name="shouldCalculateInverseMinByOfInts" time="0"/>
  <testcase classname="javaslang.collection.TreeMapTest" name="shouldComputeAverageOfByte" time="0"/>
  <testcase classname="javaslang.collection.TreeMapTest" name="shouldComputeAverageOfLong" time="0"/>
  <testcase classname="javaslang.collection.TreeMapTest" name="shouldReturnNoneWhenCallingInitOptionOnNil" time="0"/>
  <testcase classname="javaslang.collection.TreeMapTest" name="shouldComputeAverageOfBigDecimal" time="0"/>
  <testcase classname="javaslang.collection.TreeMapTest" name="shouldCallMinFunctionOncePerElement" time="0"/>
  <testcase classname="javaslang.collection.TreeMapTest" name="shouldComputeSumOfInt" time="0"/>
  <testcase classname="javaslang.collection.TreeMapTest" name="shouldComputeSumOfNil" time="0"/>
  <testcase classname="javaslang.collection.TreeMapTest" name="shouldReturnNoneWhenComputingAverageOfNil" time="0"/>
  <testcase classname="javaslang.collection.TreeMapTest" name="shouldComputeAverageOfInt" time="0"/>
  <testcase classname="javaslang.collection.TreeMapTest" name="shouldComputeMaxOfStrings" time="0.001"/>
  <testcase classname="javaslang.collection.TreeMapTest" name="shouldCallMaxFunctionOncePerElement" time="0"/>
  <testcase classname="javaslang.collection.TreeMapTest" name="shouldThrowWhenPartitionNilAndPredicateIsNull" time="0"/>
  <testcase classname="javaslang.collection.TreeMapTest" name="shouldFindLastOfNil" time="0"/>
  <testcase classname="javaslang.collection.TreeMapTest" name="shouldConvertNonNilToHashMap" time="0"/>
  <testcase classname="javaslang.collection.TreeMapTest" name="shouldConvertNonNilToHashSet" time="0"/>
  <testcase classname="javaslang.collection.TreeMapTest" name="shouldStreamAndCollectNil" time="0.001"/>
  <testcase classname="javaslang.collection.TreeMapTest" name="shouldComputeMaxOfBigInteger" time="0"/>
  <testcase classname="javaslang.collection.TreeMapTest" name="shouldReduceLeftOptionNonNil" time="0"/>
  <testcase classname="javaslang.collection.TreeMapTest" name="shouldComputeDistinctOfEmptyTraversable" time="0"/>
  <testcase classname="javaslang.collection.TreeMapTest" name="shouldThrowWhenReduceOptionNullOperator" time="0"/>
  <testcase classname="javaslang.collection.TreeMapTest" name="shouldEqualSameTraversableInstance" time="0"/>
  <testcase classname="javaslang.collection.TreeMapTest" name="shouldTakeWhileAsExpected" time="0"/>
  <testcase classname="javaslang.collection.TreeMapTest" name="shouldThrowWhenReduceLeftOptionNullOperator" time="0"/>
  <testcase classname="javaslang.collection.TreeMapTest" name="shouldThrowWhenReduceLeftOptionNil" time="0"/>
  <testcase classname="javaslang.collection.TreeMapTest" name="shouldHandleStderrIOException" time="0"/>
  <testcase classname="javaslang.collection.TreeMapTest" name="shouldComputeMinOfInt" time="0"/>
  <testcase classname="javaslang.collection.TreeMapTest" name="shouldComputeAverageOfBigInteger" time="0.001"/>
  <testcase classname="javaslang.collection.TreeMapTest" name="shouldThrowWhenMinByFunctionOfNil" time="0"/>
  <testcase classname="javaslang.collection.TreeMapTest" name="shouldReplaceElementOfNonNilUsingCurrNewWhenNoOccurrenceExists" time="0"/>
  <testcase classname="javaslang.collection.TreeMapTest" name="shouldSerializeDeserializeNil" time="0.001"/>
  <testcase classname="javaslang.collection.TreeMapTest" name="shouldThrowWhenSlidingNilByNegativeStepAndPositiveSize" time="0"/>
  <testcase classname="javaslang.collection.TreeMapTest" name="shouldThrowWhenSlidingNilByZeroSize" time="0"/>
  <testcase classname="javaslang.collection.TreeMapTest" name="shouldComputeDistinctByOfEmptyTraversableUsingComparator" time="0"/>
  <testcase classname="javaslang.collection.TreeMapTest" name="shouldCreateListOfPrimitiveLongArray" time="0"/>
  <testcase classname="javaslang.collection.TreeMapTest" name="shouldTakeWhileAllOnFalseCondition" time="0"/>
  <testcase classname="javaslang.collection.TreeMapTest" name="shouldNonNilGroupByIdentity" time="0"/>
  <testcase classname="javaslang.collection.TreeMapTest" name="shouldReduceOptionNonNil" time="0"/>
  <testcase classname="javaslang.collection.TreeMapTest" name="shouldScanLeftNonEmpty" time="0"/>
  <testcase classname="javaslang.collection.TreeMapTest" name="shouldComputeMinOfStrings" time="0.001"/>
  <testcase classname="javaslang.collection.TreeMapTest" name="shouldGetInitOfNonNil" time="0"/>
  <testcase classname="javaslang.collection.TreeMapTest" name="shouldThrowWhenReduceRightNil" time="0"/>
  <testcase classname="javaslang.collection.TreeMapTest" name="shouldRecognizeNonNilDoesNotContainElement" time="0"/>
  <testcase classname="javaslang.collection.TreeMapTest" name="shouldRecognizeNonNilNotContainsAllOverlappingElements" time="0.001"/>
  <testcase classname="javaslang.collection.TreeMapTest" name="shouldCalculateInverseMaxByOfInts" time="0"/>
  <testcase classname="javaslang.collection.TreeMapTest" name="shouldReturnNoneWhenCallingTailOptionOnNil" time="0"/>
  <testcase classname="javaslang.collection.TreeMapTest" name="shouldCalculateHashCodeOfNonNil" time="0"/>
  <testcase classname="javaslang.collection.TreeMapTest" name="shouldComputeSumOfDouble" time="0"/>
  <testcase classname="javaslang.collection.TreeMapTest" name="shouldRecognizeEqualityOfNils" time="0"/>
  <testcase classname="javaslang.collection.TreeMapTest" name="shouldThrowWhenSlidingNilByNegativeStepAndNegativeSize" time="0"/>
  <testcase classname="javaslang.collection.TreeMapTest" name="shouldThrowWhenComputingAverageOfStrings" time="0"/>
  <testcase classname="javaslang.collection.TreeMapTest" name="shouldFoldMapFailNullMapper" time="0"/>
  <testcase classname="javaslang.collection.TreeMapTest" name="shouldSplitNil" time="0"/>
  <testcase classname="javaslang.collection.TreeMapTest" name="shouldRetainAllElementsFromNonNil" time="0.001"/>
  <testcase classname="javaslang.collection.TreeMapTest" name="shouldFoldMapFailNullMonoid" time="0"/>
  <testcase classname="javaslang.collection.TreeMapTest" name="shouldTakeNoneIfCountIsNegative" time="0"/>
  <testcase classname="javaslang.collection.TreeMapTest" name="shouldReturnNoneWhenComputingMinOfNil" time="0"/>
  <testcase classname="javaslang.collection.TreeMapTest" name="shouldFoldMapNil" time="0"/>
  <testcase classname="javaslang.collection.TreeMapTest" name="shouldReturnSomeLastWhenCallingLastOptionOnNonNil" time="0"/>
  <testcase classname="javaslang.collection.TreeMapTest" name="shouldComputeSumOfFloat" time="0"/>
  <testcase classname="javaslang.collection.TreeMapTest" name="shouldHaveOrderedSpliterator" time="0"/>
  <testcase classname="javaslang.collection.TreeMapTest" name="shouldComputeSumOfShort" time="0"/>
  <testcase classname="javaslang.collection.TreeMapTest" name="shouldDropNoneOnNil" time="0"/>
  <testcase classname="javaslang.collection.TreeMapTest" name="shouldRecognizeNilContainsNoElement" time="0"/>
  <testcase classname="javaslang.collection.TreeMapTest" name="shouldFoldRightNonNil" time="0.001"/>
  <testcase classname="javaslang.collection.TreeMapTest" name="shouldNotRetainAllNonExistingElementsFromNonNil" time="0"/>
  <testcase classname="javaslang.collection.TreeMapTest" name="shouldTakeAsExpectedIfCountIsLessThanSize" time="0"/>
  <testcase classname="javaslang.collection.TreeMapTest" name="shouldNilNotEqualsNull" time="0"/>
  <testcase classname="javaslang.collection.TreeMapTest" name="shouldRecognizeNilNotContainsAllElements" time="0"/>
  <testcase classname="javaslang.collection.TreeMapTest" name="shouldScanEmpty" time="0"/>
  <testcase classname="javaslang.collection.TreeMapTest" name="shouldConvertNilToArrayList" time="0"/>
  <testcase classname="javaslang.collection.TreeMapTest" name="shouldStreamAndCollectNonNil" time="0"/>
  <testcase classname="javaslang.collection.TreeMapTest" name="shouldReplaceFirstOccurrenceOfNonNilUsingCurrNewWhenMultipleOccurrencesExist" time="0"/>
  <testcase classname="javaslang.collection.TreeMapTest" name="shouldThrowWhenReduceRightOptionNil" time="0"/>
  <testcase classname="javaslang.collection.TreeMapTest" name="shouldComputeLengthOfNil" time="0"/>
  <testcase classname="javaslang.collection.TreeMapTest" name="shouldTakeRightNoneOnNil" time="0"/>
  <testcase classname="javaslang.collection.TreeMapTest" name="shouldBeAwareOfNonExistingUniqueElement" time="0"/>
  <testcase classname="javaslang.collection.TreeMapTest" name="shouldComputeProductOfBigDecimal" time="0.001"/>
  <testcase classname="javaslang.collection.TreeMapTest" name="shouldReduceNonNil" time="0"/>
  <testcase classname="javaslang.collection.TreeMapTest" name="shouldDropWhileNoneOnNil" time="0"/>
  <testcase classname="javaslang.collection.TreeMapTest" name="shouldParallelStreamAndCollectNil" time="0"/>
  <testcase classname="javaslang.collection.TreeMapTest" name="shouldThrowWhenSlidingNonNilByZeroSize" time="0"/>
  <testcase classname="javaslang.collection.TreeMapTest" name="shouldHandlePrintWriterIOException" time="0"/>
  <testcase classname="javaslang.collection.TreeMapTest" name="shouldThrowWhenReduceRightOptionNullOperator" time="0"/>
  <testcase classname="javaslang.collection.TreeMapTest" name="shouldNonEmptyNotEqualsDifferentType" time="0"/>
  <testcase classname="javaslang.collection.TreeMapTest" name="shouldRetainAllExistingElementsFromNonNil" time="0"/>
  <testcase classname="javaslang.collection.TreeMapTest" name="shouldCreateListOfPrimitiveFloatArray" time="0.001"/>
  <testcase classname="javaslang.collection.TreeMapTest" name="shouldFindFirstOfNil" time="0"/>
  <testcase classname="javaslang.collection.TreeMapTest" name="shouldPartitionIntsInOddAndEvenHavingOnlyOddNumbers" time="0"/>
  <testcase classname="javaslang.collection.TreeMapTest" name="shouldThrowWhenReduceLeftNil" time="0"/>
  <testcase classname="javaslang.collection.TreeMapTest" name="shouldIterateFirstElementOfNonNil" time="0"/>
  <testcase classname="javaslang.collection.TreeMapTest" name="shouldCountWhenIsEmpty" time="0"/>
  <testcase classname="javaslang.collection.TreeMapTest" name="shouldComputeMaxOfFloat" time="0"/>
  <testcase classname="javaslang.collection.TreeMapTest" name="shouldComputeMaxOfShort" time="0"/>
  <testcase classname="javaslang.collection.TreeMapTest" name="shouldThrowWhenInitOfNil" time="0"/>
  <testcase classname="javaslang.collection.TreeMapTest" name="shouldScanRightEmpty" time="0.001"/>
  <testcase classname="javaslang.collection.TreeMapTest" name="shouldDropWhileNoneIfPredicateIsFalse" time="0"/>
  <testcase classname="javaslang.collection.TreeMapTest" name="shouldRecognizeNonNilContainsAllOnSelf" time="0"/>
  <testcase classname="javaslang.collection.TreeMapTest" name="shouldThrowWhenComputingProductOfStrings" time="0"/>
  <testcase classname="javaslang.collection.TreeMapTest" name="shouldThrowWhenHeadOnNil" time="0"/>
  <testcase classname="javaslang.collection.TreeMapTest" name="shouldWriteToPrintStream" time="0"/>
  <testcase classname="javaslang.collection.TreeMapTest" name="shouldConvertNilToJavaArray" time="0"/>
  <testcase classname="javaslang.collection.TreeMapTest" name="shouldFindLastOfNonNil" time="0"/>
  <testcase classname="javaslang.collection.TreeMapTest" name="shouldFoldLeftNonNil" time="0"/>
  <testcase classname="javaslang.collection.TreeMapTest" name="shouldFoldMultipleElements" time="0"/>
  <testcase classname="javaslang.collection.TreeMapTest" name="shouldDropUntilNoneOnNil" time="0"/>
  <testcase classname="javaslang.collection.TreeMapTest" name="shouldComputeProductOfBigInteger" time="0"/>
  <testcase classname="javaslang.collection.TreeMapTest" name="shouldComputeProductOfByte" time="0"/>
  <testcase classname="javaslang.collection.TreeMapTest" name="shouldComputeProductOfLong" time="0"/>
  <testcase classname="javaslang.collection.TreeMapTest" name="shouldDropUntilAllIfPredicateIsFalse" time="0"/>
  <testcase classname="javaslang.collection.TreeMapTest" name="shouldPartitionNil" time="0"/>
  <testcase classname="javaslang.collection.TreeMapTest" name="shouldCountWhenNoneSatisfiesThePredicate" time="0"/>
  <testcase classname="javaslang.collection.TreeMapTest" name="shouldWriteToPrintWriter" time="0"/>
  <testcase classname="javaslang.collection.TreeMapTest" name="shouldThrowWhenSlidingNilByNegativeSize" time="0.001"/>
  <testcase classname="javaslang.collection.TreeMapTest" name="shouldDropAllIfCountExceedsSize" time="0"/>
  <testcase classname="javaslang.collection.TreeMapTest" name="shouldSlideNonNilBySize1" time="0"/>
  <testcase classname="javaslang.collection.TreeMapTest" name="shouldSlideNonNilBySize2" time="0"/>
  <testcase classname="javaslang.collection.TreeMapTest" name="shouldMkStringWithDelimiterAndPrefixAndSuffixNil" time="0"/>
  <testcase classname="javaslang.collection.TreeMapTest" name="shouldGetOptionNonEmpty" time="0"/>
  <testcase classname="javaslang.collection.TreeMapTest" name="shouldBeAwareOfPropertyThatHoldsForAll" time="0"/>
  <testcase classname="javaslang.collection.TreeMapTest" name="shouldCorresponds" time="0"/>
  <testcase classname="javaslang.collection.TreeMapTest" name="shouldThrowIfEmpty" time="0"/>
  <testcase classname="javaslang.collection.TreeMapTest" name="shouldCalculateValIfEmpty" time="0"/>
  <testcase classname="javaslang.collection.TreeMapTest" name="shouldBeAwareOfExistingElement" time="0"/>
  <testcase classname="javaslang.collection.TreeMapTest" name="shouldConvertToMap" time="0"/>
  <testcase classname="javaslang.collection.TreeMapTest" name="shouldConvertToSet" time="0"/>
  <testcase classname="javaslang.collection.TreeMapTest" name="shouldNotThrowIfNonEmpty" time="0"/>
  <testcase classname="javaslang.collection.TreeMapTest" name="shouldCalculateValIfDefined" time="0"/>
  <testcase classname="javaslang.collection.TreeMapTest" name="shouldConvertToOption" time="0"/>
  <testcase classname="javaslang.collection.TreeMapTest" name="shouldConvertToCharSeq" time="0"/>
  <testcase classname="javaslang.collection.TreeMapTest" name="shouldBeAwareOfNonExistingElement" time="0"/>
  <testcase classname="javaslang.collection.TreeMapTest" name="shouldConvertEmptyToTry" time="0"/>
  <testcase classname="javaslang.collection.TreeMapTest" name="shouldConvertToStream" time="0.001"/>
  <testcase classname="javaslang.collection.TreeMapTest" name="shouldCalculateIsDefined" time="0"/>
  <testcase classname="javaslang.collection.TreeMapTest" name="shouldConvertToVector" time="0"/>
  <testcase classname="javaslang.collection.TreeMapTest" name="shouldConvertNonEmptyValueToMatchMonad" time="0"/>
  <testcase classname="javaslang.collection.TreeMapTest" name="shouldConvertToEitherRightFromValue" time="0"/>
  <testcase classname="javaslang.collection.TreeMapTest" name="shouldConvertToJavaList" time="0"/>
  <testcase classname="javaslang.collection.TreeMapTest" name="shouldCalculateSupplierIfDefined" time="0"/>
  <testcase classname="javaslang.collection.TreeMapTest" name="shouldFilterNotEmptyTraversable" time="0"/>
  <testcase classname="javaslang.collection.TreeMapTest" name="shouldConvertToEitherLeftFromValue" time="0"/>
  <testcase classname="javaslang.collection.TreeMapTest" name="shouldPeekNil" time="0"/>
  <testcase classname="javaslang.collection.TreeMapTest" name="shouldFoldNil" time="0"/>
  <testcase classname="javaslang.collection.TreeMapTest" name="shouldBeAwareOfPropertyThatNotHoldsForAll" time="0"/>
  <testcase classname="javaslang.collection.TreeMapTest" name="shouldGetNonEmpty" time="0"/>
  <testcase classname="javaslang.collection.TreeMapTest" name="shouldFilterNonEmptyTraversable" time="0"/>
  <testcase classname="javaslang.collection.TreeMapTest" name="shouldFilterNonEmptyTraversableAllMatch" time="0.001"/>
  <testcase classname="javaslang.collection.TreeMapTest" name="shouldCalculateIsEmpty" time="0"/>
  <testcase classname="javaslang.collection.TreeMapTest" name="shouldThrowWhenFoldNullOperator" time="0"/>
  <testcase classname="javaslang.collection.TreeMapTest" name="shouldPeekNonNilPerformingAnAction" time="0"/>
  <testcase classname="javaslang.collection.TreeMapTest" name="shouldFilterNotNonEmptyTraversable" time="0"/>
  <testcase classname="javaslang.collection.TreeMapTest" name="shouldConvertToArray" time="0"/>
  <testcase classname="javaslang.collection.TreeMapTest" name="shouldConvertToQueue" time="0"/>
  <testcase classname="javaslang.collection.TreeMapTest" name="shouldConvertToStack" time="0"/>
  <testcase classname="javaslang.collection.TreeMapTest" name="shouldntCorrespondsNonNilNil" time="0"/>
  <testcase classname="javaslang.collection.TreeMapTest" name="shouldCalculateOrElseGet" time="0"/>
  <testcase classname="javaslang.collection.TreeMapTest" name="shouldReturnUnderlyingValueWhenCallingOrElseTryOnNonEmptyValue" time="0"/>
  <testcase classname="javaslang.collection.TreeMapTest" name="shouldCalculateSupplierIfEmpty" time="0"/>
  <testcase classname="javaslang.collection.TreeMapTest" name="shouldConvertToJavaMap" time="0"/>
  <testcase classname="javaslang.collection.TreeMapTest" name="shouldConvertToJavaSet" time="0"/>
  <testcase classname="javaslang.collection.TreeMapTest" name="shouldConvertToLazy" time="0.001"/>
  <testcase classname="javaslang.collection.TreeMapTest" name="shouldConvertToList" time="0"/>
  <testcase classname="javaslang.collection.TreeMapTest" name="shouldConvertToJavaArray" time="0"/>
  <testcase classname="javaslang.collection.TreeMapTest" name="shouldFilterNotNonEmptyTraversableAllMatch" time="0"/>
  <testcase classname="javaslang.collection.TreeMapTest" name="shouldFoldSingleElement" time="0"/>
  <testcase classname="javaslang.collection.TreeMapTest" name="shouldConvertToEitherRightFromValueSupplier" time="0"/>
  <testcase classname="javaslang.collection.TreeMapTest" name="shouldntCorrespondsNilNonNil" time="0"/>
  <testcase classname="javaslang.collection.TreeMapTest" name="shouldGetEmpty" time="0"/>
  <testcase classname="javaslang.collection.TreeMapTest" name="shouldFilterEmptyTraversable" time="0"/>
  <testcase classname="javaslang.collection.TreeMapTest" name="shouldThrowWhenCallingOrElseTryOnEmptyValueAndTryIsAFailure" time="0"/>
  <testcase classname="javaslang.collection.TreeMapTest" name="shouldConvertNonEmptyToTryUsingExceptionSupplier" time="0"/>
  <testcase classname="javaslang.collection.TreeMapTest" name="shouldntCorrespondsNilNil" time="0"/>
  <testcase classname="javaslang.collection.TreeMapTest" name="shouldReturnAlternateValueWhenCallingOrElseTryOnEmptyValue" time="0"/>
  <testcase classname="javaslang.collection.TreeMapTest" name="shouldConvertNonEmptyToTry" time="0"/>
  <testcase classname="javaslang.collection.TreeMapTest" name="shouldConvertToJavaStream" time="0.001"/>
  <testcase classname="javaslang.collection.TreeMapTest" name="shouldCalculateOrElse" time="0"/>
  <testcase classname="javaslang.collection.TreeMapTest" name="shouldntCorrespondsDifferentLengths" time="0"/>
  <testcase classname="javaslang.collection.TreeMapTest" name="shouldConvertEmptyToTryUsingExceptionSupplier" time="0"/>
  <testcase classname="javaslang.collection.TreeMapTest" name="shouldPeekSingleValuePerformingAnAction" time="0"/>
  <testcase classname="javaslang.collection.TreeMapTest" name="shouldConvertEmptyValueToMatchMonad" time="0"/>
  <testcase classname="javaslang.collection.TreeMapTest" name="shouldPeekNonNilPerformingNoAction" time="0"/>
  <testcase classname="javaslang.collection.TreeMapTest" name="shouldConvertToJavaOptional" time="0"/>
  <testcase classname="javaslang.collection.TreeMapTest" name="shouldGetOptionEmpty" time="0"/>
  <testcase classname="javaslang.collection.TreeMapTest" name="shouldConvertToEitherLeftFromValueSupplier" time="0"/>
</testsuite>