<?xml version="1.0" encoding="UTF-8"?>
<!-- Generated by org.testng.reporters.JUnitReportReporter -->
<testsuite hostname="travis-job-3afffb0c-585b-47c0-9e4d-a216860e9e5e" name="quickdt.predictiveModels.decisionTree.TreeBuilderTest" tests="4" failures="0" timestamp="28 Jun 2019 20:51:11 GMT" time="1.146" errors="0">
  <testcase name="simpleBmiTestRebuild" time="0.519" classname="quickdt.predictiveModels.decisionTree.TreeBuilderTest"/>
  <testcase name="simpleBmiTest" time="0.170" classname="quickdt.predictiveModels.decisionTree.TreeBuilderTest"/>
  <testcase name="simpleBmiTestNoSplit" time="0.219" classname="quickdt.predictiveModels.decisionTree.TreeBuilderTest"/>
  <testcase name="simpleBmiTestSplit" time="0.238" classname="quickdt.predictiveModels.decisionTree.TreeBuilderTest"/>
</testsuite> <!-- quickdt.predictiveModels.decisionTree.TreeBuilderTest -->
