<?xml version="1.0" encoding="UTF-8"?>
<!-- Generated by org.testng.reporters.JUnitReportReporter -->
<testsuite hostname="travis-job-29e4e04f-b922-420b-a989-87fd7dcacef0" name="quickdt.crossValidation.MSECrossValLossTest" tests="1" failures="0" timestamp="28 Jun 2019 20:42:44 GMT" time="0.047" errors="0">
  <testcase name="testGetTotalLoss" time="0.047" classname="quickdt.crossValidation.MSECrossValLossTest"/>
</testsuite> <!-- quickdt.crossValidation.MSECrossValLossTest -->
