<?xml version="1.0" encoding="UTF-8"?>
<!-- Generated by org.testng.reporters.JUnitReportReporter -->
<testsuite hostname="travis-job-29e4e04f-b922-420b-a989-87fd7dcacef0" name="quickdt.crossValidation.WeightedAUCCrossValLossTest" tests="7" failures="0" timestamp="28 Jun 2019 20:42:44 GMT" time="0.197" errors="0">
  <testcase name="testGetTotalLoss" time="0.037" classname="quickdt.crossValidation.WeightedAUCCrossValLossTest"/>
  <testcase name="testAgainstMahout" time="0.153" classname="quickdt.crossValidation.WeightedAUCCrossValLossTest"/>
  <testcase name="testOnlySupportBinaryClassifications" time="0.002" classname="quickdt.crossValidation.WeightedAUCCrossValLossTest"/>
  <testcase name="testGetAucPointsFromData" time="0.002" classname="quickdt.crossValidation.WeightedAUCCrossValLossTest"/>
  <testcase name="testTotalLossNoData" time="0.003" classname="quickdt.crossValidation.WeightedAUCCrossValLossTest"/>
  <testcase name="testSortDataByProbability" time="0.000" classname="quickdt.crossValidation.WeightedAUCCrossValLossTest"/>
  <testcase name="testGetAUCPoint" time="0.000" classname="quickdt.crossValidation.WeightedAUCCrossValLossTest"/>
</testsuite> <!-- quickdt.crossValidation.WeightedAUCCrossValLossTest -->
