<?xml version="1.0" encoding="UTF-8"?>
<!-- Generated by org.testng.reporters.JUnitReportReporter -->
<testsuite hostname="travis-job-3afffb0c-585b-47c0-9e4d-a216860e9e5e" name="quickdt.predictiveModels.randomForest.RandomForestBuilderTest" tests="3" failures="0" timestamp="28 Jun 2019 20:51:11 GMT" time="8.225" errors="0">
  <testcase name="simpleBmiTest" time="2.340" classname="quickdt.predictiveModels.randomForest.RandomForestBuilderTest"/>
  <testcase name="simpleBmiTestSplit" time="3.448" classname="quickdt.predictiveModels.randomForest.RandomForestBuilderTest"/>
  <testcase name="simpleBmiTestNoSplit" time="2.437" classname="quickdt.predictiveModels.randomForest.RandomForestBuilderTest"/>
</testsuite> <!-- quickdt.predictiveModels.randomForest.RandomForestBuilderTest -->
