<?xml version="1.0" encoding="UTF-8"?>
<!-- Generated by org.testng.reporters.JUnitReportReporter -->
<testsuite hostname="travis-job-3afffb0c-585b-47c0-9e4d-a216860e9e5e" name="quickdt.predictiveModels.decisionTree.scorers.MSEScorerTest" tests="1" failures="0" timestamp="28 Jun 2019 20:51:11 GMT" time="0.002" errors="0">
  <testcase name="simpleTest" time="0.002" classname="quickdt.predictiveModels.decisionTree.scorers.MSEScorerTest"/>
</testsuite> <!-- quickdt.predictiveModels.decisionTree.scorers.MSEScorerTest -->
