<?xml version="1.0" encoding="UTF-8"?>
<!-- Generated by org.testng.reporters.JUnitReportReporter -->
<testsuite hostname="travis-job-3afffb0c-585b-47c0-9e4d-a216860e9e5e" name="quickdt.predictiveModels.calibratedPredictiveModel.PAVCalibratedPredictiveModelBuilderTest" tests="3" failures="0" timestamp="28 Jun 2019 20:51:11 GMT" time="3.815" errors="0">
  <testcase name="simpleBmiTest" time="2.722" classname="quickdt.predictiveModels.calibratedPredictiveModel.PAVCalibratedPredictiveModelBuilderTest"/>
  <testcase name="simpleBmiTestSplit" time="0.624" classname="quickdt.predictiveModels.calibratedPredictiveModel.PAVCalibratedPredictiveModelBuilderTest"/>
  <testcase name="simpleBmiTestNoSplit" time="0.469" classname="quickdt.predictiveModels.calibratedPredictiveModel.PAVCalibratedPredictiveModelBuilderTest"/>
</testsuite> <!-- quickdt.predictiveModels.calibratedPredictiveModel.PAVCalibratedPredictiveModelBuilderTest -->
