<?xml version="1.0" encoding="UTF-8"?>
<!-- Generated by org.testng.reporters.JUnitReportReporter -->
<testsuite hostname="travis-job-3afffb0c-585b-47c0-9e4d-a216860e9e5e" name="quickdt.ClassificationCounterTest" tests="3" failures="0" timestamp="28 Jun 2019 20:51:11 GMT" time="0.000" errors="0">
  <testcase name="testMerge" time="0.000" classname="quickdt.ClassificationCounterTest"/>
  <testcase name="testAdd" time="0.000" classname="quickdt.ClassificationCounterTest"/>
  <testcase name="testSubtract" time="0.000" classname="quickdt.ClassificationCounterTest"/>
</testsuite> <!-- quickdt.ClassificationCounterTest -->
