<?xml version="1.0" encoding="UTF-8"?>
<!-- Generated by org.testng.reporters.JUnitReportReporter -->
<testsuite hostname="travis-job-3afffb0c-585b-47c0-9e4d-a216860e9e5e" name="quickdt.predictiveModelOptimizer.PredictiveModelOptimizerTest" tests="1" failures="0" timestamp="28 Jun 2019 20:51:11 GMT" time="11.221" errors="0">
  <testcase name="irisTest" time="11.221" classname="quickdt.predictiveModelOptimizer.PredictiveModelOptimizerTest"/>
</testsuite> <!-- quickdt.predictiveModelOptimizer.PredictiveModelOptimizerTest -->
