<?xml version="1.0" encoding="UTF-8" ?>
<testsuite tests="41" failures="0" name="javaslang.test.GenTest" time="10.329" errors="0" skipped="0">
  <properties>
    <property name="java.runtime.name" value="Java(TM) SE Runtime Environment"/>
    <property name="sun.boot.library.path" value="/usr/lib/jvm/java-8-oracle/jre/lib/amd64"/>
    <property name="java.vm.version" value="25.151-b12"/>
    <property name="java.vm.vendor" value="Oracle Corporation"/>
    <property name="maven.multiModuleProjectDirectory" value="/home/travis/build/rafaresearch/vavr"/>
    <property name="java.vendor.url" value="http://java.oracle.com/"/>
    <property name="path.separator" value=":"/>
    <property name="guice.disable.misplaced.annotation.check" value="true"/>
    <property name="java.vm.name" value="Java HotSpot(TM) 64-Bit Server VM"/>
    <property name="file.encoding.pkg" value="sun.io"/>
    <property name="user.country" value="US"/>
    <property name="sun.java.launcher" value="SUN_STANDARD"/>
    <property name="sun.os.patch.level" value="unknown"/>
    <property name="java.vm.specification.name" value="Java Virtual Machine Specification"/>
    <property name="user.dir" value="/home/travis/build/rafaresearch/vavr"/>
    <property name="java.runtime.version" value="1.8.0_151-b12"/>
    <property name="java.awt.graphicsenv" value="sun.awt.X11GraphicsEnvironment"/>
    <property name="java.endorsed.dirs" value="/usr/lib/jvm/java-8-oracle/jre/lib/endorsed"/>
    <property name="os.arch" value="amd64"/>
    <property name="java.io.tmpdir" value="/tmp"/>
    <property name="line.separator" value="
"/>
    <property name="java.vm.specification.vendor" value="Oracle Corporation"/>
    <property name="os.name" value="Linux"/>
    <property name="classworlds.conf" value="/usr/local/maven-3.5.2/bin/m2.conf"/>
    <property name="sun.jnu.encoding" value="UTF-8"/>
    <property name="java.library.path" value="/usr/java/packages/lib/amd64:/usr/lib64:/lib64:/lib:/usr/lib"/>
    <property name="maven.conf" value="/usr/local/maven-3.5.2/conf"/>
    <property name="java.specification.name" value="Java Platform API Specification"/>
    <property name="java.class.version" value="52.0"/>
    <property name="sun.management.compiler" value="HotSpot 64-Bit Tiered Compilers"/>
    <property name="os.version" value="4.4.0-101-generic"/>
    <property name="library.jansi.path" value="/usr/local/maven-3.5.2/lib/jansi-native"/>
    <property name="user.home" value="/home/travis"/>
    <property name="user.timezone" value="UTC"/>
    <property name="java.awt.printerjob" value="sun.print.PSPrinterJob"/>
    <property name="java.specification.version" value="1.8"/>
    <property name="file.encoding" value="UTF-8"/>
    <property name="user.name" value="travis"/>
    <property name="java.class.path" value="/usr/local/maven-3.5.2/boot/plexus-classworlds-2.5.2.jar"/>
    <property name="java.vm.specification.version" value="1.8"/>
    <property name="sun.arch.data.model" value="64"/>
    <property name="java.home" value="/usr/lib/jvm/java-8-oracle/jre"/>
    <property name="sun.java.command" value="org.codehaus.plexus.classworlds.launcher.Launcher package"/>
    <property name="java.specification.vendor" value="Oracle Corporation"/>
    <property name="user.language" value="en"/>
    <property name="awt.toolkit" value="sun.awt.X11.XToolkit"/>
    <property name="java.vm.info" value="mixed mode"/>
    <property name="java.version" value="1.8.0_151"/>
    <property name="java.ext.dirs" value="/usr/lib/jvm/java-8-oracle/jre/lib/ext:/usr/java/packages/lib/ext"/>
    <property name="securerandom.source" value="file:/dev/./urandom"/>
    <property name="sun.boot.class.path" value="/usr/lib/jvm/java-8-oracle/jre/lib/resources.jar:/usr/lib/jvm/java-8-oracle/jre/lib/rt.jar:/usr/lib/jvm/java-8-oracle/jre/lib/sunrsasign.jar:/usr/lib/jvm/java-8-oracle/jre/lib/jsse.jar:/usr/lib/jvm/java-8-oracle/jre/lib/jce.jar:/usr/lib/jvm/java-8-oracle/jre/lib/charsets.jar:/usr/lib/jvm/java-8-oracle/jre/lib/jfr.jar:/usr/lib/jvm/java-8-oracle/jre/classes"/>
    <property name="java.vendor" value="Oracle Corporation"/>
    <property name="maven.home" value="/usr/local/maven-3.5.2"/>
    <property name="file.separator" value="/"/>
    <property name="java.vendor.url.bug" value="http://bugreport.sun.com/bugreport/"/>
    <property name="sun.cpu.endian" value="little"/>
    <property name="sun.io.unicode.encoding" value="UnicodeLittle"/>
    <property name="sun.cpu.isalist" value=""/>
  </properties>
  <testcase classname="javaslang.test.GenTest" name="shouldGenerateElementsAccordingToFrequencyGivenAnIterable" time="0.013"/>
  <testcase classname="javaslang.test.GenTest" name="shouldFailAlwaysWhenCallingFailingGen" time="0"/>
  <testcase classname="javaslang.test.GenTest" name="shouldChooseIntBetweenMinMax" time="0.006"/>
  <testcase classname="javaslang.test.GenTest" name="shouldThrowWhenCallingFrequencyOfVarArgsAndArgIsEmpty" time="0"/>
  <testcase classname="javaslang.test.GenTest" name="shouldMapGen" time="0.004"/>
  <testcase classname="javaslang.test.GenTest" name="shouldThrowWhenCallingMapWithNullArg" time="0"/>
  <testcase classname="javaslang.test.GenTest" name="shouldReturnOneOfGivenIterable" time="0.003"/>
  <testcase classname="javaslang.test.GenTest" name="shouldChooseLongBetweenMinMax" time="0.006"/>
  <testcase classname="javaslang.test.GenTest" name="shouldPeekArbitrary" time="0.003"/>
  <testcase classname="javaslang.test.GenTest" name="shouldChooseDoubleWhenMinEqualsMax" time="0.007"/>
  <testcase classname="javaslang.test.GenTest" name="shouldChooseCharBetweenMinMax" time="0.004"/>
  <testcase classname="javaslang.test.GenTest" name="shouldThrowWhenCallingFilterWithNullArg" time="0"/>
  <testcase classname="javaslang.test.GenTest" name="shouldThrowWhenCallingFrequencyOfVarArgsAndArgIsNull" time="0"/>
  <testcase classname="javaslang.test.GenTest" name="shouldThrowWhenChooseDoubleAndMaxIsNegativeInfinite" time="0.001"/>
  <testcase classname="javaslang.test.GenTest" name="shouldThrowWhenCallingFlatMapWithNullArg" time="0"/>
  <testcase classname="javaslang.test.GenTest" name="shouldThrowWhenCallingOneOfAndIterableIsEmpty" time="0"/>
  <testcase classname="javaslang.test.GenTest" name="shouldThrowWhenChooseDoubleAndMinIsNotANumber" time="0"/>
  <testcase classname="javaslang.test.GenTest" name="shouldGenerateElementsAccordingToFrequencyGivenVarArgs" time="0.002"/>
  <testcase classname="javaslang.test.GenTest" name="shouldThrowWhenCallingFrequencyOfVarArgsAndFrequenceIsNegative" time="0.001"/>
  <testcase classname="javaslang.test.GenTest" name="shouldThrowWhenCallingOneOfAndIterableIsNull" time="0"/>
  <testcase classname="javaslang.test.GenTest" name="shouldThrowWhenCallingFrequencyOfIterableAndArgIsNull" time="0"/>
  <testcase classname="javaslang.test.GenTest" name="shouldReturnOneOfGivenVarArgs" time="0.002"/>
  <testcase classname="javaslang.test.GenTest" name="shouldThrowWhenChooseDoubleAndMinIsNegativeInfinite" time="0"/>
  <testcase classname="javaslang.test.GenTest" name="shouldThrowWhenCallingOneOfAndVarArgsIsEmpty" time="0"/>
  <testcase classname="javaslang.test.GenTest" name="shouldChooseCharWhenMinEqualsMax" time="0.003"/>
  <testcase classname="javaslang.test.GenTest" name="shouldConvertGenToArbitrary" time="0"/>
  <testcase classname="javaslang.test.GenTest" name="shouldThrowOnExists" time="0"/>
  <testcase classname="javaslang.test.GenTest" name="shouldThrowOnForAll" time="0"/>
  <testcase classname="javaslang.test.GenTest" name="shouldThrowWhenChooseDoubleAndMaxIsPositiveInfinite" time="0"/>
  <testcase classname="javaslang.test.GenTest" name="shouldThrowWhenChooseDoubleAndMaxIsNotANumber" time="0"/>
  <testcase classname="javaslang.test.GenTest" name="shouldFilterGenerator" time="0.005"/>
  <testcase classname="javaslang.test.GenTest" name="shouldNotBeEmpty" time="0"/>
  <testcase classname="javaslang.test.GenTest" name="shouldFlatMapGen" time="0.002"/>
  <testcase classname="javaslang.test.GenTest" name="shouldDetectEmptyFilter" time="10.252"/>
  <testcase classname="javaslang.test.GenTest" name="shouldThrowWhenCallingFrequencyOfIterableAndArgIsEmpty" time="0"/>
  <testcase classname="javaslang.test.GenTest" name="shouldUseCustomRandomNumberGenerator" time="0.003"/>
  <testcase classname="javaslang.test.GenTest" name="shouldChooseDoubleBetweenMinMax" time="0.004"/>
  <testcase classname="javaslang.test.GenTest" name="shouldThrowWhenCallingOneOfAndVarArgsIsNull" time="0.001"/>
  <testcase classname="javaslang.test.GenTest" name="shouldThrowWhenChooseDoubleAndMinIsPositiveInfinite" time="0"/>
  <testcase classname="javaslang.test.GenTest" name="shouldChooseLongWhenMinEqualsMax" time="0.005"/>
  <testcase classname="javaslang.test.GenTest" name="shouldChooseIntWhenMinEqualsMax" time="0.002"/>
</testsuite>