<?xml version="1.0" encoding="UTF-8" ?>
<testsuite tests="413" failures="0" name="javaslang.collection.IteratorTest" time="0.12" errors="0" skipped="0">
  <properties>
    <property name="java.runtime.name" value="Java(TM) SE Runtime Environment"/>
    <property name="sun.boot.library.path" value="/usr/lib/jvm/java-8-oracle/jre/lib/amd64"/>
    <property name="java.vm.version" value="25.151-b12"/>
    <property name="java.vm.vendor" value="Oracle Corporation"/>
    <property name="maven.multiModuleProjectDirectory" value="/home/travis/build/rafaresearch/vavr"/>
    <property name="java.vendor.url" value="http://java.oracle.com/"/>
    <property name="path.separator" value=":"/>
    <property name="guice.disable.misplaced.annotation.check" value="true"/>
    <property name="java.vm.name" value="Java HotSpot(TM) 64-Bit Server VM"/>
    <property name="file.encoding.pkg" value="sun.io"/>
    <property name="user.country" value="US"/>
    <property name="sun.java.launcher" value="SUN_STANDARD"/>
    <property name="sun.os.patch.level" value="unknown"/>
    <property name="java.vm.specification.name" value="Java Virtual Machine Specification"/>
    <property name="user.dir" value="/home/travis/build/rafaresearch/vavr"/>
    <property name="java.runtime.version" value="1.8.0_151-b12"/>
    <property name="java.awt.graphicsenv" value="sun.awt.X11GraphicsEnvironment"/>
    <property name="java.endorsed.dirs" value="/usr/lib/jvm/java-8-oracle/jre/lib/endorsed"/>
    <property name="os.arch" value="amd64"/>
    <property name="java.io.tmpdir" value="/tmp"/>
    <property name="line.separator" value="
"/>
    <property name="java.vm.specification.vendor" value="Oracle Corporation"/>
    <property name="os.name" value="Linux"/>
    <property name="classworlds.conf" value="/usr/local/maven-3.5.2/bin/m2.conf"/>
    <property name="sun.jnu.encoding" value="UTF-8"/>
    <property name="java.library.path" value="/usr/java/packages/lib/amd64:/usr/lib64:/lib64:/lib:/usr/lib"/>
    <property name="maven.conf" value="/usr/local/maven-3.5.2/conf"/>
    <property name="java.specification.name" value="Java Platform API Specification"/>
    <property name="java.class.version" value="52.0"/>
    <property name="sun.management.compiler" value="HotSpot 64-Bit Tiered Compilers"/>
    <property name="os.version" value="4.4.0-101-generic"/>
    <property name="library.jansi.path" value="/usr/local/maven-3.5.2/lib/jansi-native"/>
    <property name="user.home" value="/home/travis"/>
    <property name="user.timezone" value="UTC"/>
    <property name="java.awt.printerjob" value="sun.print.PSPrinterJob"/>
    <property name="java.specification.version" value="1.8"/>
    <property name="file.encoding" value="UTF-8"/>
    <property name="user.name" value="travis"/>
    <property name="java.class.path" value="/usr/local/maven-3.5.2/boot/plexus-classworlds-2.5.2.jar"/>
    <property name="java.vm.specification.version" value="1.8"/>
    <property name="sun.arch.data.model" value="64"/>
    <property name="java.home" value="/usr/lib/jvm/java-8-oracle/jre"/>
    <property name="sun.java.command" value="org.codehaus.plexus.classworlds.launcher.Launcher package"/>
    <property name="java.specification.vendor" value="Oracle Corporation"/>
    <property name="user.language" value="en"/>
    <property name="awt.toolkit" value="sun.awt.X11.XToolkit"/>
    <property name="java.vm.info" value="mixed mode"/>
    <property name="java.version" value="1.8.0_151"/>
    <property name="java.ext.dirs" value="/usr/lib/jvm/java-8-oracle/jre/lib/ext:/usr/java/packages/lib/ext"/>
    <property name="securerandom.source" value="file:/dev/./urandom"/>
    <property name="sun.boot.class.path" value="/usr/lib/jvm/java-8-oracle/jre/lib/resources.jar:/usr/lib/jvm/java-8-oracle/jre/lib/rt.jar:/usr/lib/jvm/java-8-oracle/jre/lib/sunrsasign.jar:/usr/lib/jvm/java-8-oracle/jre/lib/jsse.jar:/usr/lib/jvm/java-8-oracle/jre/lib/jce.jar:/usr/lib/jvm/java-8-oracle/jre/lib/charsets.jar:/usr/lib/jvm/java-8-oracle/jre/lib/jfr.jar:/usr/lib/jvm/java-8-oracle/jre/classes"/>
    <property name="java.vendor" value="Oracle Corporation"/>
    <property name="maven.home" value="/usr/local/maven-3.5.2"/>
    <property name="file.separator" value="/"/>
    <property name="java.vendor.url.bug" value="http://bugreport.sun.com/bugreport/"/>
    <property name="sun.cpu.endian" value="little"/>
    <property name="sun.io.unicode.encoding" value="UnicodeLittle"/>
    <property name="sun.cpu.isalist" value=""/>
  </properties>
  <testcase classname="javaslang.collection.IteratorTest" name="shouldFailOfEmptyByte" time="0"/>
  <testcase classname="javaslang.collection.IteratorTest" name="shouldFailOfEmptyChar" time="0.001"/>
  <testcase classname="javaslang.collection.IteratorTest" name="shouldFailOfEmptyLong" time="0"/>
  <testcase classname="javaslang.collection.IteratorTest" name="shouldSerializeDeserializeNonNil" time="0"/>
  <testcase classname="javaslang.collection.IteratorTest" name="shouldConcatEmptyArrayIterable" time="0"/>
  <testcase classname="javaslang.collection.IteratorTest" name="shouldCalculateDifferentHashCodesForDifferentTraversables" time="0"/>
  <testcase classname="javaslang.collection.IteratorTest" name="shouldFailOfEmptyIterable" time="0"/>
  <testcase classname="javaslang.collection.IteratorTest" name="shouldGenerateLongStream" time="0.007"/>
  <testcase classname="javaslang.collection.IteratorTest" name="shouldFailOfEmptyDouble" time="0"/>
  <testcase classname="javaslang.collection.IteratorTest" name="shouldFailOfEmptyArgList" time="0"/>
  <testcase classname="javaslang.collection.IteratorTest" name="shouldFailOfEmptyInt" time="0"/>
  <testcase classname="javaslang.collection.IteratorTest" name="shouldPreserveSingletonInstanceOnDeserialization" time="0"/>
  <testcase classname="javaslang.collection.IteratorTest" name="shouldGenerateInfiniteStreamBasedOnSupplierWithAccessToPreviousValue" time="0.011"/>
  <testcase classname="javaslang.collection.IteratorTest" name="shouldConcatThisEmptyWithNonEmpty" time="0"/>
  <testcase classname="javaslang.collection.IteratorTest" name="shouldGenerateInfiniteStreamBasedOnSupplier" time="0"/>
  <testcase classname="javaslang.collection.IteratorTest" name="shouldGenerateTerminatingIntStream" time="0"/>
  <testcase classname="javaslang.collection.IteratorTest" name="shouldConcatThisNonEmptyWithNonEmpty" time="0"/>
  <testcase classname="javaslang.collection.IteratorTest" name="shouldFailOfEmptyBoolean" time="0"/>
  <testcase classname="javaslang.collection.IteratorTest" name="shouldRecognizeEqualityOfNonNils" time="0"/>
  <testcase classname="javaslang.collection.IteratorTest" name="shouldTransform" time="0"/>
  <testcase classname="javaslang.collection.IteratorTest" name="shouldConcatNonEmptyIterableIterable" time="0"/>
  <testcase classname="javaslang.collection.IteratorTest" name="shouldConcatThisNonEmptyWithEmpty" time="0"/>
  <testcase classname="javaslang.collection.IteratorTest" name="shouldConcatEmptyIterableIterable" time="0"/>
  <testcase classname="javaslang.collection.IteratorTest" name="shouldConcatNonEmptyArrayIterable" time="0"/>
  <testcase classname="javaslang.collection.IteratorTest" name="shouldSerializeDeserializeNil" time="0"/>
  <testcase classname="javaslang.collection.IteratorTest" name="shouldCalculateHashCodeOfNonNil" time="0"/>
  <testcase classname="javaslang.collection.IteratorTest" name="shouldFailOfEmptyFloat" time="0"/>
  <testcase classname="javaslang.collection.IteratorTest" name="shouldFailOfEmptyShort" time="0.001"/>
  <testcase classname="javaslang.collection.IteratorTest" name="shouldGenerateTerminatingLongStream" time="0"/>
  <testcase classname="javaslang.collection.IteratorTest" name="shouldGenerateIntStream" time="0"/>
  <testcase classname="javaslang.collection.IteratorTest" name="shouldThrowWhenTailOnNil" time="0"/>
  <testcase classname="javaslang.collection.IteratorTest" name="shouldZipAllNils" time="0"/>
  <testcase classname="javaslang.collection.IteratorTest" name="shouldDropUntilNoneIfPredicateIsTrue" time="0"/>
  <testcase classname="javaslang.collection.IteratorTest" name="shouldThrowWhenMaxByFunctionOfNil" time="0.025"/>
  <testcase classname="javaslang.collection.IteratorTest" name="shouldSplitNonNil" time="0"/>
  <testcase classname="javaslang.collection.IteratorTest" name="shouldComputeAverageOfFloat" time="0"/>
  <testcase classname="javaslang.collection.IteratorTest" name="shouldComputeAverageOfShort" time="0"/>
  <testcase classname="javaslang.collection.IteratorTest" name="shouldCreateListOfPrimitiveIntArray" time="0"/>
  <testcase classname="javaslang.collection.IteratorTest" name="shouldThrowWhenMaxByOfNil" time="0.001"/>
  <testcase classname="javaslang.collection.IteratorTest" name="shouldSpanNil" time="0.001"/>
  <testcase classname="javaslang.collection.IteratorTest" name="shouldReplaceAllElementsOfNonNilUsingCurrNonExistingNew" time="0.002"/>
  <testcase classname="javaslang.collection.IteratorTest" name="shouldReduceRightNonNil" time="0"/>
  <testcase classname="javaslang.collection.IteratorTest" name="shouldSlide4ElementsBySize5AndStep3" time="0"/>
  <testcase classname="javaslang.collection.IteratorTest" name="shouldFindFirstOfNonNil" time="0"/>
  <testcase classname="javaslang.collection.IteratorTest" name="shouldScanWithNonComparable" time="0.002"/>
  <testcase classname="javaslang.collection.IteratorTest" name="shouldScanRightNonEmpty" time="0.001"/>
  <testcase classname="javaslang.collection.IteratorTest" name="shouldTabulateTheSeqWith0Elements" time="0.005"/>
  <testcase classname="javaslang.collection.IteratorTest" name="shouldScanLeftWithNonComparable" time="0"/>
  <testcase classname="javaslang.collection.IteratorTest" name="shouldCreateListOfPrimitiveCharArray" time="0.001"/>
  <testcase classname="javaslang.collection.IteratorTest" name="shouldDropWhileAllIfPredicateIsTrue" time="0"/>
  <testcase classname="javaslang.collection.IteratorTest" name="shouldComputeSumOfBigDecimal" time="0"/>
  <testcase classname="javaslang.collection.IteratorTest" name="shouldCreateListOfPrimitiveDoubleArray" time="0"/>
  <testcase classname="javaslang.collection.IteratorTest" name="shouldComputeMaxOfByte" time="0"/>
  <testcase classname="javaslang.collection.IteratorTest" name="shouldComputeMaxOfChar" time="0"/>
  <testcase classname="javaslang.collection.IteratorTest" name="shouldComputeMaxOfLong" time="0"/>
  <testcase classname="javaslang.collection.IteratorTest" name="shouldComputeMaxOfBoolean" time="0"/>
  <testcase classname="javaslang.collection.IteratorTest" name="shouldHaveSizedSpliterator" time="0"/>
  <testcase classname="javaslang.collection.IteratorTest" name="shouldDropRightAllIfCountExceedsSize" time="0"/>
  <testcase classname="javaslang.collection.IteratorTest" name="shouldCountWhenSomeSatisfyThePredicate" time="0"/>
  <testcase classname="javaslang.collection.IteratorTest" name="shouldMkStringNonNil" time="0.001"/>
  <testcase classname="javaslang.collection.IteratorTest" name="shouldHaveImmutableSpliterator" time="0"/>
  <testcase classname="javaslang.collection.IteratorTest" name="shouldThrowWhenGroupedWithSizeZero" time="0"/>
  <testcase classname="javaslang.collection.IteratorTest" name="shouldRecognizeNil" time="0"/>
  <testcase classname="javaslang.collection.IteratorTest" name="shouldFullyIterateNonNil" time="0"/>
  <testcase classname="javaslang.collection.IteratorTest" name="shouldComputeMaxOfInt" time="0"/>
  <testcase classname="javaslang.collection.IteratorTest" name="shouldThrowWhenSlidingNonNilByNegativeSize" time="0"/>
  <testcase classname="javaslang.collection.IteratorTest" name="shouldComputeLengthOfNonNil" time="0.001"/>
  <testcase classname="javaslang.collection.IteratorTest" name="shouldZipNilWithIndex" time="0"/>
  <testcase classname="javaslang.collection.IteratorTest" name="shouldThrowWhenFoldRightNullOperator" time="0"/>
  <testcase classname="javaslang.collection.IteratorTest" name="shouldThrowWhenMinByWithNullComparator" time="0"/>
  <testcase classname="javaslang.collection.IteratorTest" name="shouldScanRightWithNonComparable" time="0"/>
  <testcase classname="javaslang.collection.IteratorTest" name="shouldCountWhenAllSatisfyThePredicate" time="0"/>
  <testcase classname="javaslang.collection.IteratorTest" name="shouldReturnSomeHeadWhenCallingHeadOptionOnNonNil" time="0"/>
  <testcase classname="javaslang.collection.IteratorTest" name="shouldTabulateTheSeqCallingTheFunctionInTheRightOrder" time="0.001"/>
  <testcase classname="javaslang.collection.IteratorTest" name="shouldNonNilNotEqualsNull" time="0"/>
  <testcase classname="javaslang.collection.IteratorTest" name="shouldClearNonNil" time="0"/>
  <testcase classname="javaslang.collection.IteratorTest" name="shouldComputeSumOfBigInteger" time="0"/>
  <testcase classname="javaslang.collection.IteratorTest" name="shouldTakeRightAllIfCountExceedsSize" time="0"/>
  <testcase classname="javaslang.collection.IteratorTest" name="shouldReduceRightOptionNonNil" time="0"/>
  <testcase classname="javaslang.collection.IteratorTest" name="shouldTakeRightAsExpectedIfCountIsLessThanSize" time="0"/>
  <testcase classname="javaslang.collection.IteratorTest" name="shouldConvertNonNilToArrayList" time="0"/>
  <testcase classname="javaslang.collection.IteratorTest" name="shouldReturnHeadOfNonNil" time="0.001"/>
  <testcase classname="javaslang.collection.IteratorTest" name="shouldThrowWhenFoldLeftNullOperator" time="0"/>
  <testcase classname="javaslang.collection.IteratorTest" name="shouldCreateListOfPrimitiveBooleanArray" time="0"/>
  <testcase classname="javaslang.collection.IteratorTest" name="shouldGroupedTraversableWithRemainder" time="0"/>
  <testcase classname="javaslang.collection.IteratorTest" name="shouldUnzip3NonNil" time="0.001"/>
  <testcase classname="javaslang.collection.IteratorTest" name="shouldDropNoneIfCountIsNegative" time="0"/>
  <testcase classname="javaslang.collection.IteratorTest" name="shouldCalculateHashCodeOfNil" time="0"/>
  <testcase classname="javaslang.collection.IteratorTest" name="shouldGroupedWhenTraversableLengthIsSmallerThanBlockSize" time="0.001"/>
  <testcase classname="javaslang.collection.IteratorTest" name="shouldReturnNoneWhenComputingMaxOfNil" time="0"/>
  <testcase classname="javaslang.collection.IteratorTest" name="shouldComputeMinOfBoolean" time="0"/>
  <testcase classname="javaslang.collection.IteratorTest" name="shouldNilGroupBy" time="0"/>
  <testcase classname="javaslang.collection.IteratorTest" name="shouldNotHasNextWhenNilIterator" time="0"/>
  <testcase classname="javaslang.collection.IteratorTest" name="shouldBeAwareOfExistingUniqueElement" time="0"/>
  <testcase classname="javaslang.collection.IteratorTest" name="shouldConvertNilToHashMap" time="0"/>
  <testcase classname="javaslang.collection.IteratorTest" name="shouldConvertNilToHashSet" time="0"/>
  <testcase classname="javaslang.collection.IteratorTest" name="shouldRecognizeNonEqualityOfTraversablesOfSameSize" time="0"/>
  <testcase classname="javaslang.collection.IteratorTest" name="shouldFoldRightNil" time="0.007"/>
  <testcase classname="javaslang.collection.IteratorTest" name="shouldCreateListOfPrimitiveByteArray" time="0"/>
  <testcase classname="javaslang.collection.IteratorTest" name="shouldReplaceAllElementsOfNilUsingCurrNew" time="0"/>
  <testcase classname="javaslang.collection.IteratorTest" name="shouldPartitionIntsInOddAndEvenHavingOddAndEvenNumbers" time="0"/>
  <testcase classname="javaslang.collection.IteratorTest" name="shouldDropAsExpectedIfCountIsLessThanSize" time="0"/>
  <testcase classname="javaslang.collection.IteratorTest" name="shouldCalculateMinByOfInts" time="0"/>
  <testcase classname="javaslang.collection.IteratorTest" name="shouldPartitionIntsInOddAndEvenHavingOnlyEvenNumbers" time="0"/>
  <testcase classname="javaslang.collection.IteratorTest" name="shouldComputeMinOfByte" time="0"/>
  <testcase classname="javaslang.collection.IteratorTest" name="shouldComputeMinOfChar" time="0.001"/>
  <testcase classname="javaslang.collection.IteratorTest" name="shouldComputeMinOfLong" time="0"/>
  <testcase classname="javaslang.collection.IteratorTest" name="shouldUnzipNil" time="0.001"/>
  <testcase classname="javaslang.collection.IteratorTest" name="shouldReplaceElementOfNilUsingCurrNew" time="0"/>
  <testcase classname="javaslang.collection.IteratorTest" name="shouldThrowWhenGroupedWithNegativeSize" time="0"/>
  <testcase classname="javaslang.collection.IteratorTest" name="shouldWriteToStderr" time="0.001"/>
  <testcase classname="javaslang.collection.IteratorTest" name="shouldWriteToStdout" time="0.005"/>
  <testcase classname="javaslang.collection.IteratorTest" name="shouldSlide5ElementsBySize2AndStep3" time="0.001"/>
  <testcase classname="javaslang.collection.IteratorTest" name="shouldSlide5ElementsBySize2AndStep4" time="0"/>
  <testcase classname="javaslang.collection.IteratorTest" name="shouldSlide5ElementsBySize2AndStep5" time="0"/>
  <testcase classname="javaslang.collection.IteratorTest" name="shouldMkStringWithDelimiterNil" time="0"/>
  <testcase classname="javaslang.collection.IteratorTest" name="shouldZipAllNonEmptyAndNil" time="0"/>
  <testcase classname="javaslang.collection.IteratorTest" name="shouldDropRightNoneIfCountIsNegative" time="0"/>
  <testcase classname="javaslang.collection.IteratorTest" name="shouldConvertNonNilToJavaArray" time="0"/>
  <testcase classname="javaslang.collection.IteratorTest" name="shouldThrowWhenReduceNullOperator" time="0"/>
  <testcase classname="javaslang.collection.IteratorTest" name="shouldComputeMinOfBigDecimal" time="0"/>
  <testcase classname="javaslang.collection.IteratorTest" name="shouldThrowOnNextWhenNilIterator" time="0"/>
  <testcase classname="javaslang.collection.IteratorTest" name="shouldThrowWhenMaxByWithNullFunction" time="0"/>
  <testcase classname="javaslang.collection.IteratorTest" name="shouldComputeDistinctByOfNonEmptyTraversableUsingKeyExtractor" time="0.001"/>
  <testcase classname="javaslang.collection.IteratorTest" name="shouldDropRightNoneOnNil" time="0"/>
  <testcase classname="javaslang.collection.IteratorTest" name="shouldFoldLeftNil" time="0"/>
  <testcase classname="javaslang.collection.IteratorTest" name="shouldThrowWhenReduceLeftNullOperator" time="0"/>
  <testcase classname="javaslang.collection.IteratorTest" name="shouldThrowWhenSlidingNilByPositiveStepAndNegativeSize" time="0"/>
  <testcase classname="javaslang.collection.IteratorTest" name="shouldReplaceAllElementsOfNonNilUsingCurrNew" time="0"/>
  <testcase classname="javaslang.collection.IteratorTest" name="shouldThrowWhenComputingSumOfStrings" time="0.001"/>
  <testcase classname="javaslang.collection.IteratorTest" name="shouldZipNonNilsOfSameSize" time="0"/>
  <testcase classname="javaslang.collection.IteratorTest" name="shouldTakeNoneOnNil" time="0"/>
  <testcase classname="javaslang.collection.IteratorTest" name="shouldTakeRightNoneIfCountIsNegative" time="0"/>
  <testcase classname="javaslang.collection.IteratorTest" name="shouldReturnSomethingOnHasDefiniteSize" time="0"/>
  <testcase classname="javaslang.collection.IteratorTest" name="shouldFoldMapNonNil" time="0"/>
  <testcase classname="javaslang.collection.IteratorTest" name="shouldSpanNonNil" time="0.001"/>
  <testcase classname="javaslang.collection.IteratorTest" name="shouldReturnNoneWhenCallingHeadOptionOnNil" time="0"/>
  <testcase classname="javaslang.collection.IteratorTest" name="shouldHandleStdoutIOException" time="0"/>
  <testcase classname="javaslang.collection.IteratorTest" name="shouldGroupedTraversableWithEqualSizedBlocks" time="0"/>
  <testcase classname="javaslang.collection.IteratorTest" name="shouldComputeAverageOfDouble" time="0"/>
  <testcase classname="javaslang.collection.IteratorTest" name="shouldCreateNil" time="0"/>
  <testcase classname="javaslang.collection.IteratorTest" name="shouldReturnSomeInitWhenCallingInitOptionOnNonNil" time="0"/>
  <testcase classname="javaslang.collection.IteratorTest" name="shouldSlideNilBySizeAndStep" time="0"/>
  <testcase classname="javaslang.collection.IteratorTest" name="shouldComputeMinOfDouble" time="0"/>
  <testcase classname="javaslang.collection.IteratorTest" name="shouldComputeSumOfByte" time="0"/>
  <testcase classname="javaslang.collection.IteratorTest" name="shouldComputeSumOfLong" time="0"/>
  <testcase classname="javaslang.collection.IteratorTest" name="shouldReturnSomeTailWhenCallingTailOptionOnNonNil" time="0.001"/>
  <testcase classname="javaslang.collection.IteratorTest" name="shouldCalculateInverseMinByFunctionOfInts" time="0"/>
  <testcase classname="javaslang.collection.IteratorTest" name="shouldComputeMinOfBigInteger" time="0"/>
  <testcase classname="javaslang.collection.IteratorTest" name="shouldThrowWhenReduceOptionNil" time="0"/>
  <testcase classname="javaslang.collection.IteratorTest" name="shouldClearNil" time="0"/>
  <testcase classname="javaslang.collection.IteratorTest" name="shouldEmptyNotEqualsDifferentType" time="0"/>
  <testcase classname="javaslang.collection.IteratorTest" name="shouldReturnLastOfNonNil" time="0"/>
  <testcase classname="javaslang.collection.IteratorTest" name="shouldCalculateInverseMaxByFunctionOfInts" time="0"/>
  <testcase classname="javaslang.collection.IteratorTest" name="shouldCreateListOfIterable" time="0.002"/>
  <testcase classname="javaslang.collection.IteratorTest" name="shouldZipNils" time="0"/>
  <testcase classname="javaslang.collection.IteratorTest" name="shouldTakeWhileNoneOnNil" time="0"/>
  <testcase classname="javaslang.collection.IteratorTest" name="shouldCalculateMaxByOfInts" time="0.001"/>
  <testcase classname="javaslang.collection.IteratorTest" name="shouldThrowIfZipWithThatIsNull" time="0"/>
  <testcase classname="javaslang.collection.IteratorTest" name="shouldThrowWhenMaxByWithNullComparator" time="0"/>
  <testcase classname="javaslang.collection.IteratorTest" name="shouldComputeDistinctByOfEmptyTraversableUsingKeyExtractor" time="0"/>
  <testcase classname="javaslang.collection.IteratorTest" name="shouldMkStringWithDelimiterNonNil" time="0"/>
  <testcase classname="javaslang.collection.IteratorTest" name="shouldZipAllEmptyAndNonNil" time="0"/>
  <testcase classname="javaslang.collection.IteratorTest" name="shouldBeAwareOfExistingNonUniqueElement" time="0"/>
  <testcase classname="javaslang.collection.IteratorTest" name="shouldGroupedNil" time="0"/>
  <testcase classname="javaslang.collection.IteratorTest" name="shouldDropRightAsExpectedIfCountIsLessThanSize" time="0"/>
  <testcase classname="javaslang.collection.IteratorTest" name="shouldNonNilGroupByEqual" time="0.001"/>
  <testcase classname="javaslang.collection.IteratorTest" name="shouldTabulateTheSeqWith0ElementsWhenNIsNegative" time="0"/>
  <testcase classname="javaslang.collection.IteratorTest" name="shouldHandlePrintStreamIOException" time="0"/>
  <testcase classname="javaslang.collection.IteratorTest" name="shouldReturnSizeWhenSpliterator" time="0"/>
  <testcase classname="javaslang.collection.IteratorTest" name="shouldMkStringWithDelimiterAndPrefixAndSuffixNonNil" time="0"/>
  <testcase classname="javaslang.collection.IteratorTest" name="shouldFillTheSeqWith0Elements" time="0"/>
  <testcase classname="javaslang.collection.IteratorTest" name="shouldTakeUntilAllOnFalseCondition" time="0"/>
  <testcase classname="javaslang.collection.IteratorTest" name="shouldReplaceElementOfNonNilUsingCurrNewWhenOneOccurrenceExists" time="0.003"/>
  <testcase classname="javaslang.collection.IteratorTest" name="shouldThrowWhenLastOnNil" time="0"/>
  <testcase classname="javaslang.collection.IteratorTest" name="shouldRecognizeNonNil" time="0"/>
  <testcase classname="javaslang.collection.IteratorTest" name="shouldReturnTailOfNonNil" time="0"/>
  <testcase classname="javaslang.collection.IteratorTest" name="shouldThrowWhenReduceNil" time="0"/>
  <testcase classname="javaslang.collection.IteratorTest" name="shouldReduceLeftNonNil" time="0"/>
  <testcase classname="javaslang.collection.IteratorTest" name="shouldMkStringNil" time="0.001"/>
  <testcase classname="javaslang.collection.IteratorTest" name="shouldRetainAllElementsFromNil" time="0"/>
  <testcase classname="javaslang.collection.IteratorTest" name="shouldScanLeftEmpty" time="0"/>
  <testcase classname="javaslang.collection.IteratorTest" name="shouldTakeUntilAsExpected" time="0"/>
  <testcase classname="javaslang.collection.IteratorTest" name="shouldThrowWhenReduceRightNullOperator" time="0"/>
  <testcase classname="javaslang.collection.IteratorTest" name="shouldReturnNoneWhenCallingLastOptionOnNil" time="0"/>
  <testcase classname="javaslang.collection.IteratorTest" name="shouldTakeUntilNoneOnNil" time="0"/>
  <testcase classname="javaslang.collection.IteratorTest" name="shouldComputeMinOfFloat" time="0"/>
  <testcase classname="javaslang.collection.IteratorTest" name="shouldComputeProductOfDouble" time="0"/>
  <testcase classname="javaslang.collection.IteratorTest" name="shouldComputeMinOfShort" time="0"/>
  <testcase classname="javaslang.collection.IteratorTest" name="shouldComputeProductOfFloat" time="0"/>
  <testcase classname="javaslang.collection.IteratorTest" name="shouldRecognizeNonNilDoesContainElement" time="0"/>
  <testcase classname="javaslang.collection.IteratorTest" name="shouldCreateListOfPrimitiveShortArray" time="0.001"/>
  <testcase classname="javaslang.collection.IteratorTest" name="shouldThrowWhenMinByWithNullFunction" time="0"/>
  <testcase classname="javaslang.collection.IteratorTest" name="shouldComputeProductOfShort" time="0"/>
  <testcase classname="javaslang.collection.IteratorTest" name="shouldCalculateMinByFunctionOfInts" time="0"/>
  <testcase classname="javaslang.collection.IteratorTest" name="shouldUnzipNonNil" time="0.001"/>
  <testcase classname="javaslang.collection.IteratorTest" name="shouldZipAllNonNilsIfThisIsSmaller" time="0"/>
  <testcase classname="javaslang.collection.IteratorTest" name="shouldCalculateMaxByFunctionOfInts" time="0"/>
  <testcase classname="javaslang.collection.IteratorTest" name="ofAllShouldReturnTheSingletonEmpty" time="0"/>
  <testcase classname="javaslang.collection.IteratorTest" name="shouldCreateSeqOfSeqUsingCons" time="0"/>
  <testcase classname="javaslang.collection.IteratorTest" name="shouldRecognizeNonEqualityOfTraversablesOfDifferentSize" time="0"/>
  <testcase classname="javaslang.collection.IteratorTest" name="ofShouldReturnTheSingletonEmpty" time="0"/>
  <testcase classname="javaslang.collection.IteratorTest" name="shouldReturnSomethingOnIsTraversableAgain" time="0"/>
  <testcase classname="javaslang.collection.IteratorTest" name="shouldComputeMaxOfDouble" time="0"/>
  <testcase classname="javaslang.collection.IteratorTest" name="shouldComputeDistinctOfNonEmptyTraversable" time="0"/>
  <testcase classname="javaslang.collection.IteratorTest" name="shouldTakeWhileAllOnTrueCondition" time="0"/>
  <testcase classname="javaslang.collection.IteratorTest" name="shouldDropWhileCorrect" time="0"/>
  <testcase classname="javaslang.collection.IteratorTest" name="shouldCreateInstanceOfElements" time="0"/>
  <testcase classname="javaslang.collection.IteratorTest" name="shouldSlideNilBySize" time="0"/>
  <testcase classname="javaslang.collection.IteratorTest" name="shouldComputeMaxOfBigDecimal" time="0"/>
  <testcase classname="javaslang.collection.IteratorTest" name="shouldComputeProductOfInt" time="0.001"/>
  <testcase classname="javaslang.collection.IteratorTest" name="shouldComputeProductOfNil" time="0"/>
  <testcase classname="javaslang.collection.IteratorTest" name="shouldScanNonEmpty" time="0"/>
  <testcase classname="javaslang.collection.IteratorTest" name="shouldTakeAllIfCountExceedsSize" time="0"/>
  <testcase classname="javaslang.collection.IteratorTest" name="shouldTakeUntilAllOnTrueCondition" time="0"/>
  <testcase classname="javaslang.collection.IteratorTest" name="shouldUnzip3Nil" time="0"/>
  <testcase classname="javaslang.collection.IteratorTest" name="shouldThrowWhenMinByOfNil" time="0"/>
  <testcase classname="javaslang.collection.IteratorTest" name="shouldComputeDistinctByOfNonEmptyTraversableUsingComparator" time="0"/>
  <testcase classname="javaslang.collection.IteratorTest" name="shouldDropUntilCorrect" time="0"/>
  <testcase classname="javaslang.collection.IteratorTest" name="shouldParallelStreamAndCollectNonNil" time="0"/>
  <testcase classname="javaslang.collection.IteratorTest" name="shouldCalculateInverseMinByOfInts" time="0"/>
  <testcase classname="javaslang.collection.IteratorTest" name="shouldComputeAverageOfByte" time="0.001"/>
  <testcase classname="javaslang.collection.IteratorTest" name="shouldComputeAverageOfLong" time="0"/>
  <testcase classname="javaslang.collection.IteratorTest" name="shouldReturnNoneWhenCallingInitOptionOnNil" time="0"/>
  <testcase classname="javaslang.collection.IteratorTest" name="shouldZipNonNilsIfThisIsSmaller" time="0"/>
  <testcase classname="javaslang.collection.IteratorTest" name="shouldComputeAverageOfBigDecimal" time="0"/>
  <testcase classname="javaslang.collection.IteratorTest" name="shouldCallMinFunctionOncePerElement" time="0"/>
  <testcase classname="javaslang.collection.IteratorTest" name="shouldComputeSumOfInt" time="0.001"/>
  <testcase classname="javaslang.collection.IteratorTest" name="shouldComputeSumOfNil" time="0"/>
  <testcase classname="javaslang.collection.IteratorTest" name="shouldZipNonEmptyAndNil" time="0"/>
  <testcase classname="javaslang.collection.IteratorTest" name="shouldReturnNoneWhenComputingAverageOfNil" time="0"/>
  <testcase classname="javaslang.collection.IteratorTest" name="shouldComputeAverageOfInt" time="0"/>
  <testcase classname="javaslang.collection.IteratorTest" name="shouldComputeMaxOfStrings" time="0"/>
  <testcase classname="javaslang.collection.IteratorTest" name="shouldCallMaxFunctionOncePerElement" time="0"/>
  <testcase classname="javaslang.collection.IteratorTest" name="shouldThrowWhenPartitionNilAndPredicateIsNull" time="0.001"/>
  <testcase classname="javaslang.collection.IteratorTest" name="shouldFindLastOfNil" time="0"/>
  <testcase classname="javaslang.collection.IteratorTest" name="shouldConvertNonNilToHashMap" time="0"/>
  <testcase classname="javaslang.collection.IteratorTest" name="shouldConvertNonNilToHashSet" time="0"/>
  <testcase classname="javaslang.collection.IteratorTest" name="shouldStreamAndCollectNil" time="0"/>
  <testcase classname="javaslang.collection.IteratorTest" name="shouldComputeMaxOfBigInteger" time="0"/>
  <testcase classname="javaslang.collection.IteratorTest" name="shouldReduceLeftOptionNonNil" time="0"/>
  <testcase classname="javaslang.collection.IteratorTest" name="shouldComputeDistinctOfEmptyTraversable" time="0"/>
  <testcase classname="javaslang.collection.IteratorTest" name="shouldThrowWhenReduceOptionNullOperator" time="0"/>
  <testcase classname="javaslang.collection.IteratorTest" name="shouldEqualSameTraversableInstance" time="0.001"/>
  <testcase classname="javaslang.collection.IteratorTest" name="shouldTakeWhileAsExpected" time="0"/>
  <testcase classname="javaslang.collection.IteratorTest" name="shouldThrowWhenReduceLeftOptionNullOperator" time="0"/>
  <testcase classname="javaslang.collection.IteratorTest" name="shouldTabulateTheSeq" time="0"/>
  <testcase classname="javaslang.collection.IteratorTest" name="shouldThrowWhenReduceLeftOptionNil" time="0"/>
  <testcase classname="javaslang.collection.IteratorTest" name="shouldHandleStderrIOException" time="0.001"/>
  <testcase classname="javaslang.collection.IteratorTest" name="shouldComputeMinOfInt" time="0"/>
  <testcase classname="javaslang.collection.IteratorTest" name="shouldComputeAverageOfBigInteger" time="0"/>
  <testcase classname="javaslang.collection.IteratorTest" name="shouldThrowWhenMinByFunctionOfNil" time="0"/>
  <testcase classname="javaslang.collection.IteratorTest" name="shouldReplaceElementOfNonNilUsingCurrNewWhenNoOccurrenceExists" time="0"/>
  <testcase classname="javaslang.collection.IteratorTest" name="shouldThrowWhenSlidingNilByNegativeStepAndPositiveSize" time="0"/>
  <testcase classname="javaslang.collection.IteratorTest" name="shouldThrowWhenSlidingNilByZeroSize" time="0"/>
  <testcase classname="javaslang.collection.IteratorTest" name="shouldComputeDistinctByOfEmptyTraversableUsingComparator" time="0"/>
  <testcase classname="javaslang.collection.IteratorTest" name="shouldCreateListOfPrimitiveLongArray" time="0"/>
  <testcase classname="javaslang.collection.IteratorTest" name="shouldTakeWhileAllOnFalseCondition" time="0"/>
  <testcase classname="javaslang.collection.IteratorTest" name="shouldNonNilGroupByIdentity" time="0.001"/>
  <testcase classname="javaslang.collection.IteratorTest" name="shouldReduceOptionNonNil" time="0"/>
  <testcase classname="javaslang.collection.IteratorTest" name="shouldScanLeftNonEmpty" time="0"/>
  <testcase classname="javaslang.collection.IteratorTest" name="shouldComputeMinOfStrings" time="0"/>
  <testcase classname="javaslang.collection.IteratorTest" name="shouldGetInitOfNonNil" time="0"/>
  <testcase classname="javaslang.collection.IteratorTest" name="shouldThrowWhenReduceRightNil" time="0.001"/>
  <testcase classname="javaslang.collection.IteratorTest" name="shouldRecognizeNonNilDoesNotContainElement" time="0"/>
  <testcase classname="javaslang.collection.IteratorTest" name="shouldZipEmptyAndNonNil" time="0"/>
  <testcase classname="javaslang.collection.IteratorTest" name="shouldRecognizeNonNilNotContainsAllOverlappingElements" time="0"/>
  <testcase classname="javaslang.collection.IteratorTest" name="shouldCalculateInverseMaxByOfInts" time="0"/>
  <testcase classname="javaslang.collection.IteratorTest" name="shouldReturnNoneWhenCallingTailOptionOnNil" time="0"/>
  <testcase classname="javaslang.collection.IteratorTest" name="shouldComputeSumOfDouble" time="0.001"/>
  <testcase classname="javaslang.collection.IteratorTest" name="shouldRecognizeEqualityOfNils" time="0"/>
  <testcase classname="javaslang.collection.IteratorTest" name="shouldFillTheSeqWith0ElementsWhenNIsNegative" time="0"/>
  <testcase classname="javaslang.collection.IteratorTest" name="shouldThrowWhenSlidingNilByNegativeStepAndNegativeSize" time="0"/>
  <testcase classname="javaslang.collection.IteratorTest" name="shouldZipAllNonNilsOfSameSize" time="0"/>
  <testcase classname="javaslang.collection.IteratorTest" name="shouldThrowWhenComputingAverageOfStrings" time="0"/>
  <testcase classname="javaslang.collection.IteratorTest" name="shouldFoldMapFailNullMapper" time="0"/>
  <testcase classname="javaslang.collection.IteratorTest" name="shouldSplitNil" time="0"/>
  <testcase classname="javaslang.collection.IteratorTest" name="shouldRetainAllElementsFromNonNil" time="0.001"/>
  <testcase classname="javaslang.collection.IteratorTest" name="shouldFoldMapFailNullMonoid" time="0"/>
  <testcase classname="javaslang.collection.IteratorTest" name="shouldTakeNoneIfCountIsNegative" time="0"/>
  <testcase classname="javaslang.collection.IteratorTest" name="shouldReturnNoneWhenComputingMinOfNil" time="0.001"/>
  <testcase classname="javaslang.collection.IteratorTest" name="shouldFoldMapNil" time="0"/>
  <testcase classname="javaslang.collection.IteratorTest" name="shouldReturnSomeLastWhenCallingLastOptionOnNonNil" time="0"/>
  <testcase classname="javaslang.collection.IteratorTest" name="shouldComputeSumOfFloat" time="0"/>
  <testcase classname="javaslang.collection.IteratorTest" name="shouldHaveOrderedSpliterator" time="0"/>
  <testcase classname="javaslang.collection.IteratorTest" name="shouldComputeSumOfShort" time="0"/>
  <testcase classname="javaslang.collection.IteratorTest" name="shouldDropNoneOnNil" time="0.001"/>
  <testcase classname="javaslang.collection.IteratorTest" name="shouldRecognizeNilContainsNoElement" time="0"/>
  <testcase classname="javaslang.collection.IteratorTest" name="shouldFoldRightNonNil" time="0"/>
  <testcase classname="javaslang.collection.IteratorTest" name="shouldNotRetainAllNonExistingElementsFromNonNil" time="0.001"/>
  <testcase classname="javaslang.collection.IteratorTest" name="shouldZipNonNilWithIndex" time="0"/>
  <testcase classname="javaslang.collection.IteratorTest" name="shouldTakeAsExpectedIfCountIsLessThanSize" time="0"/>
  <testcase classname="javaslang.collection.IteratorTest" name="shouldNilNotEqualsNull" time="0"/>
  <testcase classname="javaslang.collection.IteratorTest" name="shouldRecognizeNilNotContainsAllElements" time="0"/>
  <testcase classname="javaslang.collection.IteratorTest" name="shouldScanEmpty" time="0"/>
  <testcase classname="javaslang.collection.IteratorTest" name="shouldConvertNilToArrayList" time="0.001"/>
  <testcase classname="javaslang.collection.IteratorTest" name="shouldStreamAndCollectNonNil" time="0"/>
  <testcase classname="javaslang.collection.IteratorTest" name="shouldZipAllNonNilsIfThatIsSmaller" time="0"/>
  <testcase classname="javaslang.collection.IteratorTest" name="shouldReplaceFirstOccurrenceOfNonNilUsingCurrNewWhenMultipleOccurrencesExist" time="0"/>
  <testcase classname="javaslang.collection.IteratorTest" name="shouldThrowWhenReduceRightOptionNil" time="0"/>
  <testcase classname="javaslang.collection.IteratorTest" name="shouldComputeLengthOfNil" time="0"/>
  <testcase classname="javaslang.collection.IteratorTest" name="shouldTakeRightNoneOnNil" time="0"/>
  <testcase classname="javaslang.collection.IteratorTest" name="shouldBeAwareOfNonExistingUniqueElement" time="0"/>
  <testcase classname="javaslang.collection.IteratorTest" name="shouldComputeProductOfBigDecimal" time="0"/>
  <testcase classname="javaslang.collection.IteratorTest" name="shouldReduceNonNil" time="0"/>
  <testcase classname="javaslang.collection.IteratorTest" name="shouldDropWhileNoneOnNil" time="0"/>
  <testcase classname="javaslang.collection.IteratorTest" name="shouldParallelStreamAndCollectNil" time="0"/>
  <testcase classname="javaslang.collection.IteratorTest" name="shouldThrowWhenSlidingNonNilByZeroSize" time="0"/>
  <testcase classname="javaslang.collection.IteratorTest" name="shouldHandlePrintWriterIOException" time="0.001"/>
  <testcase classname="javaslang.collection.IteratorTest" name="shouldZipNonNilsIfThatIsSmaller" time="0"/>
  <testcase classname="javaslang.collection.IteratorTest" name="shouldThrowIfZipAllWithThatIsNull" time="0"/>
  <testcase classname="javaslang.collection.IteratorTest" name="shouldThrowWhenReduceRightOptionNullOperator" time="0"/>
  <testcase classname="javaslang.collection.IteratorTest" name="shouldNonEmptyNotEqualsDifferentType" time="0"/>
  <testcase classname="javaslang.collection.IteratorTest" name="shouldRetainAllExistingElementsFromNonNil" time="0"/>
  <testcase classname="javaslang.collection.IteratorTest" name="shouldCreateListOfPrimitiveFloatArray" time="0"/>
  <testcase classname="javaslang.collection.IteratorTest" name="shouldFindFirstOfNil" time="0"/>
  <testcase classname="javaslang.collection.IteratorTest" name="shouldPartitionIntsInOddAndEvenHavingOnlyOddNumbers" time="0"/>
  <testcase classname="javaslang.collection.IteratorTest" name="shouldThrowWhenReduceLeftNil" time="0"/>
  <testcase classname="javaslang.collection.IteratorTest" name="shouldIterateFirstElementOfNonNil" time="0"/>
  <testcase classname="javaslang.collection.IteratorTest" name="shouldCountWhenIsEmpty" time="0"/>
  <testcase classname="javaslang.collection.IteratorTest" name="shouldComputeMaxOfFloat" time="0"/>
  <testcase classname="javaslang.collection.IteratorTest" name="shouldComputeMaxOfShort" time="0"/>
  <testcase classname="javaslang.collection.IteratorTest" name="shouldThrowWhenInitOfNil" time="0"/>
  <testcase classname="javaslang.collection.IteratorTest" name="shouldScanRightEmpty" time="0.001"/>
  <testcase classname="javaslang.collection.IteratorTest" name="shouldDropWhileNoneIfPredicateIsFalse" time="0"/>
  <testcase classname="javaslang.collection.IteratorTest" name="shouldRecognizeNonNilContainsAllOnSelf" time="0"/>
  <testcase classname="javaslang.collection.IteratorTest" name="shouldThrowWhenComputingProductOfStrings" time="0"/>
  <testcase classname="javaslang.collection.IteratorTest" name="shouldThrowWhenHeadOnNil" time="0"/>
  <testcase classname="javaslang.collection.IteratorTest" name="shouldWriteToPrintStream" time="0"/>
  <testcase classname="javaslang.collection.IteratorTest" name="shouldConvertNilToJavaArray" time="0"/>
  <testcase classname="javaslang.collection.IteratorTest" name="shouldFindLastOfNonNil" time="0.001"/>
  <testcase classname="javaslang.collection.IteratorTest" name="shouldFoldLeftNonNil" time="0"/>
  <testcase classname="javaslang.collection.IteratorTest" name="shouldFoldMultipleElements" time="0"/>
  <testcase classname="javaslang.collection.IteratorTest" name="shouldDropUntilNoneOnNil" time="0"/>
  <testcase classname="javaslang.collection.IteratorTest" name="shouldComputeProductOfBigInteger" time="0"/>
  <testcase classname="javaslang.collection.IteratorTest" name="shouldComputeProductOfByte" time="0"/>
  <testcase classname="javaslang.collection.IteratorTest" name="shouldComputeProductOfLong" time="0.001"/>
  <testcase classname="javaslang.collection.IteratorTest" name="shouldDropUntilAllIfPredicateIsFalse" time="0"/>
  <testcase classname="javaslang.collection.IteratorTest" name="shouldFillTheSeqCallingTheSupplierInTheRightOrder" time="0"/>
  <testcase classname="javaslang.collection.IteratorTest" name="shouldPartitionNil" time="0"/>
  <testcase classname="javaslang.collection.IteratorTest" name="shouldCountWhenNoneSatisfiesThePredicate" time="0"/>
  <testcase classname="javaslang.collection.IteratorTest" name="shouldWriteToPrintWriter" time="0"/>
  <testcase classname="javaslang.collection.IteratorTest" name="shouldThrowWhenSlidingNilByNegativeSize" time="0"/>
  <testcase classname="javaslang.collection.IteratorTest" name="shouldDropAllIfCountExceedsSize" time="0"/>
  <testcase classname="javaslang.collection.IteratorTest" name="shouldSlideNonNilBySize1" time="0"/>
  <testcase classname="javaslang.collection.IteratorTest" name="shouldSlideNonNilBySize2" time="0.001"/>
  <testcase classname="javaslang.collection.IteratorTest" name="shouldMkStringWithDelimiterAndPrefixAndSuffixNil" time="0"/>
  <testcase classname="javaslang.collection.IteratorTest" name="shouldGetOptionNonEmpty" time="0"/>
  <testcase classname="javaslang.collection.IteratorTest" name="shouldBeAwareOfPropertyThatHoldsForAll" time="0"/>
  <testcase classname="javaslang.collection.IteratorTest" name="shouldCorresponds" time="0"/>
  <testcase classname="javaslang.collection.IteratorTest" name="shouldThrowIfEmpty" time="0"/>
  <testcase classname="javaslang.collection.IteratorTest" name="shouldCalculateValIfEmpty" time="0"/>
  <testcase classname="javaslang.collection.IteratorTest" name="shouldBeAwareOfExistingElement" time="0"/>
  <testcase classname="javaslang.collection.IteratorTest" name="shouldConvertToMap" time="0.001"/>
  <testcase classname="javaslang.collection.IteratorTest" name="shouldConvertToSet" time="0"/>
  <testcase classname="javaslang.collection.IteratorTest" name="shouldNotThrowIfNonEmpty" time="0"/>
  <testcase classname="javaslang.collection.IteratorTest" name="shouldCalculateValIfDefined" time="0"/>
  <testcase classname="javaslang.collection.IteratorTest" name="shouldConvertToOption" time="0"/>
  <testcase classname="javaslang.collection.IteratorTest" name="shouldConvertToCharSeq" time="0"/>
  <testcase classname="javaslang.collection.IteratorTest" name="shouldBeAwareOfNonExistingElement" time="0"/>
  <testcase classname="javaslang.collection.IteratorTest" name="shouldConvertEmptyToTry" time="0"/>
  <testcase classname="javaslang.collection.IteratorTest" name="shouldConvertToStream" time="0"/>
  <testcase classname="javaslang.collection.IteratorTest" name="shouldCalculateIsDefined" time="0"/>
  <testcase classname="javaslang.collection.IteratorTest" name="shouldConvertToVector" time="0"/>
  <testcase classname="javaslang.collection.IteratorTest" name="shouldConvertNonEmptyValueToMatchMonad" time="0"/>
  <testcase classname="javaslang.collection.IteratorTest" name="shouldConvertToEitherRightFromValue" time="0"/>
  <testcase classname="javaslang.collection.IteratorTest" name="shouldConvertToJavaList" time="0"/>
  <testcase classname="javaslang.collection.IteratorTest" name="shouldCalculateSupplierIfDefined" time="0"/>
  <testcase classname="javaslang.collection.IteratorTest" name="shouldFilterNotEmptyTraversable" time="0"/>
  <testcase classname="javaslang.collection.IteratorTest" name="shouldConvertToEitherLeftFromValue" time="0"/>
  <testcase classname="javaslang.collection.IteratorTest" name="shouldPeekNil" time="0"/>
  <testcase classname="javaslang.collection.IteratorTest" name="shouldFoldNil" time="0"/>
  <testcase classname="javaslang.collection.IteratorTest" name="shouldBeAwareOfPropertyThatNotHoldsForAll" time="0"/>
  <testcase classname="javaslang.collection.IteratorTest" name="shouldGetNonEmpty" time="0"/>
  <testcase classname="javaslang.collection.IteratorTest" name="shouldFilterNonEmptyTraversable" time="0"/>
  <testcase classname="javaslang.collection.IteratorTest" name="shouldFilterNonEmptyTraversableAllMatch" time="0"/>
  <testcase classname="javaslang.collection.IteratorTest" name="shouldCalculateIsEmpty" time="0"/>
  <testcase classname="javaslang.collection.IteratorTest" name="shouldThrowWhenFoldNullOperator" time="0"/>
  <testcase classname="javaslang.collection.IteratorTest" name="shouldPeekNonNilPerformingAnAction" time="0.002"/>
  <testcase classname="javaslang.collection.IteratorTest" name="shouldFilterNotNonEmptyTraversable" time="0"/>
  <testcase classname="javaslang.collection.IteratorTest" name="shouldConvertToArray" time="0"/>
  <testcase classname="javaslang.collection.IteratorTest" name="shouldConvertToQueue" time="0.001"/>
  <testcase classname="javaslang.collection.IteratorTest" name="shouldConvertToStack" time="0"/>
  <testcase classname="javaslang.collection.IteratorTest" name="shouldntCorrespondsNonNilNil" time="0"/>
  <testcase classname="javaslang.collection.IteratorTest" name="shouldCalculateOrElseGet" time="0"/>
  <testcase classname="javaslang.collection.IteratorTest" name="shouldReturnUnderlyingValueWhenCallingOrElseTryOnNonEmptyValue" time="0"/>
  <testcase classname="javaslang.collection.IteratorTest" name="shouldCalculateSupplierIfEmpty" time="0"/>
  <testcase classname="javaslang.collection.IteratorTest" name="shouldConvertToJavaMap" time="0"/>
  <testcase classname="javaslang.collection.IteratorTest" name="shouldConvertToJavaSet" time="0.001"/>
  <testcase classname="javaslang.collection.IteratorTest" name="shouldConvertToLazy" time="0"/>
  <testcase classname="javaslang.collection.IteratorTest" name="shouldConvertToList" time="0"/>
  <testcase classname="javaslang.collection.IteratorTest" name="shouldConvertToJavaArray" time="0"/>
  <testcase classname="javaslang.collection.IteratorTest" name="shouldFilterNotNonEmptyTraversableAllMatch" time="0"/>
  <testcase classname="javaslang.collection.IteratorTest" name="shouldFoldSingleElement" time="0"/>
  <testcase classname="javaslang.collection.IteratorTest" name="shouldConvertToEitherRightFromValueSupplier" time="0"/>
  <testcase classname="javaslang.collection.IteratorTest" name="shouldntCorrespondsNilNonNil" time="0"/>
  <testcase classname="javaslang.collection.IteratorTest" name="shouldGetEmpty" time="0"/>
  <testcase classname="javaslang.collection.IteratorTest" name="shouldFilterEmptyTraversable" time="0"/>
  <testcase classname="javaslang.collection.IteratorTest" name="shouldThrowWhenCallingOrElseTryOnEmptyValueAndTryIsAFailure" time="0"/>
  <testcase classname="javaslang.collection.IteratorTest" name="shouldConvertNonEmptyToTryUsingExceptionSupplier" time="0"/>
  <testcase classname="javaslang.collection.IteratorTest" name="shouldntCorrespondsNilNil" time="0"/>
  <testcase classname="javaslang.collection.IteratorTest" name="shouldReturnAlternateValueWhenCallingOrElseTryOnEmptyValue" time="0"/>
  <testcase classname="javaslang.collection.IteratorTest" name="shouldConvertNonEmptyToTry" time="0"/>
  <testcase classname="javaslang.collection.IteratorTest" name="shouldConvertToJavaStream" time="0.001"/>
  <testcase classname="javaslang.collection.IteratorTest" name="shouldCalculateOrElse" time="0"/>
  <testcase classname="javaslang.collection.IteratorTest" name="shouldntCorrespondsDifferentLengths" time="0"/>
  <testcase classname="javaslang.collection.IteratorTest" name="shouldConvertEmptyToTryUsingExceptionSupplier" time="0"/>
  <testcase classname="javaslang.collection.IteratorTest" name="shouldPeekSingleValuePerformingAnAction" time="0"/>
  <testcase classname="javaslang.collection.IteratorTest" name="shouldConvertEmptyValueToMatchMonad" time="0"/>
  <testcase classname="javaslang.collection.IteratorTest" name="shouldPeekNonNilPerformingNoAction" time="0"/>
  <testcase classname="javaslang.collection.IteratorTest" name="shouldConvertToJavaOptional" time="0.001"/>
  <testcase classname="javaslang.collection.IteratorTest" name="shouldGetOptionEmpty" time="0"/>
  <testcase classname="javaslang.collection.IteratorTest" name="shouldConvertToEitherLeftFromValueSupplier" time="0"/>
</testsuite>