<?xml version="1.0" encoding="UTF-8" ?>
<testsuite tests="81" failures="0" name="javaslang.control.OptionTest" time="0.028" errors="0" skipped="0">
  <properties>
    <property name="java.runtime.name" value="Java(TM) SE Runtime Environment"/>
    <property name="sun.boot.library.path" value="/usr/lib/jvm/java-8-oracle/jre/lib/amd64"/>
    <property name="java.vm.version" value="25.151-b12"/>
    <property name="java.vm.vendor" value="Oracle Corporation"/>
    <property name="maven.multiModuleProjectDirectory" value="/home/travis/build/rafaresearch/vavr"/>
    <property name="java.vendor.url" value="http://java.oracle.com/"/>
    <property name="path.separator" value=":"/>
    <property name="guice.disable.misplaced.annotation.check" value="true"/>
    <property name="java.vm.name" value="Java HotSpot(TM) 64-Bit Server VM"/>
    <property name="file.encoding.pkg" value="sun.io"/>
    <property name="user.country" value="US"/>
    <property name="sun.java.launcher" value="SUN_STANDARD"/>
    <property name="sun.os.patch.level" value="unknown"/>
    <property name="java.vm.specification.name" value="Java Virtual Machine Specification"/>
    <property name="user.dir" value="/home/travis/build/rafaresearch/vavr"/>
    <property name="java.runtime.version" value="1.8.0_151-b12"/>
    <property name="java.awt.graphicsenv" value="sun.awt.X11GraphicsEnvironment"/>
    <property name="java.endorsed.dirs" value="/usr/lib/jvm/java-8-oracle/jre/lib/endorsed"/>
    <property name="os.arch" value="amd64"/>
    <property name="java.io.tmpdir" value="/tmp"/>
    <property name="line.separator" value="
"/>
    <property name="java.vm.specification.vendor" value="Oracle Corporation"/>
    <property name="os.name" value="Linux"/>
    <property name="classworlds.conf" value="/usr/local/maven-3.5.2/bin/m2.conf"/>
    <property name="sun.jnu.encoding" value="UTF-8"/>
    <property name="java.library.path" value="/usr/java/packages/lib/amd64:/usr/lib64:/lib64:/lib:/usr/lib"/>
    <property name="maven.conf" value="/usr/local/maven-3.5.2/conf"/>
    <property name="java.specification.name" value="Java Platform API Specification"/>
    <property name="java.class.version" value="52.0"/>
    <property name="sun.management.compiler" value="HotSpot 64-Bit Tiered Compilers"/>
    <property name="os.version" value="4.4.0-101-generic"/>
    <property name="library.jansi.path" value="/usr/local/maven-3.5.2/lib/jansi-native"/>
    <property name="user.home" value="/home/travis"/>
    <property name="user.timezone" value="UTC"/>
    <property name="java.awt.printerjob" value="sun.print.PSPrinterJob"/>
    <property name="java.specification.version" value="1.8"/>
    <property name="file.encoding" value="UTF-8"/>
    <property name="user.name" value="travis"/>
    <property name="java.class.path" value="/usr/local/maven-3.5.2/boot/plexus-classworlds-2.5.2.jar"/>
    <property name="java.vm.specification.version" value="1.8"/>
    <property name="sun.arch.data.model" value="64"/>
    <property name="java.home" value="/usr/lib/jvm/java-8-oracle/jre"/>
    <property name="sun.java.command" value="org.codehaus.plexus.classworlds.launcher.Launcher package"/>
    <property name="java.specification.vendor" value="Oracle Corporation"/>
    <property name="user.language" value="en"/>
    <property name="awt.toolkit" value="sun.awt.X11.XToolkit"/>
    <property name="java.vm.info" value="mixed mode"/>
    <property name="java.version" value="1.8.0_151"/>
    <property name="java.ext.dirs" value="/usr/lib/jvm/java-8-oracle/jre/lib/ext:/usr/java/packages/lib/ext"/>
    <property name="securerandom.source" value="file:/dev/./urandom"/>
    <property name="sun.boot.class.path" value="/usr/lib/jvm/java-8-oracle/jre/lib/resources.jar:/usr/lib/jvm/java-8-oracle/jre/lib/rt.jar:/usr/lib/jvm/java-8-oracle/jre/lib/sunrsasign.jar:/usr/lib/jvm/java-8-oracle/jre/lib/jsse.jar:/usr/lib/jvm/java-8-oracle/jre/lib/jce.jar:/usr/lib/jvm/java-8-oracle/jre/lib/charsets.jar:/usr/lib/jvm/java-8-oracle/jre/lib/jfr.jar:/usr/lib/jvm/java-8-oracle/jre/classes"/>
    <property name="java.vendor" value="Oracle Corporation"/>
    <property name="maven.home" value="/usr/local/maven-3.5.2"/>
    <property name="file.separator" value="/"/>
    <property name="java.vendor.url.bug" value="http://bugreport.sun.com/bugreport/"/>
    <property name="sun.cpu.endian" value="little"/>
    <property name="sun.io.unicode.encoding" value="UnicodeLittle"/>
    <property name="sun.cpu.isalist" value=""/>
  </properties>
  <testcase classname="javaslang.control.OptionTest" name="shouldGetValueOnOrElseGetWhenValueIsPresent" time="0"/>
  <testcase classname="javaslang.control.OptionTest" name="shouldConvertListOfMixedOptionsToOptionOfList" time="0"/>
  <testcase classname="javaslang.control.OptionTest" name="shouldBeAwareOfPropertyThatNotHoldsForAllOfSome" time="0.002"/>
  <testcase classname="javaslang.control.OptionTest" name="shouldReduceRightNonNil" time="0.001"/>
  <testcase classname="javaslang.control.OptionTest" name="shouldWrapSomeOptional" time="0"/>
  <testcase classname="javaslang.control.OptionTest" name="shouldConsumePresentValueOnPeekWhenValueIsPresent" time="0.001"/>
  <testcase classname="javaslang.control.OptionTest" name="shouldThrowExceptionOnNull" time="0"/>
  <testcase classname="javaslang.control.OptionTest" name="shouldCreateNothing" time="0"/>
  <testcase classname="javaslang.control.OptionTest" name="shouldGetValueOnOrElseThrowWhenValueIsPresent" time="0.001"/>
  <testcase classname="javaslang.control.OptionTest" name="shouldBeEmptyOnIsEmptyWhenValueIsEmpty" time="0"/>
  <testcase classname="javaslang.control.OptionTest" name="shouldReduceRightOptionNonNil" time="0"/>
  <testcase classname="javaslang.control.OptionTest" name="shouldNotConsumeAnythingOnForEachWhenValueIsNotPresent" time="0.001"/>
  <testcase classname="javaslang.control.OptionTest" name="shouldConsumePresentValueOnIsPresentWhenValueIsPresent" time="0"/>
  <testcase classname="javaslang.control.OptionTest" name="shouldNotConsumeAnythingOnIsPresentWhenValueIsNotPresent" time="0.001"/>
  <testcase classname="javaslang.control.OptionTest" name="shouldBeAwareOfPropertyThatHoldsExistsOfSome" time="0"/>
  <testcase classname="javaslang.control.OptionTest" name="shouldNotEqualNoneIfObjectIsOfDifferentType" time="0"/>
  <testcase classname="javaslang.control.OptionTest" name="shouldConvertSomeToJavaOptional" time="0"/>
  <testcase classname="javaslang.control.OptionTest" name="shouldBePresentOnIsPresentWhenValueIsPresent" time="0"/>
  <testcase classname="javaslang.control.OptionTest" name="shouldHashNone" time="0"/>
  <testcase classname="javaslang.control.OptionTest" name="shouldHashSome" time="0"/>
  <testcase classname="javaslang.control.OptionTest" name="shouldBeAwareOfPropertyThatNotHoldsExistsOfSome" time="0.003"/>
  <testcase classname="javaslang.control.OptionTest" name="shouldConvertNoneToJavaOptional" time="0.001"/>
  <testcase classname="javaslang.control.OptionTest" name="shouldThrowWhenReduceNullOperator" time="0.001"/>
  <testcase classname="javaslang.control.OptionTest" name="shouldWrapNullInSome" time="0"/>
  <testcase classname="javaslang.control.OptionTest" name="shouldNotExecuteIfFalse" time="0.001"/>
  <testcase classname="javaslang.control.OptionTest" name="shouldReduceLeftOptionNil" time="0"/>
  <testcase classname="javaslang.control.OptionTest" name="shouldThrowWhenReduceLeftNullOperator" time="0"/>
  <testcase classname="javaslang.control.OptionTest" name="shouldNotEqualSomeIfObjectIsNull" time="0"/>
  <testcase classname="javaslang.control.OptionTest" name="shouldThrowWhenReduceOptionNil" time="0.001"/>
  <testcase classname="javaslang.control.OptionTest" name="shouldNotEqualNoneIfObjectIsNull" time="0"/>
  <testcase classname="javaslang.control.OptionTest" name="shouldThrowOnGetWhenValueIsNotPresent" time="0"/>
  <testcase classname="javaslang.control.OptionTest" name="shouldEqualSome" time="0"/>
  <testcase classname="javaslang.control.OptionTest" name="shouldConvertNoneToString" time="0"/>
  <testcase classname="javaslang.control.OptionTest" name="shouldNotHoldPropertyForAllOfNone" time="0.001"/>
  <testcase classname="javaslang.control.OptionTest" name="shouldConvertListOfNonEmptyOptionsToOptionOfList" time="0"/>
  <testcase classname="javaslang.control.OptionTest" name="shouldFlatMapEmptyIterable" time="0.001"/>
  <testcase classname="javaslang.control.OptionTest" name="shouldThrowWhenReduceNil" time="0"/>
  <testcase classname="javaslang.control.OptionTest" name="shouldReduceLeftNonNil" time="0.001"/>
  <testcase classname="javaslang.control.OptionTest" name="shouldThrowWhenReduceRightNullOperator" time="0"/>
  <testcase classname="javaslang.control.OptionTest" name="shouldMapNonNullToSome" time="0"/>
  <testcase classname="javaslang.control.OptionTest" name="shouldConvertListOfEmptyOptionsToOptionOfList" time="0"/>
  <testcase classname="javaslang.control.OptionTest" name="shouldReturnNoneOnFilterWhenValueIsPresentAndPredicateNotMatches" time="0"/>
  <testcase classname="javaslang.control.OptionTest" name="shouldWrapEmptyOptional" time="0"/>
  <testcase classname="javaslang.control.OptionTest" name="shouldConsumePresentValueOnForEachWhenValueIsPresent" time="0"/>
  <testcase classname="javaslang.control.OptionTest" name="shouldThrowOnOrElseThrowWhenValueIsNotPresent" time="0"/>
  <testcase classname="javaslang.control.OptionTest" name="shouldPreserveSingletonWhenDeserializingNone" time="0.001"/>
  <testcase classname="javaslang.control.OptionTest" name="shouldMapNullToNone" time="0"/>
  <testcase classname="javaslang.control.OptionTest" name="shouldConvertSomeToString" time="0"/>
  <testcase classname="javaslang.control.OptionTest" name="shouldReduceLeftOptionNonNil" time="0.001"/>
  <testcase classname="javaslang.control.OptionTest" name="shouldThrowWhenReduceOptionNullOperator" time="0"/>
  <testcase classname="javaslang.control.OptionTest" name="shouldMapNone" time="0"/>
  <testcase classname="javaslang.control.OptionTest" name="shouldMapSome" time="0.001"/>
  <testcase classname="javaslang.control.OptionTest" name="shouldGetValueOnOrElseWhenValueIsPresent" time="0"/>
  <testcase classname="javaslang.control.OptionTest" name="shouldFlatMapNonEmptyIterable" time="0"/>
  <testcase classname="javaslang.control.OptionTest" name="shouldThrowWhenReduceLeftOptionNullOperator" time="0.001"/>
  <testcase classname="javaslang.control.OptionTest" name="shouldWrapIfTrue" time="0"/>
  <testcase classname="javaslang.control.OptionTest" name="shouldReduceOptionNonNil" time="0"/>
  <testcase classname="javaslang.control.OptionTest" name="shouldNotHoldPropertyExistsOfNone" time="0.001"/>
  <testcase classname="javaslang.control.OptionTest" name="shouldThrowExceptionOnNullOptional" time="0"/>
  <testcase classname="javaslang.control.OptionTest" name="shouldThrowWhenReduceRightNil" time="0"/>
  <testcase classname="javaslang.control.OptionTest" name="shouldNotConsumeAnythingOnPeekWhenValueIsNotPresent" time="0.001"/>
  <testcase classname="javaslang.control.OptionTest" name="shouldEqualSomeIfObjectIsSame" time="0"/>
  <testcase classname="javaslang.control.OptionTest" name="shouldFlatMapNone" time="0.001"/>
  <testcase classname="javaslang.control.OptionTest" name="shouldFlatMapSome" time="0"/>
  <testcase classname="javaslang.control.OptionTest" name="shouldGetAlternativeOnOrElseWhenValueIsNotPresent" time="0"/>
  <testcase classname="javaslang.control.OptionTest" name="shouldGetAlternativeOnOrElseGetWhenValueIsNotPresent" time="0"/>
  <testcase classname="javaslang.control.OptionTest" name="shouldEqualNoneIfObjectIsSame" time="0"/>
  <testcase classname="javaslang.control.OptionTest" name="shouldNotEqualSomeIfObjectIsOfDifferentType" time="0"/>
  <testcase classname="javaslang.control.OptionTest" name="shouldReturnNoneOnFilterWhenValueIsNotPresentAndPredicateNotMatches" time="0"/>
  <testcase classname="javaslang.control.OptionTest" name="shouldReduceNonNil" time="0.001"/>
  <testcase classname="javaslang.control.OptionTest" name="shouldReduceRightOptionNil" time="0"/>
  <testcase classname="javaslang.control.OptionTest" name="shouldNotBePresentOnIsPresentWhenValueIsNotPresent" time="0"/>
  <testcase classname="javaslang.control.OptionTest" name="shouldReturnIteratorOfNone" time="0"/>
  <testcase classname="javaslang.control.OptionTest" name="shouldReturnIteratorOfSome" time="0"/>
  <testcase classname="javaslang.control.OptionTest" name="shouldThrowWhenReduceRightOptionNullOperator" time="0.001"/>
  <testcase classname="javaslang.control.OptionTest" name="shouldBeAwareOfPropertyThatHoldsForAllOfSome" time="0"/>
  <testcase classname="javaslang.control.OptionTest" name="shouldThrowWhenReduceLeftNil" time="0.001"/>
  <testcase classname="javaslang.control.OptionTest" name="shouldReturnSomeOnFilterWhenValueIsPresentAndPredicateMatches" time="0"/>
  <testcase classname="javaslang.control.OptionTest" name="shouldBePresentOnIsEmptyWhenValueIsPresent" time="0"/>
  <testcase classname="javaslang.control.OptionTest" name="shouldNotWrapIfFalse" time="0.001"/>
  <testcase classname="javaslang.control.OptionTest" name="shouldSucceedOnGetWhenValueIsPresent" time="0"/>
</testsuite>