<?xml version="1.0" encoding="UTF-8" ?>
<testsuite tests="94" failures="0" name="javaslang.control.MatchMonadTest" time="0.081" errors="0" skipped="0">
  <properties>
    <property name="java.runtime.name" value="Java(TM) SE Runtime Environment"/>
    <property name="sun.boot.library.path" value="/usr/lib/jvm/java-8-oracle/jre/lib/amd64"/>
    <property name="java.vm.version" value="25.151-b12"/>
    <property name="java.vm.vendor" value="Oracle Corporation"/>
    <property name="maven.multiModuleProjectDirectory" value="/home/travis/build/rafaresearch/vavr"/>
    <property name="java.vendor.url" value="http://java.oracle.com/"/>
    <property name="path.separator" value=":"/>
    <property name="guice.disable.misplaced.annotation.check" value="true"/>
    <property name="java.vm.name" value="Java HotSpot(TM) 64-Bit Server VM"/>
    <property name="file.encoding.pkg" value="sun.io"/>
    <property name="user.country" value="US"/>
    <property name="sun.java.launcher" value="SUN_STANDARD"/>
    <property name="sun.os.patch.level" value="unknown"/>
    <property name="java.vm.specification.name" value="Java Virtual Machine Specification"/>
    <property name="user.dir" value="/home/travis/build/rafaresearch/vavr"/>
    <property name="java.runtime.version" value="1.8.0_151-b12"/>
    <property name="java.awt.graphicsenv" value="sun.awt.X11GraphicsEnvironment"/>
    <property name="java.endorsed.dirs" value="/usr/lib/jvm/java-8-oracle/jre/lib/endorsed"/>
    <property name="os.arch" value="amd64"/>
    <property name="java.io.tmpdir" value="/tmp"/>
    <property name="line.separator" value="
"/>
    <property name="java.vm.specification.vendor" value="Oracle Corporation"/>
    <property name="os.name" value="Linux"/>
    <property name="classworlds.conf" value="/usr/local/maven-3.5.2/bin/m2.conf"/>
    <property name="sun.jnu.encoding" value="UTF-8"/>
    <property name="java.library.path" value="/usr/java/packages/lib/amd64:/usr/lib64:/lib64:/lib:/usr/lib"/>
    <property name="maven.conf" value="/usr/local/maven-3.5.2/conf"/>
    <property name="java.specification.name" value="Java Platform API Specification"/>
    <property name="java.class.version" value="52.0"/>
    <property name="sun.management.compiler" value="HotSpot 64-Bit Tiered Compilers"/>
    <property name="os.version" value="4.4.0-101-generic"/>
    <property name="library.jansi.path" value="/usr/local/maven-3.5.2/lib/jansi-native"/>
    <property name="user.home" value="/home/travis"/>
    <property name="user.timezone" value="UTC"/>
    <property name="java.awt.printerjob" value="sun.print.PSPrinterJob"/>
    <property name="java.specification.version" value="1.8"/>
    <property name="file.encoding" value="UTF-8"/>
    <property name="user.name" value="travis"/>
    <property name="java.class.path" value="/usr/local/maven-3.5.2/boot/plexus-classworlds-2.5.2.jar"/>
    <property name="java.vm.specification.version" value="1.8"/>
    <property name="sun.arch.data.model" value="64"/>
    <property name="java.home" value="/usr/lib/jvm/java-8-oracle/jre"/>
    <property name="sun.java.command" value="org.codehaus.plexus.classworlds.launcher.Launcher package"/>
    <property name="java.specification.vendor" value="Oracle Corporation"/>
    <property name="user.language" value="en"/>
    <property name="awt.toolkit" value="sun.awt.X11.XToolkit"/>
    <property name="java.vm.info" value="mixed mode"/>
    <property name="java.version" value="1.8.0_151"/>
    <property name="java.ext.dirs" value="/usr/lib/jvm/java-8-oracle/jre/lib/ext:/usr/java/packages/lib/ext"/>
    <property name="securerandom.source" value="file:/dev/./urandom"/>
    <property name="sun.boot.class.path" value="/usr/lib/jvm/java-8-oracle/jre/lib/resources.jar:/usr/lib/jvm/java-8-oracle/jre/lib/rt.jar:/usr/lib/jvm/java-8-oracle/jre/lib/sunrsasign.jar:/usr/lib/jvm/java-8-oracle/jre/lib/jsse.jar:/usr/lib/jvm/java-8-oracle/jre/lib/jce.jar:/usr/lib/jvm/java-8-oracle/jre/lib/charsets.jar:/usr/lib/jvm/java-8-oracle/jre/lib/jfr.jar:/usr/lib/jvm/java-8-oracle/jre/classes"/>
    <property name="java.vendor" value="Oracle Corporation"/>
    <property name="maven.home" value="/usr/local/maven-3.5.2"/>
    <property name="file.separator" value="/"/>
    <property name="java.vendor.url.bug" value="http://bugreport.sun.com/bugreport/"/>
    <property name="sun.cpu.endian" value="little"/>
    <property name="sun.io.unicode.encoding" value="UnicodeLittle"/>
    <property name="sun.cpu.isalist" value=""/>
  </properties>
  <testcase classname="javaslang.control.MatchMonadTest" name="shouldTransportMatchedValueIn" time="0.013"/>
  <testcase classname="javaslang.control.MatchMonadTest" name="shouldMatchTypedResultByValueIn" time="0"/>
  <testcase classname="javaslang.control.MatchMonadTest" name="shouldMatchSuperTypeByPredicate" time="0"/>
  <testcase classname="javaslang.control.MatchMonadTest" name="shouldMatchSuperTypeByValue" time="0.001"/>
  <testcase classname="javaslang.control.MatchMonadTest" name="shouldMatchSubTypeByFunction" time="0.001"/>
  <testcase classname="javaslang.control.MatchMonadTest" name="shouldNotApplyThenSupplierWhenUnmatched" time="0.001"/>
  <testcase classname="javaslang.control.MatchMonadTest" name="shouldMatchEvenIntByPredicate" time="0.001"/>
  <testcase classname="javaslang.control.MatchMonadTest" name="shouldTransportMatchedValue" time="0"/>
  <testcase classname="javaslang.control.MatchMonadTest" name="shouldConsumeOtherwiseCaseWhenNoMatchingFound" time="0.006"/>
  <testcase classname="javaslang.control.MatchMonadTest" name="shouldMatchTypedResultByTypeNegativeCase" time="0"/>
  <testcase classname="javaslang.control.MatchMonadTest" name="shouldUseOtherwiseToEnableMonadicOperationsWithMatched" time="0.011"/>
  <testcase classname="javaslang.control.MatchMonadTest" name="shouldMatchOrElseByType" time="0.001"/>
  <testcase classname="javaslang.control.MatchMonadTest" name="shouldApplyThenFunctionWhenMatched" time="0.001"/>
  <testcase classname="javaslang.control.MatchMonadTest" name="shouldTransportUnmatchedType" time="0"/>
  <testcase classname="javaslang.control.MatchMonadTest" name="shouldMatchSubTypeByValue" time="0"/>
  <testcase classname="javaslang.control.MatchMonadTest" name="shouldTransportMatchedTypeIn" time="0.001"/>
  <testcase classname="javaslang.control.MatchMonadTest" name="shouldMatchNumberByTypeIn" time="0"/>
  <testcase classname="javaslang.control.MatchMonadTest" name="shouldMatchNumberByType" time="0.002"/>
  <testcase classname="javaslang.control.MatchMonadTest" name="shouldMatchNullByValueIn" time="0"/>
  <testcase classname="javaslang.control.MatchMonadTest" name="shouldConsumeWhenOnlyOtherwiseCase" time="0"/>
  <testcase classname="javaslang.control.MatchMonadTest" name="shouldGetIteratorOfOtherwise" time="0.001"/>
  <testcase classname="javaslang.control.MatchMonadTest" name="shouldUseOrElseToReturnAlternateValueWithUnmatched" time="0.001"/>
  <testcase classname="javaslang.control.MatchMonadTest" name="shouldMatchOrElseByValueIn" time="0"/>
  <testcase classname="javaslang.control.MatchMonadTest" name="shouldThrowWhenMatchNullVarargsByPredicate" time="0"/>
  <testcase classname="javaslang.control.MatchMonadTest" name="shouldMatchSubTypeByType" time="0"/>
  <testcase classname="javaslang.control.MatchMonadTest" name="shouldTransportUnmatchedPredicate" time="0.002"/>
  <testcase classname="javaslang.control.MatchMonadTest" name="shouldRunWhenOnlyOtherwiseCase" time="0"/>
  <testcase classname="javaslang.control.MatchMonadTest" name="shouldGetIteratorOfUnmatched" time="0"/>
  <testcase classname="javaslang.control.MatchMonadTest" name="shouldHandleOtherwiseThrowOfMatched" time="0.001"/>
  <testcase classname="javaslang.control.MatchMonadTest" name="shouldThrowWhenMatchNullVarargsByTypeIn" time="0"/>
  <testcase classname="javaslang.control.MatchMonadTest" name="shouldThrowWhenMatchNullVarargsByValueIn" time="0"/>
  <testcase classname="javaslang.control.MatchMonadTest" name="shouldRunMatchingCase" time="0"/>
  <testcase classname="javaslang.control.MatchMonadTest" name="shouldMatchTypedResultByFunctionNegativeCase" time="0.001"/>
  <testcase classname="javaslang.control.MatchMonadTest" name="shouldNotApplyThenFunctionWhenUnmatched" time="0.001"/>
  <testcase classname="javaslang.control.MatchMonadTest" name="shouldHandleOtherwiseFunctionOfUnmatched" time="0.003"/>
  <testcase classname="javaslang.control.MatchMonadTest" name="shouldMatchNullByValue" time="0"/>
  <testcase classname="javaslang.control.MatchMonadTest" name="shouldMapMatched" time="0.002"/>
  <testcase classname="javaslang.control.MatchMonadTest" name="shouldThrowLateWhenMultipleCases" time="0.001"/>
  <testcase classname="javaslang.control.MatchMonadTest" name="shouldNotApplyFunctionWhenApplicableUnmatched" time="0.001"/>
  <testcase classname="javaslang.control.MatchMonadTest" name="shouldMatchSuperTypeByValueIn" time="0"/>
  <testcase classname="javaslang.control.MatchMonadTest" name="shouldMatchTypedResultByFunction" time="0.004"/>
  <testcase classname="javaslang.control.MatchMonadTest" name="shouldMatchTypedResultByValueInNegativeCase" time="0"/>
  <testcase classname="javaslang.control.MatchMonadTest" name="shouldUseOtherwiseToEnableMonadicOperationsWithUnmatched" time="0.001"/>
  <testcase classname="javaslang.control.MatchMonadTest" name="shouldMatchSuperTypeByType" time="0"/>
  <testcase classname="javaslang.control.MatchMonadTest" name="shouldMatchIntByValue" time="0"/>
  <testcase classname="javaslang.control.MatchMonadTest" name="shouldMatchSubTypeByPredicate" time="0"/>
  <testcase classname="javaslang.control.MatchMonadTest" name="shouldApplyThenValueWhenMatched" time="0"/>
  <testcase classname="javaslang.control.MatchMonadTest" name="shouldConsumeMatchingCase" time="0"/>
  <testcase classname="javaslang.control.MatchMonadTest" name="shouldGetIteratorOfMatched" time="0"/>
  <testcase classname="javaslang.control.MatchMonadTest" name="shouldMapOtherwise" time="0.001"/>
  <testcase classname="javaslang.control.MatchMonadTest" name="shouldApplyFunctionWhenApplicableMatched" time="0"/>
  <testcase classname="javaslang.control.MatchMonadTest" name="shouldFailFilterOtherwise" time="0.002"/>
  <testcase classname="javaslang.control.MatchMonadTest" name="shouldNotConsumeOtherwiseCaseWhenMatchingCaseFound" time="0"/>
  <testcase classname="javaslang.control.MatchMonadTest" name="shouldMapUnmatched" time="0.001"/>
  <testcase classname="javaslang.control.MatchMonadTest" name="shouldMatchIntByFunction" time="0.001"/>
  <testcase classname="javaslang.control.MatchMonadTest" name="shouldMatchSuperTypeByTypeIn" time="0"/>
  <testcase classname="javaslang.control.MatchMonadTest" name="shouldMatchOrElseByFunction" time="0"/>
  <testcase classname="javaslang.control.MatchMonadTest" name="shouldMatchSuperTypeByFunction" time="0.001"/>
  <testcase classname="javaslang.control.MatchMonadTest" name="shouldMatchTypedResultByTypeInNegativeCase" time="0"/>
  <testcase classname="javaslang.control.MatchMonadTest" name="shouldConsumeOnlyFirstMatchingCase" time="0.003"/>
  <testcase classname="javaslang.control.MatchMonadTest" name="shouldApplyThenSupplierWhenMatched" time="0"/>
  <testcase classname="javaslang.control.MatchMonadTest" name="shouldHandleOtherwiseSupplierOfMatched" time="0.001"/>
  <testcase classname="javaslang.control.MatchMonadTest" name="shouldHandleOtherwiseValueOfMatched" time="0"/>
  <testcase classname="javaslang.control.MatchMonadTest" name="shouldMatchIntByValueIn" time="0"/>
  <testcase classname="javaslang.control.MatchMonadTest" name="shouldRunOnlyFirstMatchingCase" time="0.001"/>
  <testcase classname="javaslang.control.MatchMonadTest" name="shouldTransportUnmatchedValueIn" time="0"/>
  <testcase classname="javaslang.control.MatchMonadTest" name="shouldMatchSubTypeByTypeIn" time="0"/>
  <testcase classname="javaslang.control.MatchMonadTest" name="shouldHandleOtherwiseValueOfUnmatched" time="0"/>
  <testcase classname="javaslang.control.MatchMonadTest" name="shouldMatchTypedResultByType" time="0"/>
  <testcase classname="javaslang.control.MatchMonadTest" name="shouldMatchSubTypeByValueIn" time="0"/>
  <testcase classname="javaslang.control.MatchMonadTest" name="shouldTransportMatchedPredicate" time="0.001"/>
  <testcase classname="javaslang.control.MatchMonadTest" name="shouldMatchOrElseByTypeIn" time="0.001"/>
  <testcase classname="javaslang.control.MatchMonadTest" name="shouldTransportMatchedType" time="0"/>
  <testcase classname="javaslang.control.MatchMonadTest" name="shouldFlatMapOtherwise" time="0"/>
  <testcase classname="javaslang.control.MatchMonadTest" name="shouldFilterThen" time="0.002"/>
  <testcase classname="javaslang.control.MatchMonadTest" name="shouldMatchTypedResultByTypeIn" time="0"/>
  <testcase classname="javaslang.control.MatchMonadTest" name="shouldNotRunOtherwiseCaseWhenMatchingCaseFound" time="0"/>
  <testcase classname="javaslang.control.MatchMonadTest" name="shouldFlatMapUnmatched" time="0.001"/>
  <testcase classname="javaslang.control.MatchMonadTest" name="shouldMatchTypedResultByValueNegativeCase" time="0"/>
  <testcase classname="javaslang.control.MatchMonadTest" name="shouldHandleOtherwiseFunctionOfMatched" time="0.001"/>
  <testcase classname="javaslang.control.MatchMonadTest" name="shouldTransportUnmatchedValue" time="0"/>
  <testcase classname="javaslang.control.MatchMonadTest" name="shouldNotApplyThenValueWhenUnmatched" time="0"/>
  <testcase classname="javaslang.control.MatchMonadTest" name="shouldHandleOtherwiseSupplierOfUnmatched" time="0.001"/>
  <testcase classname="javaslang.control.MatchMonadTest" name="shouldTransportUnmatchedTypeIn" time="0"/>
  <testcase classname="javaslang.control.MatchMonadTest" name="shouldTransportMatchedFunction" time="0.001"/>
  <testcase classname="javaslang.control.MatchMonadTest" name="shouldFlatMapMatched" time="0"/>
  <testcase classname="javaslang.control.MatchMonadTest" name="shouldTransportUnmatchedFunction" time="0.001"/>
  <testcase classname="javaslang.control.MatchMonadTest" name="shouldThrowWhenMatchNullByType" time="0"/>
  <testcase classname="javaslang.control.MatchMonadTest" name="shouldUseOrElseToReturnAlternateValueWithMatched" time="0.001"/>
  <testcase classname="javaslang.control.MatchMonadTest" name="shouldSuccessFilterOtherwise" time="0"/>
  <testcase classname="javaslang.control.MatchMonadTest" name="shouldMatchTypedResultByValue" time="0"/>
  <testcase classname="javaslang.control.MatchMonadTest" name="shouldThrowLate" time="0.001"/>
  <testcase classname="javaslang.control.MatchMonadTest" name="shouldThrowWhenMatchNullByFunction" time="0"/>
  <testcase classname="javaslang.control.MatchMonadTest" name="shouldMatchOddIntWithOrElseHavingUnmatchedPredicates" time="0.001"/>
</testsuite>