<?xml version="1.0" encoding="UTF-8"?>
<!-- Generated by org.testng.reporters.JUnitReportReporter -->
<testsuite hostname="travis-job-042c8728-ff1b-4eb4-b0a4-16941c0c4450" name="quickdt.predictiveModels.downsamplingPredictiveModel.DownsamplingPredictiveModelBuilderTest" tests="2" failures="0" timestamp="28 Jun 2019 20:46:42 GMT" time="0.455" errors="0">
  <testcase name="simpleTest" time="0.017" classname="quickdt.predictiveModels.downsamplingPredictiveModel.DownsamplingPredictiveModelBuilderTest"/>
  <testcase name="simpleBmiTest" time="0.438" classname="quickdt.predictiveModels.downsamplingPredictiveModel.DownsamplingPredictiveModelBuilderTest"/>
</testsuite> <!-- quickdt.predictiveModels.downsamplingPredictiveModel.DownsamplingPredictiveModelBuilderTest -->
