<?xml version="1.0" encoding="UTF-8"?>
<!-- Generated by org.testng.reporters.JUnitReportReporter -->
<testsuite hostname="travis-job-042c8728-ff1b-4eb4-b0a4-16941c0c4450" name="quickdt.predictiveModels.featureEngineering.enrichStrategies.probabilityInjector.ProbabilityEnrichStrategyTest" tests="1" failures="0" timestamp="28 Jun 2019 20:46:42 GMT" time="0.001" errors="0">
  <testcase name="testCreateAttributesEnricher" time="0.001" classname="quickdt.predictiveModels.featureEngineering.enrichStrategies.probabilityInjector.ProbabilityEnrichStrategyTest"/>
</testsuite> <!-- quickdt.predictiveModels.featureEngineering.enrichStrategies.probabilityInjector.ProbabilityEnrichStrategyTest -->
