<?xml version="1.0" encoding="UTF-8"?>
<!-- Generated by org.testng.reporters.JUnitReportReporter -->
<testsuite hostname="travis-job-042c8728-ff1b-4eb4-b0a4-16941c0c4450" name="quickdt.ClassificationCounterTest" tests="3" failures="0" timestamp="28 Jun 2019 20:46:42 GMT" time="0.000" errors="0">
  <testcase name="testAdd" time="0.000" classname="quickdt.ClassificationCounterTest"/>
  <testcase name="testSubtract" time="0.000" classname="quickdt.ClassificationCounterTest"/>
  <testcase name="testMerge" time="0.000" classname="quickdt.ClassificationCounterTest"/>
</testsuite> <!-- quickdt.ClassificationCounterTest -->
