<?xml version="1.0" encoding="UTF-8"?>
<!-- Generated by org.testng.reporters.JUnitReportReporter -->
<testsuite hostname="travis-job-042c8728-ff1b-4eb4-b0a4-16941c0c4450" name="quickdt.predictiveModels.decisionTree.TreeBuilderTest" tests="4" failures="0" timestamp="28 Jun 2019 20:46:42 GMT" time="0.742" errors="0">
  <testcase name="simpleBmiTestNoSplit" time="0.131" classname="quickdt.predictiveModels.decisionTree.TreeBuilderTest"/>
  <testcase name="simpleBmiTestSplit" time="0.144" classname="quickdt.predictiveModels.decisionTree.TreeBuilderTest"/>
  <testcase name="simpleBmiTest" time="0.126" classname="quickdt.predictiveModels.decisionTree.TreeBuilderTest"/>
  <testcase name="simpleBmiTestRebuild" time="0.341" classname="quickdt.predictiveModels.decisionTree.TreeBuilderTest"/>
</testsuite> <!-- quickdt.predictiveModels.decisionTree.TreeBuilderTest -->
