<?xml version="1.0" encoding="UTF-8"?>
<!-- Generated by org.testng.reporters.JUnitReportReporter -->
<testsuite hostname="travis-job-042c8728-ff1b-4eb4-b0a4-16941c0c4450" name="quickdt.crossValidation.WeightedAUCCrossValLossTest" tests="7" failures="0" timestamp="28 Jun 2019 20:46:43 GMT" time="0.204" errors="0">
  <testcase name="testGetTotalLoss" time="0.016" classname="quickdt.crossValidation.WeightedAUCCrossValLossTest"/>
  <testcase name="testAgainstMahout" time="0.181" classname="quickdt.crossValidation.WeightedAUCCrossValLossTest"/>
  <testcase name="testOnlySupportBinaryClassifications" time="0.005" classname="quickdt.crossValidation.WeightedAUCCrossValLossTest"/>
  <testcase name="testGetAUCPoint" time="0.000" classname="quickdt.crossValidation.WeightedAUCCrossValLossTest"/>
  <testcase name="testSortDataByProbability" time="0.001" classname="quickdt.crossValidation.WeightedAUCCrossValLossTest"/>
  <testcase name="testGetAucPointsFromData" time="0.000" classname="quickdt.crossValidation.WeightedAUCCrossValLossTest"/>
  <testcase name="testTotalLossNoData" time="0.001" classname="quickdt.crossValidation.WeightedAUCCrossValLossTest"/>
</testsuite> <!-- quickdt.crossValidation.WeightedAUCCrossValLossTest -->
